#
# There is insufficient memory for the Java Runtime Environment to continue.
# Native memory allocation (malloc) failed to allocate 1048576 bytes. Error detail: AllocateHeap
# Possible reasons:
#   The system is out of physical RAM or swap space
#   This process is running with CompressedOops enabled, and the Java Heap may be blocking the growth of the native heap
# Possible solutions:
#   Reduce memory load on the system
#   Increase physical memory or swap space
#   Check if swap backing store is full
#   Decrease Java heap size (-Xmx/-Xms)
#   Decrease number of Java threads
#   Decrease Java thread stack sizes (-Xss)
#   Set larger code cache with -XX:ReservedCodeCacheSize=
#   JVM is running with Unscaled Compressed Oops mode in which the Java heap is
#     placed in the first 4GB address space. The Java Heap base address is the
#     maximum limit for the native heap growth. Please use -XX:HeapBaseMinAddress
#     to set the Java Heap base and to place the Java Heap above 4GB virtual address.
# This output file may be truncated or incomplete.
#
#  Out of Memory Error (allocation.cpp:44), pid=21332, tid=22756
#
# JRE version: OpenJDK Runtime Environment Temurin-21.0.9+10 (21.0.9+10) (build 21.0.9+10-LTS)
# Java VM: OpenJDK 64-Bit Server VM Temurin-21.0.9+10 (21.0.9+10-LTS, mixed mode, sharing, tiered, compressed oops, compressed class ptrs, parallel gc, windows-amd64)
# No core dump will be written. Minidumps are not enabled by default on client versions of Windows
#

---------------  S U M M A R Y ------------

Command Line: --add-modules=ALL-SYSTEM --add-opens=java.base/java.util=ALL-UNNAMED --add-opens=java.base/java.lang=ALL-UNNAMED --add-opens=java.base/sun.nio.fs=ALL-UNNAMED -Declipse.application=org.eclipse.jdt.ls.core.id1 -Dosgi.bundles.defaultStartLevel=4 -Declipse.product=org.eclipse.jdt.ls.core.product -Djava.import.generatesMetadataFilesAtProjectRoot=false -DDetectVMInstallationsJob.disabled=true -Dfile.encoding=utf8 -XX:+UseParallelGC -XX:GCTimeRatio=4 -XX:AdaptiveSizePolicyWeight=90 -Dsun.zip.disableMemoryMapping=true -Xmx2G -Xms100m -Xlog:disable -javaagent:c:\Users\Admin\.vscode\extensions\redhat.java-1.50.0-win32-x64\lombok\lombok-1.18.39-4050.jar -XX:+HeapDumpOnOutOfMemoryError -XX:HeapDumpPath=c:\Users\Admin\AppData\Roaming\Code\User\workspaceStorage\a23788f5b74dcf48517ce5fa43faa16f\redhat.java -Daether.dependencyCollector.impl=bf c:\Users\Admin\.vscode\extensions\redhat.java-1.50.0-win32-x64\server\plugins\org.eclipse.equinox.launcher_1.7.100.v20251111-0406.jar -configuration c:\Users\Admin\AppData\Roaming\Code\User\globalStorage\redhat.java\1.50.0\config_win -data c:\Users\Admin\AppData\Roaming\Code\User\workspaceStorage\a23788f5b74dcf48517ce5fa43faa16f\redhat.java\jdt_ws --pipe=\\.\pipe\lsp-5351f23838e814e69848df6fdbe55f65-sock

Host: 11th Gen Intel(R) Core(TM) i5-11400H @ 2.70GHz, 12 cores, 7G,  Windows 11 , 64 bit Build 22621 (10.0.22621.5415)
Time: Thu Jan  1 22:10:00 2026 SE Asia Standard Time elapsed time: 16.307263 seconds (0d 0h 0m 16s)

---------------  T H R E A D  ---------------

Current thread (0x000001dff4ebb8c0):  JavaThread "Attach Listener" daemon [_thread_in_vm, id=22756, stack(0x00000094e3a00000,0x00000094e3b00000) (1024K)]

Stack: [0x00000094e3a00000,0x00000094e3b00000]
Native frames: (J=compiled Java code, j=interpreted, Vv=VM code, C=native code)
V  [jvm.dll+0x6d6e29]
V  [jvm.dll+0x8b4b76]
V  [jvm.dll+0x8b712e]
V  [jvm.dll+0x8b7813]
V  [jvm.dll+0x283d86]
V  [jvm.dll+0xc1277]
V  [jvm.dll+0x6d76d9]
V  [jvm.dll+0x133466]
V  [jvm.dll+0x3f7ea6]
V  [jvm.dll+0x85e9ad]
V  [jvm.dll+0x6d565d]
C  [ucrtbase.dll+0x29333]
C  [KERNEL32.DLL+0x1259d]
C  [ntdll.dll+0x5af78]


---------------  P R O C E S S  ---------------

Threads class SMR info:
_java_thread_list=0x000001dfe7dc9e50, length=86, elements={
0x000001dff29cff20, 0x000001dff4eb93a0, 0x000001dff4dbd290, 0x000001dff4eba9b0,
0x000001dff4ebb8c0, 0x000001dff4ebd120, 0x000001dff4ebf940, 0x000001dff4ecbc50,
0x000001dff4ece700, 0x000001dffdd3d150, 0x000001dffdd3f220, 0x000001dffdd3eb90,
0x000001dffdd3f8b0, 0x000001dffdd3cac0, 0x000001dffdd3d7e0, 0x000001dffdd3de70,
0x000001dffdd3e500, 0x000001dfd451b7a0, 0x000001dfd45196d0, 0x000001dfd4514ea0,
0x000001dfd451be30, 0x000001dfd4517c90, 0x000001dfd45189b0, 0x000001dfd451c4c0,
0x000001dfd4517600, 0x000001dfd4515530, 0x000001dfd45168e0, 0x000001dfd4518320,
0x000001dfd4519d60, 0x000001dfd451b110, 0x000001dfd4515bc0, 0x000001dfd451a3f0,
0x000001dfd451aa80, 0x000001dfd4516250, 0x000001dfd5fa5620, 0x000001dfd5fa6340,
0x000001dfd5fa69d0, 0x000001dfd5fa0760, 0x000001dfd5fa1b10, 0x000001dfd5fa4270,
0x000001dfd5fa1480, 0x000001dfd5fa2ec0, 0x000001dfd5fa21a0, 0x000001dfd5fa3550,
0x000001dfd5fa7060, 0x000001dfd5fa2830, 0x000001dfd5fa4900, 0x000001dfd5fa3be0,
0x000001dfd5fa4f90, 0x000001dfd5fa5cb0, 0x000001dfd5fa00d0, 0x000001dfd5fa76f0,
0x000001dfd5fa0df0, 0x000001dfd6a06840, 0x000001dfd6a05490, 0x000001dfd6a04770,
0x000001dfd6a04e00, 0x000001dfd6a05b20, 0x000001dfd6a005d0, 0x000001dfd6a061b0,
0x000001dfd6a012f0, 0x000001dfd6a02d30, 0x000001dfd6a01980, 0x000001dfd6a02010,
0x000001dfd6a026a0, 0x000001dfd6a06ed0, 0x000001dfd6a033c0, 0x000001dfd6a07bf0,
0x000001dfd6a07560, 0x000001dfd6a040e0, 0x000001dfd6a00c60, 0x000001dfd5f10700,
0x000001dfd5f127d0, 0x000001dfd5f14f30, 0x000001dfd5f10070, 0x000001dfd5f11420,
0x000001dfd5f148a0, 0x000001dfd5f0f350, 0x000001dfd5f155c0, 0x000001dfd5f12140,
0x000001dfd5f0f9e0, 0x000001dfd5f12e60, 0x000001dfd5f134f0, 0x000001dfd5f13b80,
0x000001dfd5f14210, 0x000001dfe7d8e960
}

Java Threads: ( => current thread )
  0x000001dff29cff20 JavaThread "main"                              [_thread_blocked, id=3812, stack(0x00000094e3300000,0x00000094e3400000) (1024K)]
  0x000001dff4eb93a0 JavaThread "Reference Handler"          daemon [_thread_blocked, id=19972, stack(0x00000094e3700000,0x00000094e3800000) (1024K)]
  0x000001dff4dbd290 JavaThread "Finalizer"                  daemon [_thread_blocked, id=5544, stack(0x00000094e3800000,0x00000094e3900000) (1024K)]
  0x000001dff4eba9b0 JavaThread "Signal Dispatcher"          daemon [_thread_blocked, id=18900, stack(0x00000094e3900000,0x00000094e3a00000) (1024K)]
=>0x000001dff4ebb8c0 JavaThread "Attach Listener"            daemon [_thread_in_vm, id=22756, stack(0x00000094e3a00000,0x00000094e3b00000) (1024K)]
  0x000001dff4ebd120 JavaThread "Service Thread"             daemon [_thread_blocked, id=17648, stack(0x00000094e3b00000,0x00000094e3c00000) (1024K)]
  0x000001dff4ebf940 JavaThread "Monitor Deflation Thread"   daemon [_thread_blocked, id=8824, stack(0x00000094e3c00000,0x00000094e3d00000) (1024K)]
  0x000001dff4ecbc50 JavaThread "C2 CompilerThread0"         daemon [_thread_blocked, id=21676, stack(0x00000094e3d00000,0x00000094e3e00000) (1024K)]
  0x000001dff4ece700 JavaThread "C1 CompilerThread0"         daemon [_thread_blocked, id=23444, stack(0x00000094e3e00000,0x00000094e3f00000) (1024K)]
  0x000001dffdd3d150 JavaThread "Common-Cleaner"             daemon [_thread_blocked, id=22860, stack(0x00000094e4000000,0x00000094e4100000) (1024K)]
  0x000001dffdd3f220 JavaThread "Notification Thread"        daemon [_thread_blocked, id=23300, stack(0x00000094e4100000,0x00000094e4200000) (1024K)]
  0x000001dffdd3eb90 JavaThread "Active Thread: Equinox Container: fc7efc3c-fee7-48a6-8d74-7862467a725b"        [_thread_blocked, id=17628, stack(0x00000094e4800000,0x00000094e4900000) (1024K)]
  0x000001dffdd3f8b0 JavaThread "Refresh Thread: Equinox Container: fc7efc3c-fee7-48a6-8d74-7862467a725b" daemon [_thread_blocked, id=18968, stack(0x00000094e4900000,0x00000094e4a00000) (1024K)]
  0x000001dffdd3cac0 JavaThread "Framework Event Dispatcher: Equinox Container: fc7efc3c-fee7-48a6-8d74-7862467a725b" daemon [_thread_blocked, id=16660, stack(0x00000094e4b00000,0x00000094e4c00000) (1024K)]
  0x000001dffdd3d7e0 JavaThread "Start Level: Equinox Container: fc7efc3c-fee7-48a6-8d74-7862467a725b" daemon [_thread_blocked, id=13296, stack(0x00000094e4c00000,0x00000094e4d00000) (1024K)]
  0x000001dffdd3de70 JavaThread "Bundle File Closer"         daemon [_thread_blocked, id=17108, stack(0x00000094e4f00000,0x00000094e5000000) (1024K)]
  0x000001dffdd3e500 JavaThread "SCR Component Actor"        daemon [_thread_blocked, id=17224, stack(0x00000094e5000000,0x00000094e5100000) (1024K)]
  0x000001dfd451b7a0 JavaThread "Worker-JM"                         [_thread_blocked, id=9400, stack(0x00000094e5100000,0x00000094e5200000) (1024K)]
  0x000001dfd45196d0 JavaThread "JNA Cleaner"                daemon [_thread_blocked, id=16808, stack(0x00000094e3f00000,0x00000094e4000000) (1024K)]
  0x000001dfd4514ea0 JavaThread "Worker-0"                          [_thread_blocked, id=23060, stack(0x00000094e5200000,0x00000094e5300000) (1024K)]
  0x000001dfd451be30 JavaThread "Worker-1"                          [_thread_blocked, id=20772, stack(0x00000094e5300000,0x00000094e5400000) (1024K)]
  0x000001dfd4517c90 JavaThread "Worker-2"                          [_thread_blocked, id=21032, stack(0x00000094e5400000,0x00000094e5500000) (1024K)]
  0x000001dfd45189b0 JavaThread "Java indexing"              daemon [_thread_blocked, id=16056, stack(0x00000094e5500000,0x00000094e5600000) (1024K)]
  0x000001dfd451c4c0 JavaThread "Worker-3"                          [_thread_blocked, id=16160, stack(0x00000094e5600000,0x00000094e5700000) (1024K)]
  0x000001dfd4517600 JavaThread "Thread-1"                   daemon [_thread_in_native, id=19152, stack(0x00000094e5700000,0x00000094e5800000) (1024K)]
  0x000001dfd4515530 JavaThread "Thread-2"                   daemon [_thread_in_native, id=16368, stack(0x00000094e5800000,0x00000094e5900000) (1024K)]
  0x000001dfd45168e0 JavaThread "Thread-3"                   daemon [_thread_in_native, id=16564, stack(0x00000094e5900000,0x00000094e5a00000) (1024K)]
  0x000001dfd4518320 JavaThread "Thread-4"                   daemon [_thread_in_native, id=15944, stack(0x00000094e5a00000,0x00000094e5b00000) (1024K)]
  0x000001dfd4519d60 JavaThread "Thread-5"                   daemon [_thread_in_native, id=17484, stack(0x00000094e5b00000,0x00000094e5c00000) (1024K)]
  0x000001dfd451b110 JavaThread "Thread-6"                   daemon [_thread_in_native, id=23104, stack(0x00000094e5c00000,0x00000094e5d00000) (1024K)]
  0x000001dfd4515bc0 JavaThread "Thread-7"                   daemon [_thread_in_native, id=22244, stack(0x00000094e5d00000,0x00000094e5e00000) (1024K)]
  0x000001dfd451a3f0 JavaThread "Thread-8"                   daemon [_thread_in_native, id=17496, stack(0x00000094e5e00000,0x00000094e5f00000) (1024K)]
  0x000001dfd451aa80 JavaThread "Thread-9"                   daemon [_thread_in_native, id=4272, stack(0x00000094e5f00000,0x00000094e6000000) (1024K)]
  0x000001dfd4516250 JavaThread "Thread-10"                  daemon [_thread_in_native, id=2856, stack(0x00000094e6000000,0x00000094e6100000) (1024K)]
  0x000001dfd5fa5620 JavaThread "Thread-11"                  daemon [_thread_in_native, id=23040, stack(0x00000094e6100000,0x00000094e6200000) (1024K)]
  0x000001dfd5fa6340 JavaThread "Thread-12"                  daemon [_thread_in_native, id=21556, stack(0x00000094e6200000,0x00000094e6300000) (1024K)]
  0x000001dfd5fa69d0 JavaThread "Thread-13"                  daemon [_thread_in_native, id=2588, stack(0x00000094e6300000,0x00000094e6400000) (1024K)]
  0x000001dfd5fa0760 JavaThread "pool-2-thread-1"                   [_thread_blocked, id=10132, stack(0x00000094e6400000,0x00000094e6500000) (1024K)]
  0x000001dfd5fa1b10 JavaThread "WorkspaceEventsHandler"            [_thread_blocked, id=14424, stack(0x00000094e6500000,0x00000094e6600000) (1024K)]
  0x000001dfd5fa4270 JavaThread "pool-1-thread-1"                   [_thread_blocked, id=19084, stack(0x00000094e6600000,0x00000094e6700000) (1024K)]
  0x000001dfd5fa1480 JavaThread "Worker-4"                          [_thread_blocked, id=18220, stack(0x00000094e6700000,0x00000094e6800000) (1024K)]
  0x000001dfd5fa2ec0 JavaThread "LocalFile Deleter"          daemon [_thread_blocked, id=21932, stack(0x00000094e6800000,0x00000094e6900000) (1024K)]
  0x000001dfd5fa21a0 JavaThread "LocalFile Deleter"          daemon [_thread_blocked, id=23388, stack(0x00000094e6900000,0x00000094e6a00000) (1024K)]
  0x000001dfd5fa3550 JavaThread "LocalFile Deleter"          daemon [_thread_blocked, id=22856, stack(0x00000094e6a00000,0x00000094e6b00000) (1024K)]
  0x000001dfd5fa7060 JavaThread "LocalFile Deleter"          daemon [_thread_blocked, id=21860, stack(0x00000094e6b00000,0x00000094e6c00000) (1024K)]
  0x000001dfd5fa2830 JavaThread "LocalFile Deleter"          daemon [_thread_blocked, id=17396, stack(0x00000094e6c00000,0x00000094e6d00000) (1024K)]
  0x000001dfd5fa4900 JavaThread "LocalFile Deleter"          daemon [_thread_blocked, id=15568, stack(0x00000094e6d00000,0x00000094e6e00000) (1024K)]
  0x000001dfd5fa3be0 JavaThread "Compiler Source File Reader" daemon [_thread_blocked, id=22812, stack(0x00000094e6e00000,0x00000094e6f00000) (1024K)]
  0x000001dfd5fa4f90 JavaThread "Compiler Source File Reader" daemon [_thread_blocked, id=23196, stack(0x00000094e6f00000,0x00000094e7000000) (1024K)]
  0x000001dfd5fa5cb0 JavaThread "Compiler Source File Reader" daemon [_thread_blocked, id=9288, stack(0x00000094e7000000,0x00000094e7100000) (1024K)]
  0x000001dfd5fa00d0 JavaThread "Compiler Processing Task"   daemon [_thread_blocked, id=16700, stack(0x00000094e7100000,0x00000094e7200000) (1024K)]
  0x000001dfd5fa76f0 JavaThread "Compiler Class File Writer" daemon [_thread_blocked, id=21956, stack(0x00000094e7200000,0x00000094e7300000) (1024K)]
  0x000001dfd5fa0df0 JavaThread "Compiler Class File Writer" daemon [_thread_blocked, id=9100, stack(0x00000094e7300000,0x00000094e7400000) (1024K)]
  0x000001dfd6a06840 JavaThread "Compiler Class File Writer" daemon [_thread_blocked, id=13348, stack(0x00000094e7400000,0x00000094e7500000) (1024K)]
  0x000001dfd6a05490 JavaThread "LocalFile Deleter"          daemon [_thread_blocked, id=22196, stack(0x00000094e7500000,0x00000094e7600000) (1024K)]
  0x000001dfd6a04770 JavaThread "LocalFile Deleter"          daemon [_thread_blocked, id=15280, stack(0x00000094e7600000,0x00000094e7700000) (1024K)]
  0x000001dfd6a04e00 JavaThread "LocalFile Deleter"          daemon [_thread_blocked, id=22920, stack(0x00000094e7700000,0x00000094e7800000) (1024K)]
  0x000001dfd6a05b20 JavaThread "LocalFile Deleter"          daemon [_thread_blocked, id=22872, stack(0x00000094e7800000,0x00000094e7900000) (1024K)]
  0x000001dfd6a005d0 JavaThread "LocalFile Deleter"          daemon [_thread_blocked, id=16932, stack(0x00000094e7900000,0x00000094e7a00000) (1024K)]
  0x000001dfd6a061b0 JavaThread "LocalFile Deleter"          daemon [_thread_blocked, id=20664, stack(0x00000094e7a00000,0x00000094e7b00000) (1024K)]
  0x000001dfd6a012f0 JavaThread "Compiler Source File Reader" daemon [_thread_blocked, id=8440, stack(0x00000094e7b00000,0x00000094e7c00000) (1024K)]
  0x000001dfd6a02d30 JavaThread "Compiler Source File Reader" daemon [_thread_blocked, id=2960, stack(0x00000094e7c00000,0x00000094e7d00000) (1024K)]
  0x000001dfd6a01980 JavaThread "Compiler Source File Reader" daemon [_thread_blocked, id=21428, stack(0x00000094e7d00000,0x00000094e7e00000) (1024K)]
  0x000001dfd6a02010 JavaThread "Compiler Source File Reader" daemon [_thread_blocked, id=4436, stack(0x00000094e7e00000,0x00000094e7f00000) (1024K)]
  0x000001dfd6a026a0 JavaThread "Compiler Source File Reader" daemon [_thread_blocked, id=21400, stack(0x00000094e7f00000,0x00000094e8000000) (1024K)]
  0x000001dfd6a06ed0 JavaThread "Compiler Source File Reader" daemon [_thread_blocked, id=15276, stack(0x00000094e8000000,0x00000094e8100000) (1024K)]
  0x000001dfd6a033c0 JavaThread "Compiler Source File Reader" daemon [_thread_blocked, id=10048, stack(0x00000094e8100000,0x00000094e8200000) (1024K)]
  0x000001dfd6a07bf0 JavaThread "ForkJoinPool.commonPool-worker-1" daemon [_thread_blocked, id=4596, stack(0x00000094e8200000,0x00000094e8300000) (1024K)]
  0x000001dfd6a07560 JavaThread "Compiler Class File Writer" daemon [_thread_blocked, id=17068, stack(0x00000094e8300000,0x00000094e8400000) (1024K)]
  0x000001dfd6a040e0 JavaThread "Compiler Class File Writer" daemon [_thread_blocked, id=22072, stack(0x00000094e8400000,0x00000094e8500000) (1024K)]
  0x000001dfd6a00c60 JavaThread "Compiler Class File Writer" daemon [_thread_blocked, id=18960, stack(0x00000094e8500000,0x00000094e8600000) (1024K)]
  0x000001dfd5f10700 JavaThread "Compiler Class File Writer" daemon [_thread_blocked, id=7260, stack(0x00000094e8600000,0x00000094e8700000) (1024K)]
  0x000001dfd5f127d0 JavaThread "Compiler Class File Writer" daemon [_thread_blocked, id=21728, stack(0x00000094e8700000,0x00000094e8800000) (1024K)]
  0x000001dfd5f14f30 JavaThread "Compiler Class File Writer" daemon [_thread_blocked, id=17568, stack(0x00000094e8800000,0x00000094e8900000) (1024K)]
  0x000001dfd5f10070 JavaThread "Compiler Class File Writer" daemon [_thread_blocked, id=18752, stack(0x00000094e8900000,0x00000094e8a00000) (1024K)]
  0x000001dfd5f11420 JavaThread "ForkJoinPool.commonPool-worker-2" daemon [_thread_blocked, id=22876, stack(0x00000094e8b00000,0x00000094e8c00000) (1024K)]
  0x000001dfd5f148a0 JavaThread "ForkJoinPool.commonPool-worker-3" daemon [_thread_blocked, id=16760, stack(0x00000094e8c00000,0x00000094e8d00000) (1024K)]
  0x000001dfd5f0f350 JavaThread "ForkJoinPool.commonPool-worker-4" daemon [_thread_blocked, id=19036, stack(0x00000094e8d00000,0x00000094e8e00000) (1024K)]
  0x000001dfd5f155c0 JavaThread "ForkJoinPool.commonPool-worker-5" daemon [_thread_blocked, id=7756, stack(0x00000094e8e00000,0x00000094e8f00000) (1024K)]
  0x000001dfd5f12140 JavaThread "ForkJoinPool.commonPool-worker-6" daemon [_thread_blocked, id=13888, stack(0x00000094e8f00000,0x00000094e9000000) (1024K)]
  0x000001dfd5f0f9e0 JavaThread "ForkJoinPool.commonPool-worker-7" daemon [_thread_blocked, id=22712, stack(0x00000094e9000000,0x00000094e9100000) (1024K)]
  0x000001dfd5f12e60 JavaThread "ForkJoinPool.commonPool-worker-8" daemon [_thread_blocked, id=22928, stack(0x00000094e9100000,0x00000094e9200000) (1024K)]
  0x000001dfd5f134f0 JavaThread "ForkJoinPool.commonPool-worker-9" daemon [_thread_blocked, id=5156, stack(0x00000094e9200000,0x00000094e9300000) (1024K)]
  0x000001dfd5f13b80 JavaThread "ForkJoinPool.commonPool-worker-10" daemon [_thread_blocked, id=17312, stack(0x00000094e9300000,0x00000094e9400000) (1024K)]
  0x000001dfd5f14210 JavaThread "ForkJoinPool.commonPool-worker-11" daemon [_thread_blocked, id=17136, stack(0x00000094e9400000,0x00000094e9500000) (1024K)]
  0x000001dfe7d8e960 JavaThread "Cleaner-0"                  daemon [_thread_blocked, id=9440, stack(0x00000094e9500000,0x00000094e9600000) (1024K)]
Total: 86

Other Threads:
  0x000001dffdb20e40 VMThread "VM Thread"                           [id=16752, stack(0x00000094e3600000,0x00000094e3700000) (1024K)]
  0x000001dff4e81020 WatcherThread "VM Periodic Task Thread"        [id=16156, stack(0x00000094e3500000,0x00000094e3600000) (1024K)]
  0x000001dff4e35910 WorkerThread "GC Thread#0"                     [id=12104, stack(0x00000094e3400000,0x00000094e3500000) (1024K)]
  0x000001dfff18b220 WorkerThread "GC Thread#1"                     [id=22816, stack(0x00000094e4200000,0x00000094e4300000) (1024K)]
  0x000001dfff18b5c0 WorkerThread "GC Thread#2"                     [id=17444, stack(0x00000094e4300000,0x00000094e4400000) (1024K)]
  0x000001dfff18b960 WorkerThread "GC Thread#3"                     [id=22132, stack(0x00000094e4400000,0x00000094e4500000) (1024K)]
  0x000001dffeda7330 WorkerThread "GC Thread#4"                     [id=22616, stack(0x00000094e4500000,0x00000094e4600000) (1024K)]
  0x000001dffeda76d0 WorkerThread "GC Thread#5"                     [id=23084, stack(0x00000094e4600000,0x00000094e4700000) (1024K)]
  0x000001dffeda7a70 WorkerThread "GC Thread#6"                     [id=16584, stack(0x00000094e4700000,0x00000094e4800000) (1024K)]
  0x000001dfff241a00 WorkerThread "GC Thread#7"                     [id=9804, stack(0x00000094e4a00000,0x00000094e4b00000) (1024K)]
  0x000001dfd4080230 WorkerThread "GC Thread#8"                     [id=21464, stack(0x00000094e4d00000,0x00000094e4e00000) (1024K)]
  0x000001dfd40805d0 WorkerThread "GC Thread#9"                     [id=14680, stack(0x00000094e4e00000,0x00000094e4f00000) (1024K)]
Total: 12

Threads with active compile tasks:
Total: 0

VM state: not at safepoint (normal execution)

VM Mutex/Monitor currently owned by a thread: None

Heap address: 0x0000000080000000, size: 2048 MB, Compressed Oops mode: 32-bit

CDS archive(s) mapped at: [0x000001df8f000000-0x000001df8fba0000-0x000001df8fba0000), size 12189696, SharedBaseAddress: 0x000001df8f000000, ArchiveRelocationMode: 1.
Compressed class space mapped at: 0x000001df90000000-0x000001dfd0000000, reserved size: 1073741824
Narrow klass base: 0x000001df8f000000, Narrow klass shift: 0, Narrow klass range: 0x100000000

GC Precious Log:
 CardTable entry size: 512
 CPUs: 12 total, 12 available
 Memory: 7922M
 Large Page Support: Disabled
 NUMA Support: Disabled
 Compressed Oops: Enabled (32-bit)
 Alignments: Space 512K, Generation 512K, Heap 2M
 Heap Min Capacity: 100M
 Heap Initial Capacity: 100M
 Heap Max Capacity: 2G
 Pre-touch: Disabled
 Parallel Workers: 10

Heap:
 PSYoungGen      total 9728K, used 4124K [0x00000000d5580000, 0x00000000d6100000, 0x0000000100000000)
  eden space 8704K, 39% used [0x00000000d5580000,0x00000000d58d1838,0x00000000d5e00000)
  from space 1024K, 70% used [0x00000000d6000000,0x00000000d60b5808,0x00000000d6100000)
  to   space 1536K, 0% used [0x00000000d5e00000,0x00000000d5e00000,0x00000000d5f80000)
 ParOldGen       total 129536K, used 129066K [0x0000000080000000, 0x0000000087e80000, 0x00000000d5580000)
  object space 129536K, 99% used [0x0000000080000000,0x0000000087e0a940,0x0000000087e80000)
 Metaspace       used 71718K, committed 73344K, reserved 1114112K
  class space    used 7384K, committed 8064K, reserved 1048576K

Card table byte_map: [0x000001dff47b0000,0x000001dff4bc0000] _byte_map_base: 0x000001dff43b0000

Marking Bits: (ParMarkBitMap*) 0x00007ffc062a2460
 Begin Bits: [0x000001dff82c0000, 0x000001dffa2c0000)
 End Bits:   [0x000001dffa2c0000, 0x000001dffc2c0000)

Polling page: 0x000001dff2c30000

Metaspace:

Usage:
  Non-class:     62.83 MB used.
      Class:      7.21 MB used.
       Both:     70.04 MB used.

Virtual space:
  Non-class space:       64.00 MB reserved,      63.75 MB (>99%) committed,  1 nodes.
      Class space:        1.00 GB reserved,       7.88 MB ( <1%) committed,  1 nodes.
             Both:        1.06 GB reserved,      71.62 MB (  7%) committed. 

Chunk freelists:
   Non-Class:  304.00 KB
       Class:  8.07 MB
        Both:  8.36 MB

MaxMetaspaceSize: unlimited
CompressedClassSpaceSize: 1.00 GB
Initial GC threshold: 21.00 MB
Current GC threshold: 97.31 MB
CDS: on
 - commit_granule_bytes: 65536.
 - commit_granule_words: 8192.
 - virtual_space_node_default_size: 8388608.
 - enlarge_chunks_in_place: 1.
 - use_allocation_guard: 0.


Internal statistics:

num_allocs_failed_limit: 9.
num_arena_births: 1390.
num_arena_deaths: 14.
num_vsnodes_births: 2.
num_vsnodes_deaths: 0.
num_space_committed: 1146.
num_space_uncommitted: 0.
num_chunks_returned_to_freelist: 23.
num_chunks_taken_from_freelist: 4956.
num_chunk_merges: 14.
num_chunk_splits: 2986.
num_chunks_enlarged: 1575.
num_inconsistent_stats: 0.

CodeHeap 'non-profiled nmethods': size=120000Kb used=6830Kb max_used=6830Kb free=113169Kb
 bounds [0x000001df87ad0000, 0x000001df88180000, 0x000001df8f000000]
CodeHeap 'profiled nmethods': size=120000Kb used=30912Kb max_used=30912Kb free=89087Kb
 bounds [0x000001df80000000, 0x000001df81e40000, 0x000001df87530000]
CodeHeap 'non-nmethods': size=5760Kb used=1485Kb max_used=1546Kb free=4275Kb
 bounds [0x000001df87530000, 0x000001df877a0000, 0x000001df87ad0000]
CodeCache: size=245760Kb, used=39227Kb, max_used=39288Kb, free=206531Kb
 total_blobs=14904, nmethods=14111, adapters=696, full_count=0
Compilation: enabled, stopped_count=0, restarted_count=0

Compilation events (20 events):
Event: 15.711 Thread 0x000001dff4ece700 14801       3       java.net.URI::decode (376 bytes)
Event: 15.713 Thread 0x000001dff4ece700 nmethod 14801 0x000001df81e28e90 code [0x000001df81e29460, 0x000001df81e2c4f8]
Event: 15.714 Thread 0x000001dff4ece700 14810       3       java.lang.Long::toString (55 bytes)
Event: 15.714 Thread 0x000001dff4ece700 nmethod 14810 0x000001df81e2d810 code [0x000001df81e2d9e0, 0x000001df81e2dd20]
Event: 15.714 Thread 0x000001dff4ece700 14805       3       lombok.launch.PatchFixesHider$PatchFixes::isBlockedVisitorAndGenerated (59 bytes)
Event: 15.714 Thread 0x000001dff4ece700 nmethod 14805 0x000001df81e2de90 code [0x000001df81e2e0e0, 0x000001df81e2e6e8]
Event: 15.714 Thread 0x000001dff4ece700 14804       3       org.eclipse.jdt.core.dom.ASTVisitor::preVisit2 (7 bytes)
Event: 15.714 Thread 0x000001dff4ece700 nmethod 14804 0x000001df81e2e990 code [0x000001df81e2eb40, 0x000001df81e2ed28]
Event: 15.714 Thread 0x000001dff4ece700 14803       3       org.eclipse.jdt.internal.compiler.lookup.ReferenceBinding::isClass (15 bytes)
Event: 15.714 Thread 0x000001dff4ece700 nmethod 14803 0x000001df81e2ee10 code [0x000001df81e2efc0, 0x000001df81e2f138]
Event: 15.714 Thread 0x000001dff4ece700 14807       1       org.eclipse.jdt.ls.core.internal.semantictokens.SemanticTokensVisitor$SemanticToken::getTokenType (5 bytes)
Event: 15.714 Thread 0x000001dff4ece700 nmethod 14807 0x000001df8817ae90 code [0x000001df8817b020, 0x000001df8817b0e8]
Event: 15.714 Thread 0x000001dff4ece700 14808       1       org.eclipse.jdt.ls.core.internal.semantictokens.SemanticTokensVisitor$SemanticToken::getTokenModifiers (5 bytes)
Event: 15.714 Thread 0x000001dff4ece700 nmethod 14808 0x000001df8817b190 code [0x000001df8817b320, 0x000001df8817b3e8]
Event: 15.714 Thread 0x000001dff4ece700 14809       1       org.eclipse.jdt.ls.core.internal.semantictokens.SemanticTokensVisitor$SemanticToken::getLength (5 bytes)
Event: 15.714 Thread 0x000001dff4ece700 nmethod 14809 0x000001df8817b490 code [0x000001df8817b620, 0x000001df8817b6e8]
Event: 15.714 Thread 0x000001dff4ece700 14806       1       org.eclipse.jdt.core.dom.ASTNode::getLocationInParent (5 bytes)
Event: 15.714 Thread 0x000001dff4ece700 nmethod 14806 0x000001df8817b790 code [0x000001df8817b920, 0x000001df8817b9e8]
Event: 15.714 Thread 0x000001dff4ece700 14802       3       org.eclipse.jdt.internal.core.CompilationUnit::resource (37 bytes)
Event: 15.715 Thread 0x000001dff4ece700 nmethod 14802 0x000001df81e2f210 code [0x000001df81e2f440, 0x000001df81e2fe60]

GC Heap History (20 events):
Event: 13.150 GC heap before
{Heap before GC invocations=256 (full 3):
 PSYoungGen      total 10752K, used 10240K [0x00000000d5580000, 0x00000000d6200000, 0x0000000100000000)
  eden space 9216K, 100% used [0x00000000d5580000,0x00000000d5e80000,0x00000000d5e80000)
  from space 1536K, 66% used [0x00000000d6080000,0x00000000d6180020,0x00000000d6200000)
  to   space 1536K, 0% used [0x00000000d5f00000,0x00000000d5f00000,0x00000000d6080000)
 ParOldGen       total 123392K, used 123385K [0x0000000080000000, 0x0000000087880000, 0x00000000d5580000)
  object space 123392K, 99% used [0x0000000080000000,0x000000008787e628,0x0000000087880000)
 Metaspace       used 67648K, committed 69248K, reserved 1114112K
  class space    used 6997K, committed 7744K, reserved 1048576K
}
Event: 13.153 GC heap after
{Heap after GC invocations=256 (full 3):
 PSYoungGen      total 10752K, used 1532K [0x00000000d5580000, 0x00000000d6680000, 0x0000000100000000)
  eden space 9216K, 0% used [0x00000000d5580000,0x00000000d5580000,0x00000000d5e80000)
  from space 1536K, 99% used [0x00000000d5f00000,0x00000000d607f110,0x00000000d6080000)
  to   space 4096K, 0% used [0x00000000d6280000,0x00000000d6280000,0x00000000d6680000)
 ParOldGen       total 125440K, used 125277K [0x0000000080000000, 0x0000000087a80000, 0x00000000d5580000)
  object space 125440K, 99% used [0x0000000080000000,0x0000000087a576c0,0x0000000087a80000)
 Metaspace       used 67648K, committed 69248K, reserved 1114112K
  class space    used 6997K, committed 7744K, reserved 1048576K
}
Event: 13.179 GC heap before
{Heap before GC invocations=257 (full 3):
 PSYoungGen      total 10752K, used 10748K [0x00000000d5580000, 0x00000000d6680000, 0x0000000100000000)
  eden space 9216K, 100% used [0x00000000d5580000,0x00000000d5e80000,0x00000000d5e80000)
  from space 1536K, 99% used [0x00000000d5f00000,0x00000000d607f110,0x00000000d6080000)
  to   space 4096K, 0% used [0x00000000d6280000,0x00000000d6280000,0x00000000d6680000)
 ParOldGen       total 125440K, used 125277K [0x0000000080000000, 0x0000000087a80000, 0x00000000d5580000)
  object space 125440K, 99% used [0x0000000080000000,0x0000000087a576c0,0x0000000087a80000)
 Metaspace       used 67692K, committed 69312K, reserved 1114112K
  class space    used 6997K, committed 7744K, reserved 1048576K
}
Event: 13.182 GC heap after
{Heap after GC invocations=257 (full 3):
 PSYoungGen      total 10752K, used 1190K [0x00000000d5580000, 0x00000000d6400000, 0x0000000100000000)
  eden space 9216K, 0% used [0x00000000d5580000,0x00000000d5580000,0x00000000d5e80000)
  from space 1536K, 77% used [0x00000000d6280000,0x00000000d63a98b0,0x00000000d6400000)
  to   space 2048K, 0% used [0x00000000d6000000,0x00000000d6000000,0x00000000d6200000)
 ParOldGen       total 126976K, used 126684K [0x0000000080000000, 0x0000000087c00000, 0x00000000d5580000)
  object space 126976K, 99% used [0x0000000080000000,0x0000000087bb72d8,0x0000000087c00000)
 Metaspace       used 67692K, committed 69312K, reserved 1114112K
  class space    used 6997K, committed 7744K, reserved 1048576K
}
Event: 13.224 GC heap before
{Heap before GC invocations=258 (full 3):
 PSYoungGen      total 10752K, used 10406K [0x00000000d5580000, 0x00000000d6400000, 0x0000000100000000)
  eden space 9216K, 100% used [0x00000000d5580000,0x00000000d5e80000,0x00000000d5e80000)
  from space 1536K, 77% used [0x00000000d6280000,0x00000000d63a98b0,0x00000000d6400000)
  to   space 2048K, 0% used [0x00000000d6000000,0x00000000d6000000,0x00000000d6200000)
 ParOldGen       total 126976K, used 126684K [0x0000000080000000, 0x0000000087c00000, 0x00000000d5580000)
  object space 126976K, 99% used [0x0000000080000000,0x0000000087bb72d8,0x0000000087c00000)
 Metaspace       used 67728K, committed 69376K, reserved 1114112K
  class space    used 6998K, committed 7744K, reserved 1048576K
}
Event: 13.226 GC heap after
{Heap after GC invocations=258 (full 3):
 PSYoungGen      total 10752K, used 1182K [0x00000000d5580000, 0x00000000d6300000, 0x0000000100000000)
  eden space 9216K, 0% used [0x00000000d5580000,0x00000000d5580000,0x00000000d5e80000)
  from space 1536K, 76% used [0x00000000d6000000,0x00000000d6127aa0,0x00000000d6180000)
  to   space 1536K, 0% used [0x00000000d6180000,0x00000000d6180000,0x00000000d6300000)
 ParOldGen       total 127488K, used 127044K [0x0000000080000000, 0x0000000087c80000, 0x00000000d5580000)
  object space 127488K, 99% used [0x0000000080000000,0x0000000087c112f8,0x0000000087c80000)
 Metaspace       used 67728K, committed 69376K, reserved 1114112K
  class space    used 6998K, committed 7744K, reserved 1048576K
}
Event: 13.258 GC heap before
{Heap before GC invocations=259 (full 3):
 PSYoungGen      total 10752K, used 10398K [0x00000000d5580000, 0x00000000d6300000, 0x0000000100000000)
  eden space 9216K, 100% used [0x00000000d5580000,0x00000000d5e80000,0x00000000d5e80000)
  from space 1536K, 76% used [0x00000000d6000000,0x00000000d6127aa0,0x00000000d6180000)
  to   space 1536K, 0% used [0x00000000d6180000,0x00000000d6180000,0x00000000d6300000)
 ParOldGen       total 127488K, used 127044K [0x0000000080000000, 0x0000000087c80000, 0x00000000d5580000)
  object space 127488K, 99% used [0x0000000080000000,0x0000000087c112f8,0x0000000087c80000)
 Metaspace       used 67734K, committed 69376K, reserved 1114112K
  class space    used 6999K, committed 7744K, reserved 1048576K
}
Event: 13.260 GC heap after
{Heap after GC invocations=259 (full 3):
 PSYoungGen      total 10752K, used 1483K [0x00000000d5580000, 0x00000000d6300000, 0x0000000100000000)
  eden space 9216K, 0% used [0x00000000d5580000,0x00000000d5580000,0x00000000d5e80000)
  from space 1536K, 96% used [0x00000000d6180000,0x00000000d62f2db0,0x00000000d6300000)
  to   space 2048K, 0% used [0x00000000d5f00000,0x00000000d5f00000,0x00000000d6100000)
 ParOldGen       total 127488K, used 127121K [0x0000000080000000, 0x0000000087c80000, 0x00000000d5580000)
  object space 127488K, 99% used [0x0000000080000000,0x0000000087c24408,0x0000000087c80000)
 Metaspace       used 67734K, committed 69376K, reserved 1114112K
  class space    used 6999K, committed 7744K, reserved 1048576K
}
Event: 13.281 GC heap before
{Heap before GC invocations=260 (full 3):
 PSYoungGen      total 10752K, used 10699K [0x00000000d5580000, 0x00000000d6300000, 0x0000000100000000)
  eden space 9216K, 100% used [0x00000000d5580000,0x00000000d5e80000,0x00000000d5e80000)
  from space 1536K, 96% used [0x00000000d6180000,0x00000000d62f2db0,0x00000000d6300000)
  to   space 2048K, 0% used [0x00000000d5f00000,0x00000000d5f00000,0x00000000d6100000)
 ParOldGen       total 127488K, used 127121K [0x0000000080000000, 0x0000000087c80000, 0x00000000d5580000)
  object space 127488K, 99% used [0x0000000080000000,0x0000000087c24408,0x0000000087c80000)
 Metaspace       used 67751K, committed 69376K, reserved 1114112K
  class space    used 7000K, committed 7744K, reserved 1048576K
}
Event: 13.283 GC heap after
{Heap after GC invocations=260 (full 3):
 PSYoungGen      total 10752K, used 1473K [0x00000000d5580000, 0x00000000d6200000, 0x0000000100000000)
  eden space 9216K, 0% used [0x00000000d5580000,0x00000000d5580000,0x00000000d5e80000)
  from space 1536K, 95% used [0x00000000d5f00000,0x00000000d6070520,0x00000000d6080000)
  to   space 1536K, 0% used [0x00000000d6080000,0x00000000d6080000,0x00000000d6200000)
 ParOldGen       total 127488K, used 127193K [0x0000000080000000, 0x0000000087c80000, 0x00000000d5580000)
  object space 127488K, 99% used [0x0000000080000000,0x0000000087c36408,0x0000000087c80000)
 Metaspace       used 67751K, committed 69376K, reserved 1114112K
  class space    used 7000K, committed 7744K, reserved 1048576K
}
Event: 13.381 GC heap before
{Heap before GC invocations=261 (full 3):
 PSYoungGen      total 10752K, used 10689K [0x00000000d5580000, 0x00000000d6200000, 0x0000000100000000)
  eden space 9216K, 100% used [0x00000000d5580000,0x00000000d5e80000,0x00000000d5e80000)
  from space 1536K, 95% used [0x00000000d5f00000,0x00000000d6070520,0x00000000d6080000)
  to   space 1536K, 0% used [0x00000000d6080000,0x00000000d6080000,0x00000000d6200000)
 ParOldGen       total 127488K, used 127193K [0x0000000080000000, 0x0000000087c80000, 0x00000000d5580000)
  object space 127488K, 99% used [0x0000000080000000,0x0000000087c36408,0x0000000087c80000)
 Metaspace       used 68405K, committed 70016K, reserved 1114112K
  class space    used 7049K, committed 7744K, reserved 1048576K
}
Event: 13.384 GC heap after
{Heap after GC invocations=261 (full 3):
 PSYoungGen      total 9728K, used 304K [0x00000000d5580000, 0x00000000d6100000, 0x0000000100000000)
  eden space 9216K, 0% used [0x00000000d5580000,0x00000000d5580000,0x00000000d5e80000)
  from space 512K, 59% used [0x00000000d6080000,0x00000000d60cc010,0x00000000d6100000)
  to   space 1024K, 0% used [0x00000000d5f00000,0x00000000d5f00000,0x00000000d6000000)
 ParOldGen       total 127488K, used 127276K [0x0000000080000000, 0x0000000087c80000, 0x00000000d5580000)
  object space 127488K, 99% used [0x0000000080000000,0x0000000087c4b198,0x0000000087c80000)
 Metaspace       used 68405K, committed 70016K, reserved 1114112K
  class space    used 7049K, committed 7744K, reserved 1048576K
}
Event: 13.653 GC heap before
{Heap before GC invocations=262 (full 3):
 PSYoungGen      total 9728K, used 9520K [0x00000000d5580000, 0x00000000d6100000, 0x0000000100000000)
  eden space 9216K, 100% used [0x00000000d5580000,0x00000000d5e80000,0x00000000d5e80000)
  from space 512K, 59% used [0x00000000d6080000,0x00000000d60cc010,0x00000000d6100000)
  to   space 1024K, 0% used [0x00000000d5f00000,0x00000000d5f00000,0x00000000d6000000)
 ParOldGen       total 127488K, used 127276K [0x0000000080000000, 0x0000000087c80000, 0x00000000d5580000)
  object space 127488K, 99% used [0x0000000080000000,0x0000000087c4b198,0x0000000087c80000)
 Metaspace       used 69337K, committed 70976K, reserved 1114112K
  class space    used 7125K, committed 7808K, reserved 1048576K
}
Event: 13.656 GC heap after
{Heap after GC invocations=262 (full 3):
 PSYoungGen      total 10240K, used 512K [0x00000000d5580000, 0x00000000d6100000, 0x0000000100000000)
  eden space 9216K, 0% used [0x00000000d5580000,0x00000000d5580000,0x00000000d5e80000)
  from space 1024K, 50% used [0x00000000d5f00000,0x00000000d5f80000,0x00000000d6000000)
  to   space 1024K, 0% used [0x00000000d6000000,0x00000000d6000000,0x00000000d6100000)
 ParOldGen       total 127488K, used 127420K [0x0000000080000000, 0x0000000087c80000, 0x00000000d5580000)
  object space 127488K, 99% used [0x0000000080000000,0x0000000087c6f1a8,0x0000000087c80000)
 Metaspace       used 69337K, committed 70976K, reserved 1114112K
  class space    used 7125K, committed 7808K, reserved 1048576K
}
Event: 13.922 GC heap before
{Heap before GC invocations=263 (full 3):
 PSYoungGen      total 10240K, used 9724K [0x00000000d5580000, 0x00000000d6100000, 0x0000000100000000)
  eden space 9216K, 99% used [0x00000000d5580000,0x00000000d5e7f138,0x00000000d5e80000)
  from space 1024K, 50% used [0x00000000d5f00000,0x00000000d5f80000,0x00000000d6000000)
  to   space 1024K, 0% used [0x00000000d6000000,0x00000000d6000000,0x00000000d6100000)
 ParOldGen       total 127488K, used 127420K [0x0000000080000000, 0x0000000087c80000, 0x00000000d5580000)
  object space 127488K, 99% used [0x0000000080000000,0x0000000087c6f1a8,0x0000000087c80000)
 Metaspace       used 70086K, committed 71680K, reserved 1114112K
  class space    used 7197K, committed 7872K, reserved 1048576K
}
Event: 13.925 GC heap after
{Heap after GC invocations=263 (full 3):
 PSYoungGen      total 9728K, used 1024K [0x00000000d5580000, 0x00000000d6280000, 0x0000000100000000)
  eden space 8704K, 0% used [0x00000000d5580000,0x00000000d5580000,0x00000000d5e00000)
  from space 1024K, 100% used [0x00000000d6000000,0x00000000d6100000,0x00000000d6100000)
  to   space 2048K, 0% used [0x00000000d5e00000,0x00000000d5e00000,0x00000000d6000000)
 ParOldGen       total 128000K, used 127807K [0x0000000080000000, 0x0000000087d00000, 0x00000000d5580000)
  object space 128000K, 99% used [0x0000000080000000,0x0000000087ccfd98,0x0000000087d00000)
 Metaspace       used 70086K, committed 71680K, reserved 1114112K
  class space    used 7197K, committed 7872K, reserved 1048576K
}
Event: 14.073 GC heap before
{Heap before GC invocations=264 (full 3):
 PSYoungGen      total 9728K, used 9728K [0x00000000d5580000, 0x00000000d6280000, 0x0000000100000000)
  eden space 8704K, 100% used [0x00000000d5580000,0x00000000d5e00000,0x00000000d5e00000)
  from space 1024K, 100% used [0x00000000d6000000,0x00000000d6100000,0x00000000d6100000)
  to   space 2048K, 0% used [0x00000000d5e00000,0x00000000d5e00000,0x00000000d6000000)
 ParOldGen       total 128000K, used 127807K [0x0000000080000000, 0x0000000087d00000, 0x00000000d5580000)
  object space 128000K, 99% used [0x0000000080000000,0x0000000087ccfd98,0x0000000087d00000)
 Metaspace       used 70641K, committed 72320K, reserved 1114112K
  class space    used 7269K, committed 8000K, reserved 1048576K
}
Event: 14.076 GC heap after
{Heap after GC invocations=264 (full 3):
 PSYoungGen      total 10752K, used 1610K [0x00000000d5580000, 0x00000000d6200000, 0x0000000100000000)
  eden space 8704K, 0% used [0x00000000d5580000,0x00000000d5580000,0x00000000d5e00000)
  from space 2048K, 78% used [0x00000000d5e00000,0x00000000d5f92880,0x00000000d6000000)
  to   space 2048K, 0% used [0x00000000d6000000,0x00000000d6000000,0x00000000d6200000)
 ParOldGen       total 128512K, used 128460K [0x0000000080000000, 0x0000000087d80000, 0x00000000d5580000)
  object space 128512K, 99% used [0x0000000080000000,0x0000000087d73038,0x0000000087d80000)
 Metaspace       used 70641K, committed 72320K, reserved 1114112K
  class space    used 7269K, committed 8000K, reserved 1048576K
}
Event: 14.171 GC heap before
{Heap before GC invocations=265 (full 3):
 PSYoungGen      total 10752K, used 10314K [0x00000000d5580000, 0x00000000d6200000, 0x0000000100000000)
  eden space 8704K, 100% used [0x00000000d5580000,0x00000000d5e00000,0x00000000d5e00000)
  from space 2048K, 78% used [0x00000000d5e00000,0x00000000d5f92880,0x00000000d6000000)
  to   space 2048K, 0% used [0x00000000d6000000,0x00000000d6000000,0x00000000d6200000)
 ParOldGen       total 128512K, used 128460K [0x0000000080000000, 0x0000000087d80000, 0x00000000d5580000)
  object space 128512K, 99% used [0x0000000080000000,0x0000000087d73038,0x0000000087d80000)
 Metaspace       used 71430K, committed 73088K, reserved 1114112K
  class space    used 7342K, committed 8064K, reserved 1048576K
}
Event: 14.173 GC heap after
{Heap after GC invocations=265 (full 3):
 PSYoungGen      total 9728K, used 726K [0x00000000d5580000, 0x00000000d6100000, 0x0000000100000000)
  eden space 8704K, 0% used [0x00000000d5580000,0x00000000d5580000,0x00000000d5e00000)
  from space 1024K, 70% used [0x00000000d6000000,0x00000000d60b5808,0x00000000d6100000)
  to   space 1536K, 0% used [0x00000000d5e00000,0x00000000d5e00000,0x00000000d5f80000)
 ParOldGen       total 129536K, used 129066K [0x0000000080000000, 0x0000000087e80000, 0x00000000d5580000)
  object space 129536K, 99% used [0x0000000080000000,0x0000000087e0a940,0x0000000087e80000)
 Metaspace       used 71430K, committed 73088K, reserved 1114112K
  class space    used 7342K, committed 8064K, reserved 1048576K
}

Dll operation events (10 events):
Event: 0.024 Loaded shared library c:\Users\Admin\.vscode\extensions\redhat.java-1.50.0-win32-x64\jre\21.0.9-win32-x86_64\bin\java.dll
Event: 0.101 Loaded shared library c:\Users\Admin\.vscode\extensions\redhat.java-1.50.0-win32-x64\jre\21.0.9-win32-x86_64\bin\zip.dll
Event: 0.122 Loaded shared library C:\Users\Admin\.vscode\extensions\redhat.java-1.50.0-win32-x64\jre\21.0.9-win32-x86_64\bin\instrument.dll
Event: 0.127 Loaded shared library C:\Users\Admin\.vscode\extensions\redhat.java-1.50.0-win32-x64\jre\21.0.9-win32-x86_64\bin\net.dll
Event: 0.129 Loaded shared library C:\Users\Admin\.vscode\extensions\redhat.java-1.50.0-win32-x64\jre\21.0.9-win32-x86_64\bin\nio.dll
Event: 0.133 Loaded shared library C:\Users\Admin\.vscode\extensions\redhat.java-1.50.0-win32-x64\jre\21.0.9-win32-x86_64\bin\zip.dll
Event: 0.151 Loaded shared library C:\Users\Admin\.vscode\extensions\redhat.java-1.50.0-win32-x64\jre\21.0.9-win32-x86_64\bin\jimage.dll
Event: 0.206 Loaded shared library c:\Users\Admin\.vscode\extensions\redhat.java-1.50.0-win32-x64\jre\21.0.9-win32-x86_64\bin\verify.dll
Event: 1.488 Loaded shared library C:\Users\Admin\AppData\Roaming\Code\User\globalStorage\redhat.java\1.50.0\config_win\org.eclipse.equinox.launcher\org.eclipse.equinox.launcher.win32.win32.x86_64_1.2.1400.v20250801-0854\eclipse_11916.dll
Event: 3.221 Loaded shared library C:\Users\Admin\AppData\Local\Temp\jna-63116079\jna8226785587527291287.dll

Deoptimization events (20 events):
Event: 13.656 Thread 0x000001dfd5f11420 DEOPT PACKING pc=0x000001df88014e98 sp=0x00000094e8bfe7d0
Event: 13.656 Thread 0x000001dfd5f11420 DEOPT UNPACKING pc=0x000001df87586da2 sp=0x00000094e8bfe770 mode 2
Event: 13.665 Thread 0x000001dfd5f11420 Uncommon trap: trap_request=0xffffff45 fr.pc=0x000001df87d6d348 relative=0x00000000000002e8
Event: 13.666 Thread 0x000001dfd5f11420 Uncommon trap: reason=unstable_if action=reinterpret pc=0x000001df87d6d348 method=java.util.concurrent.ConcurrentHashMap.get(Ljava/lang/Object;)Ljava/lang/Object; @ 152 c2
Event: 13.666 Thread 0x000001dfd5f11420 DEOPT PACKING pc=0x000001df87d6d348 sp=0x00000094e8bfe000
Event: 13.666 Thread 0x000001dfd5f11420 DEOPT UNPACKING pc=0x000001df87586da2 sp=0x00000094e8bfdf78 mode 2
Event: 14.070 Thread 0x000001dfd5f148a0 DEOPT PACKING pc=0x000001df81d3a017 sp=0x00000094e8cf8160
Event: 14.070 Thread 0x000001dfd5f148a0 DEOPT UNPACKING pc=0x000001df875878e2 sp=0x00000094e8cf7870 mode 0
Event: 14.080 Thread 0x000001dfd5f148a0 DEOPT PACKING pc=0x000001df81d3a017 sp=0x00000094e8cf8160
Event: 14.080 Thread 0x000001dfd5f148a0 DEOPT UNPACKING pc=0x000001df875878e2 sp=0x00000094e8cf7870 mode 0
Event: 14.098 Thread 0x000001dfd5f148a0 DEOPT PACKING pc=0x000001df8088efb3 sp=0x00000094e8cfc3e0
Event: 14.098 Thread 0x000001dfd5f148a0 DEOPT UNPACKING pc=0x000001df875878e2 sp=0x00000094e8cfb910 mode 0
Event: 14.162 Thread 0x000001dfd5f148a0 Uncommon trap: trap_request=0xffffff45 fr.pc=0x000001df8813db34 relative=0x0000000000000394
Event: 14.162 Thread 0x000001dfd5f148a0 Uncommon trap: reason=unstable_if action=reinterpret pc=0x000001df8813db34 method=org.eclipse.jdt.internal.compiler.classfmt.JavaBinaryNames.isConstructor([C)Z @ 12 c2
Event: 14.162 Thread 0x000001dfd5f148a0 DEOPT PACKING pc=0x000001df8813db34 sp=0x00000094e8cfdb80
Event: 14.162 Thread 0x000001dfd5f148a0 DEOPT UNPACKING pc=0x000001df87586da2 sp=0x00000094e8cfdad8 mode 2
Event: 14.207 Thread 0x000001dfd5f148a0 Uncommon trap: trap_request=0xffffffde fr.pc=0x000001df88015818 relative=0x0000000000000078
Event: 14.207 Thread 0x000001dfd5f148a0 Uncommon trap: reason=class_check action=maybe_recompile pc=0x000001df88015818 method=java.util.LinkedHashMap.afterNodeInsertion(Z)V @ 15 c2
Event: 14.207 Thread 0x000001dfd5f148a0 DEOPT PACKING pc=0x000001df88015818 sp=0x00000094e8cfec00
Event: 14.207 Thread 0x000001dfd5f148a0 DEOPT UNPACKING pc=0x000001df87586da2 sp=0x00000094e8cfeb78 mode 2

Classes loaded (20 events):
Event: 10.293 Loading class java/util/Collections$SynchronizedList done
Event: 10.293 Loading class java/util/Collections$SynchronizedRandomAccessList done
Event: 10.296 Loading class java/util/concurrent/CompletableFuture$Signaller
Event: 10.296 Loading class java/util/concurrent/CompletableFuture$Signaller done
Event: 10.305 Loading class java/util/concurrent/CompletableFuture$UniApply
Event: 10.305 Loading class java/util/concurrent/CompletableFuture$UniApply done
Event: 10.307 Loading class java/util/concurrent/CompletableFuture$UniExceptionally
Event: 10.307 Loading class java/util/concurrent/CompletableFuture$UniExceptionally done
Event: 10.437 Loading class java/nio/charset/CharacterCodingException
Event: 10.437 Loading class java/nio/charset/CharacterCodingException done
Event: 10.437 Loading class java/io/SequenceInputStream
Event: 10.437 Loading class java/io/SequenceInputStream done
Event: 10.620 Loading class java/util/Hashtable$KeySet
Event: 10.621 Loading class java/util/Hashtable$KeySet done
Event: 10.810 Loading class java/lang/invoke/MethodHandleImpl$CountingWrapper$1
Event: 10.811 Loading class java/lang/invoke/MethodHandleImpl$CountingWrapper$1 done
Event: 10.936 Loading class java/lang/UnsupportedClassVersionError
Event: 10.936 Loading class java/lang/UnsupportedClassVersionError done
Event: 14.119 Loading class jdk/internal/ref/CleanerImpl$InnocuousThreadFactory
Event: 14.119 Loading class jdk/internal/ref/CleanerImpl$InnocuousThreadFactory done

Classes unloaded (7 events):
Event: 3.712 Thread 0x000001dffdb20e40 Unloading class 0x000001df901a9800 'java/lang/invoke/LambdaForm$MH+0x000001df901a9800'
Event: 3.712 Thread 0x000001dffdb20e40 Unloading class 0x000001df901a9400 'java/lang/invoke/LambdaForm$MH+0x000001df901a9400'
Event: 3.712 Thread 0x000001dffdb20e40 Unloading class 0x000001df901a9000 'java/lang/invoke/LambdaForm$MH+0x000001df901a9000'
Event: 3.712 Thread 0x000001dffdb20e40 Unloading class 0x000001df901a8c00 'java/lang/invoke/LambdaForm$MH+0x000001df901a8c00'
Event: 3.712 Thread 0x000001dffdb20e40 Unloading class 0x000001df901a8800 'java/lang/invoke/LambdaForm$BMH+0x000001df901a8800'
Event: 3.712 Thread 0x000001dffdb20e40 Unloading class 0x000001df901a8400 'java/lang/invoke/LambdaForm$DMH+0x000001df901a8400'
Event: 3.712 Thread 0x000001dffdb20e40 Unloading class 0x000001df901a3000 'java/lang/invoke/LambdaForm$DMH+0x000001df901a3000'

Classes redefined (0 events):
No events

Internal exceptions (20 events):
Event: 13.543 Thread 0x000001dfd451be30 Exception <a 'java/lang/NullPointerException'{0x00000000d5b354c0}> (0x00000000d5b354c0) 
thrown [s\src\hotspot\share\interpreter\linkResolver.cpp, line 1372]
Event: 13.543 Thread 0x000001dfd451be30 Exception <a 'java/lang/NullPointerException'{0x00000000d5b35ad0}> (0x00000000d5b35ad0) 
thrown [s\src\hotspot\share\interpreter\linkResolver.cpp, line 1372]
Event: 13.543 Thread 0x000001dfd451be30 Exception <a 'java/lang/NullPointerException'{0x00000000d5b364f8}> (0x00000000d5b364f8) 
thrown [s\src\hotspot\share\interpreter\linkResolver.cpp, line 1372]
Event: 13.543 Thread 0x000001dfd451be30 Exception <a 'java/lang/NullPointerException'{0x00000000d5b36a28}> (0x00000000d5b36a28) 
thrown [s\src\hotspot\share\interpreter\linkResolver.cpp, line 1372]
Event: 13.543 Thread 0x000001dfd451be30 Exception <a 'java/lang/NullPointerException'{0x00000000d5b37218}> (0x00000000d5b37218) 
thrown [s\src\hotspot\share\interpreter\linkResolver.cpp, line 1372]
Event: 13.543 Thread 0x000001dfd451be30 Exception <a 'java/lang/NullPointerException'{0x00000000d5b37720}> (0x00000000d5b37720) 
thrown [s\src\hotspot\share\interpreter\linkResolver.cpp, line 1372]
Event: 13.544 Thread 0x000001dfd451be30 Exception <a 'java/lang/NullPointerException'{0x00000000d5b37b58}> (0x00000000d5b37b58) 
thrown [s\src\hotspot\share\interpreter\linkResolver.cpp, line 1372]
Event: 13.544 Thread 0x000001dfd451be30 Exception <a 'java/lang/NullPointerException'{0x00000000d5b38100}> (0x00000000d5b38100) 
thrown [s\src\hotspot\share\interpreter\linkResolver.cpp, line 1372]
Event: 13.544 Thread 0x000001dfd451be30 Exception <a 'java/lang/NullPointerException'{0x00000000d5b38f10}> (0x00000000d5b38f10) 
thrown [s\src\hotspot\share\interpreter\linkResolver.cpp, line 1372]
Event: 13.545 Thread 0x000001dfd451be30 Exception <a 'java/lang/NullPointerException'{0x00000000d5b39610}> (0x00000000d5b39610) 
thrown [s\src\hotspot\share\interpreter\linkResolver.cpp, line 1372]
Event: 13.545 Thread 0x000001dfd451be30 Exception <a 'java/lang/NullPointerException'{0x00000000d5b39e20}> (0x00000000d5b39e20) 
thrown [s\src\hotspot\share\interpreter\linkResolver.cpp, line 1372]
Event: 13.545 Thread 0x000001dfd451be30 Exception <a 'java/lang/NullPointerException'{0x00000000d5b3a9f0}> (0x00000000d5b3a9f0) 
thrown [s\src\hotspot\share\interpreter\linkResolver.cpp, line 1372]
Event: 13.645 Thread 0x000001dfd451be30 Exception <a 'java/lang/NullPointerException'{0x00000000d5e0ef78}> (0x00000000d5e0ef78) 
thrown [s\src\hotspot\share\interpreter\linkResolver.cpp, line 1372]
Event: 13.645 Thread 0x000001dfd451be30 Exception <a 'java/lang/NullPointerException'{0x00000000d5e0f9e0}> (0x00000000d5e0f9e0) 
thrown [s\src\hotspot\share\interpreter\linkResolver.cpp, line 1372]
Event: 13.646 Thread 0x000001dfd451be30 Exception <a 'java/lang/NullPointerException'{0x00000000d5e10458}> (0x00000000d5e10458) 
thrown [s\src\hotspot\share\interpreter\linkResolver.cpp, line 1372]
Event: 13.646 Thread 0x000001dfd451be30 Exception <a 'java/lang/NullPointerException'{0x00000000d5e113c8}> (0x00000000d5e113c8) 
thrown [s\src\hotspot\share\interpreter\linkResolver.cpp, line 1372]
Event: 13.646 Thread 0x000001dfd451be30 Exception <a 'java/lang/NullPointerException'{0x00000000d5e124f0}> (0x00000000d5e124f0) 
thrown [s\src\hotspot\share\interpreter\linkResolver.cpp, line 1372]
Event: 13.659 Thread 0x000001dfd451be30 Exception <a 'java/lang/NullPointerException'{0x00000000d55d9688}> (0x00000000d55d9688) 
thrown [s\src\hotspot\share\interpreter\linkResolver.cpp, line 1372]
Event: 13.659 Thread 0x000001dfd451be30 Exception <a 'java/lang/NullPointerException'{0x00000000d55d9f30}> (0x00000000d55d9f30) 
thrown [s\src\hotspot\share\interpreter\linkResolver.cpp, line 1372]
Event: 14.181 Thread 0x000001dfd5f148a0 Exception <a 'java/lang/NoSuchMethodError'{0x00000000d55fc790}: 'java.lang.Object java.lang.invoke.DirectMethodHandle$Holder.newInvokeSpecial(java.lang.Object, java.lang.Object, int, java.lang.Object, java.lang.Object, java.lang.Object, java.lang.Object)'> (0x00000000d55fc790) 
thrown [s\src\hotspot\share\interpreter\linkResolver.cpp, line 773]

ZGC Phase Switch (0 events):
No events

VM Operations (20 events):
Event: 13.258 Executing VM operation: ParallelGCFailedAllocation (Allocation Failure)
Event: 13.260 Executing VM operation: ParallelGCFailedAllocation (Allocation Failure) done
Event: 13.281 Executing VM operation: ParallelGCFailedAllocation (Allocation Failure)
Event: 13.283 Executing VM operation: ParallelGCFailedAllocation (Allocation Failure) done
Event: 13.381 Executing VM operation: ParallelGCFailedAllocation (Allocation Failure)
Event: 13.384 Executing VM operation: ParallelGCFailedAllocation (Allocation Failure) done
Event: 13.653 Executing VM operation: ParallelGCFailedAllocation (Allocation Failure)
Event: 13.656 Executing VM operation: ParallelGCFailedAllocation (Allocation Failure) done
Event: 13.922 Executing VM operation: ParallelGCFailedAllocation (Allocation Failure)
Event: 13.925 Executing VM operation: ParallelGCFailedAllocation (Allocation Failure) done
Event: 14.011 Executing VM operation: HandshakeAllThreads (Deoptimize)
Event: 14.012 Executing VM operation: HandshakeAllThreads (Deoptimize) done
Event: 14.073 Executing VM operation: ParallelGCFailedAllocation (Allocation Failure)
Event: 14.076 Executing VM operation: ParallelGCFailedAllocation (Allocation Failure) done
Event: 14.171 Executing VM operation: ParallelGCFailedAllocation (Allocation Failure)
Event: 14.173 Executing VM operation: ParallelGCFailedAllocation (Allocation Failure) done
Event: 15.174 Executing VM operation: Cleanup
Event: 15.174 Executing VM operation: Cleanup done
Event: 16.175 Executing VM operation: Cleanup
Event: 16.176 Executing VM operation: Cleanup done

Memory protections (0 events):
No events

Nmethod flushes (20 events):
Event: 8.641 Thread 0x000001dffdb20e40 flushing  nmethod 0x000001df8085b110
Event: 8.642 Thread 0x000001dffdb20e40 flushing osr nmethod 0x000001df808c8010
Event: 8.642 Thread 0x000001dffdb20e40 flushing  nmethod 0x000001df8090cb10
Event: 8.642 Thread 0x000001dffdb20e40 flushing  nmethod 0x000001df80916990
Event: 8.642 Thread 0x000001dffdb20e40 flushing  nmethod 0x000001df80966010
Event: 8.642 Thread 0x000001dffdb20e40 flushing  nmethod 0x000001df8096af90
Event: 8.642 Thread 0x000001dffdb20e40 flushing  nmethod 0x000001df809b5c10
Event: 8.642 Thread 0x000001dffdb20e40 flushing  nmethod 0x000001df809b6b90
Event: 8.642 Thread 0x000001dffdb20e40 flushing  nmethod 0x000001df809b7d90
Event: 8.642 Thread 0x000001dffdb20e40 flushing  nmethod 0x000001df809c0c90
Event: 8.642 Thread 0x000001dffdb20e40 flushing  nmethod 0x000001df809c1d10
Event: 8.642 Thread 0x000001dffdb20e40 flushing  nmethod 0x000001df809c2610
Event: 8.642 Thread 0x000001dffdb20e40 flushing  nmethod 0x000001df809c3490
Event: 8.642 Thread 0x000001dffdb20e40 flushing  nmethod 0x000001df809c4010
Event: 8.642 Thread 0x000001dffdb20e40 flushing  nmethod 0x000001df809c6c10
Event: 8.642 Thread 0x000001dffdb20e40 flushing  nmethod 0x000001df809c7010
Event: 8.642 Thread 0x000001dffdb20e40 flushing  nmethod 0x000001df809ca010
Event: 8.642 Thread 0x000001dffdb20e40 flushing  nmethod 0x000001df809ca610
Event: 8.642 Thread 0x000001dffdb20e40 flushing  nmethod 0x000001df809caa10
Event: 8.642 Thread 0x000001dffdb20e40 flushing  nmethod 0x000001df809cb410

Events (20 events):
Event: 9.835 Thread 0x000001dfd451be30 Thread added: 0x000001dfd5f11420
Event: 9.835 Thread 0x000001dfd451be30 Thread added: 0x000001dfd5f0f350
Event: 9.836 Thread 0x000001dfd451be30 Thread added: 0x000001dfd5f155c0
Event: 9.861 Thread 0x000001dfd5f11420 Thread exited: 0x000001dfd5f11420
Event: 9.861 Thread 0x000001dfd5f0f350 Thread exited: 0x000001dfd5f0f350
Event: 9.861 Thread 0x000001dfd5f12140 Thread exited: 0x000001dfd5f12140
Event: 9.861 Thread 0x000001dfd5f0f9e0 Thread exited: 0x000001dfd5f0f9e0
Event: 9.861 Thread 0x000001dfd5f155c0 Thread exited: 0x000001dfd5f155c0
Event: 10.308 Thread 0x000001dfd5fa4270 Thread added: 0x000001dfd5f11420
Event: 10.310 Thread 0x000001dfd5fa4270 Thread added: 0x000001dfd5f148a0
Event: 10.606 Thread 0x000001dfd4517c90 Thread added: 0x000001dfd5f0f350
Event: 10.606 Thread 0x000001dfd4517c90 Thread added: 0x000001dfd5f155c0
Event: 10.606 Thread 0x000001dfd5f0f350 Thread added: 0x000001dfd5f12140
Event: 10.606 Thread 0x000001dfd5f155c0 Thread added: 0x000001dfd5f0f9e0
Event: 10.607 Thread 0x000001dfd5f12140 Thread added: 0x000001dfd5f12e60
Event: 10.607 Thread 0x000001dfd5f0f9e0 Thread added: 0x000001dfd5f134f0
Event: 10.607 Thread 0x000001dfd5f12e60 Thread added: 0x000001dfd5f13b80
Event: 10.607 Thread 0x000001dfd5f134f0 Thread added: 0x000001dfd5f14210
Event: 14.119 Thread 0x000001dfd5f148a0 Thread added: 0x000001dfe7d8e960
Event: 15.710 Thread 0x000001dfd6ee4c40 Thread exited: 0x000001dfd6ee4c40


Dynamic libraries:
0x00007ff69e940000 - 0x00007ff69e94e000 	c:\Users\Admin\.vscode\extensions\redhat.java-1.50.0-win32-x64\jre\21.0.9-win32-x86_64\bin\java.exe
0x00007ffca4430000 - 0x00007ffca4648000 	C:\WINDOWS\SYSTEM32\ntdll.dll
0x00007ffca2fb0000 - 0x00007ffca3074000 	C:\WINDOWS\System32\KERNEL32.DLL
0x00007ffca16b0000 - 0x00007ffca1a83000 	C:\WINDOWS\System32\KERNELBASE.dll
0x00007ffca1af0000 - 0x00007ffca1c01000 	C:\WINDOWS\System32\ucrtbase.dll
0x00007ffc8d350000 - 0x00007ffc8d36e000 	c:\Users\Admin\.vscode\extensions\redhat.java-1.50.0-win32-x64\jre\21.0.9-win32-x86_64\bin\VCRUNTIME140.dll
0x00007ffc8f1a0000 - 0x00007ffc8f1b8000 	c:\Users\Admin\.vscode\extensions\redhat.java-1.50.0-win32-x64\jre\21.0.9-win32-x86_64\bin\jli.dll
0x00007ffca2df0000 - 0x00007ffca2fa2000 	C:\WINDOWS\System32\USER32.dll
0x00007ffca1ac0000 - 0x00007ffca1ae6000 	C:\WINDOWS\System32\win32u.dll
0x00007ffc8a5f0000 - 0x00007ffc8a88c000 	C:\WINDOWS\WinSxS\amd64_microsoft.windows.common-controls_6595b64144ccf1df_6.0.22621.6060_none_2712eda17382d24b\COMCTL32.dll
0x00007ffca20d0000 - 0x00007ffca20f9000 	C:\WINDOWS\System32\GDI32.dll
0x00007ffca3140000 - 0x00007ffca31e7000 	C:\WINDOWS\System32\msvcrt.dll
0x00007ffca1d30000 - 0x00007ffca1e4b000 	C:\WINDOWS\System32\gdi32full.dll
0x00007ffca1c90000 - 0x00007ffca1d2a000 	C:\WINDOWS\System32\msvcp_win.dll
0x00007ffca2b70000 - 0x00007ffca2ba1000 	C:\WINDOWS\System32\IMM32.DLL
0x00007ffc99f60000 - 0x00007ffc99f6c000 	c:\Users\Admin\.vscode\extensions\redhat.java-1.50.0-win32-x64\jre\21.0.9-win32-x86_64\bin\vcruntime140_1.dll
0x00007ffc8aab0000 - 0x00007ffc8ab3d000 	c:\Users\Admin\.vscode\extensions\redhat.java-1.50.0-win32-x64\jre\21.0.9-win32-x86_64\bin\msvcp140.dll
0x00007ffc055e0000 - 0x00007ffc06380000 	c:\Users\Admin\.vscode\extensions\redhat.java-1.50.0-win32-x64\jre\21.0.9-win32-x86_64\bin\server\jvm.dll
0x00007ffca3080000 - 0x00007ffca3131000 	C:\WINDOWS\System32\ADVAPI32.dll
0x00007ffca2180000 - 0x00007ffca2228000 	C:\WINDOWS\System32\sechost.dll
0x00007ffca1a90000 - 0x00007ffca1ab8000 	C:\WINDOWS\System32\bcrypt.dll
0x00007ffca2c60000 - 0x00007ffca2d78000 	C:\WINDOWS\System32\RPCRT4.dll
0x00007ffca2100000 - 0x00007ffca2171000 	C:\WINDOWS\System32\WS2_32.dll
0x00007ffca0360000 - 0x00007ffca03ad000 	C:\WINDOWS\SYSTEM32\POWRPROF.dll
0x00007ffc95a90000 - 0x00007ffc95ac4000 	C:\WINDOWS\SYSTEM32\WINMM.dll
0x00007ffc95600000 - 0x00007ffc9560a000 	C:\WINDOWS\SYSTEM32\VERSION.dll
0x00007ffca0340000 - 0x00007ffca0353000 	C:\WINDOWS\SYSTEM32\UMPDC.dll
0x00007ffca05f0000 - 0x00007ffca0608000 	C:\WINDOWS\SYSTEM32\kernel.appcore.dll
0x00007ffc8f100000 - 0x00007ffc8f10a000 	c:\Users\Admin\.vscode\extensions\redhat.java-1.50.0-win32-x64\jre\21.0.9-win32-x86_64\bin\jimage.dll
0x00007ffc9ed20000 - 0x00007ffc9ef53000 	C:\WINDOWS\SYSTEM32\DBGHELP.DLL
0x00007ffca35b0000 - 0x00007ffca3941000 	C:\WINDOWS\System32\combase.dll
0x00007ffca2a00000 - 0x00007ffca2ad8000 	C:\WINDOWS\System32\OLEAUT32.dll
0x00007ffc92c80000 - 0x00007ffc92cb2000 	C:\WINDOWS\SYSTEM32\dbgcore.DLL
0x00007ffca1c10000 - 0x00007ffca1c8b000 	C:\WINDOWS\System32\bcryptPrimitives.dll
0x00007ffc8e950000 - 0x00007ffc8e95f000 	c:\Users\Admin\.vscode\extensions\redhat.java-1.50.0-win32-x64\jre\21.0.9-win32-x86_64\bin\instrument.dll
0x00007ffc8aa90000 - 0x00007ffc8aab0000 	c:\Users\Admin\.vscode\extensions\redhat.java-1.50.0-win32-x64\jre\21.0.9-win32-x86_64\bin\java.dll
0x00007ffca3b50000 - 0x00007ffca43ec000 	C:\WINDOWS\System32\SHELL32.dll
0x00007ffca1f90000 - 0x00007ffca20cf000 	C:\WINDOWS\System32\wintypes.dll
0x00007ffc9f400000 - 0x00007ffc9fd1a000 	C:\WINDOWS\SYSTEM32\windows.storage.dll
0x00007ffca26b0000 - 0x00007ffca27b4000 	C:\WINDOWS\System32\SHCORE.dll
0x00007ffca2d80000 - 0x00007ffca2de9000 	C:\WINDOWS\System32\shlwapi.dll
0x00007ffca1470000 - 0x00007ffca1495000 	C:\WINDOWS\SYSTEM32\profapi.dll
0x00007ffc8aa70000 - 0x00007ffc8aa88000 	c:\Users\Admin\.vscode\extensions\redhat.java-1.50.0-win32-x64\jre\21.0.9-win32-x86_64\bin\zip.dll
0x00007ffc8d180000 - 0x00007ffc8d190000 	C:\Users\Admin\.vscode\extensions\redhat.java-1.50.0-win32-x64\jre\21.0.9-win32-x86_64\bin\net.dll
0x00007ffc977e0000 - 0x00007ffc9790c000 	C:\WINDOWS\SYSTEM32\WINHTTP.dll
0x00007ffca0af0000 - 0x00007ffca0b59000 	C:\WINDOWS\system32\mswsock.dll
0x00007ffc8aa50000 - 0x00007ffc8aa66000 	C:\Users\Admin\.vscode\extensions\redhat.java-1.50.0-win32-x64\jre\21.0.9-win32-x86_64\bin\nio.dll
0x00007ffc8aa40000 - 0x00007ffc8aa50000 	c:\Users\Admin\.vscode\extensions\redhat.java-1.50.0-win32-x64\jre\21.0.9-win32-x86_64\bin\verify.dll
0x00007ffc6a490000 - 0x00007ffc6a4d4000 	C:\Users\Admin\AppData\Roaming\Code\User\globalStorage\redhat.java\1.50.0\config_win\org.eclipse.equinox.launcher\org.eclipse.equinox.launcher.win32.win32.x86_64_1.2.1400.v20250801-0854\eclipse_11916.dll
0x00007ffca31f0000 - 0x00007ffca3391000 	C:\WINDOWS\System32\ole32.dll
0x00007ffca0d40000 - 0x00007ffca0d5b000 	C:\WINDOWS\SYSTEM32\CRYPTSP.dll
0x00007ffca0550000 - 0x00007ffca0587000 	C:\WINDOWS\system32\rsaenh.dll
0x00007ffca0be0000 - 0x00007ffca0c08000 	C:\WINDOWS\SYSTEM32\USERENV.dll
0x00007ffca0d60000 - 0x00007ffca0d6c000 	C:\WINDOWS\SYSTEM32\CRYPTBASE.dll
0x00007ffc9ff70000 - 0x00007ffc9ff9d000 	C:\WINDOWS\SYSTEM32\IPHLPAPI.DLL
0x00007ffca3950000 - 0x00007ffca3959000 	C:\WINDOWS\System32\NSI.dll
0x00007ffc8ba00000 - 0x00007ffc8ba49000 	C:\Users\Admin\AppData\Local\Temp\jna-63116079\jna8226785587527291287.dll
0x00007ffca2ae0000 - 0x00007ffca2ae8000 	C:\WINDOWS\System32\PSAPI.DLL
0x00007ffc96710000 - 0x00007ffc96729000 	C:\WINDOWS\SYSTEM32\dhcpcsvc6.DLL
0x00007ffc966f0000 - 0x00007ffc9670f000 	C:\WINDOWS\SYSTEM32\dhcpcsvc.DLL
0x00007ffca0720000 - 0x00007ffca0754000 	C:\WINDOWS\SYSTEM32\ntmarta.dll

JVMTI agents:
c:\Users\Admin\.vscode\extensions\redhat.java-1.50.0-win32-x64\lombok\lombok-1.18.39-4050.jar path:c:\Users\Admin\.vscode\extensions\redhat.java-1.50.0-win32-x64\jre\21.0.9-win32-x86_64\bin\instrument.dll, loaded, initialized, instrumentlib options:none

dbghelp: loaded successfully - version: 4.0.5 - missing functions: none
symbol engine: initialized successfully - sym options: 0x614 - pdb path: .;c:\Users\Admin\.vscode\extensions\redhat.java-1.50.0-win32-x64\jre\21.0.9-win32-x86_64\bin;C:\WINDOWS\SYSTEM32;C:\WINDOWS\WinSxS\amd64_microsoft.windows.common-controls_6595b64144ccf1df_6.0.22621.6060_none_2712eda17382d24b;c:\Users\Admin\.vscode\extensions\redhat.java-1.50.0-win32-x64\jre\21.0.9-win32-x86_64\bin\server;C:\Users\Admin\AppData\Roaming\Code\User\globalStorage\redhat.java\1.50.0\config_win\org.eclipse.equinox.launcher\org.eclipse.equinox.launcher.win32.win32.x86_64_1.2.1400.v20250801-0854;C:\Users\Admin\AppData\Local\Temp\jna-63116079

VM Arguments:
jvm_args: --add-modules=ALL-SYSTEM --add-opens=java.base/java.util=ALL-UNNAMED --add-opens=java.base/java.lang=ALL-UNNAMED --add-opens=java.base/sun.nio.fs=ALL-UNNAMED -Declipse.application=org.eclipse.jdt.ls.core.id1 -Dosgi.bundles.defaultStartLevel=4 -Declipse.product=org.eclipse.jdt.ls.core.product -Djava.import.generatesMetadataFilesAtProjectRoot=false -DDetectVMInstallationsJob.disabled=true -Dfile.encoding=utf8 -XX:+UseParallelGC -XX:GCTimeRatio=4 -XX:AdaptiveSizePolicyWeight=90 -Dsun.zip.disableMemoryMapping=true -Xmx2G -Xms100m -Xlog:disable -javaagent:c:\Users\Admin\.vscode\extensions\redhat.java-1.50.0-win32-x64\lombok\lombok-1.18.39-4050.jar -XX:+HeapDumpOnOutOfMemoryError -XX:HeapDumpPath=c:\Users\Admin\AppData\Roaming\Code\User\workspaceStorage\a23788f5b74dcf48517ce5fa43faa16f\redhat.java -Daether.dependencyCollector.impl=bf 
java_command: c:\Users\Admin\.vscode\extensions\redhat.java-1.50.0-win32-x64\server\plugins\org.eclipse.equinox.launcher_1.7.100.v20251111-0406.jar -configuration c:\Users\Admin\AppData\Roaming\Code\User\globalStorage\redhat.java\1.50.0\config_win -data c:\Users\Admin\AppData\Roaming\Code\User\workspaceStorage\a23788f5b74dcf48517ce5fa43faa16f\redhat.java\jdt_ws --pipe=\\.\pipe\lsp-5351f23838e814e69848df6fdbe55f65-sock
java_class_path (initial): c:\Users\Admin\.vscode\extensions\redhat.java-1.50.0-win32-x64\server\plugins\org.eclipse.equinox.launcher_1.7.100.v20251111-0406.jar
Launcher Type: SUN_STANDARD

[Global flags]
    uintx AdaptiveSizePolicyWeight                 = 90                                        {product} {command line}
     intx CICompilerCount                          = 4                                         {product} {ergonomic}
    uintx GCTimeRatio                              = 4                                         {product} {command line}
     bool HeapDumpOnOutOfMemoryError               = true                                   {manageable} {command line}
    ccstr HeapDumpPath                             = c:\Users\Admin\AppData\Roaming\Code\User\workspaceStorage\a23788f5b74dcf48517ce5fa43faa16f\redhat.java         {manageable} {command line}
   size_t InitialHeapSize                          = 104857600                                 {product} {command line}
   size_t MaxHeapSize                              = 2147483648                                {product} {command line}
   size_t MaxNewSize                               = 715653120                                 {product} {ergonomic}
   size_t MinHeapDeltaBytes                        = 524288                                    {product} {ergonomic}
   size_t MinHeapSize                              = 104857600                                 {product} {command line}
   size_t NewSize                                  = 34603008                                  {product} {ergonomic}
    uintx NonNMethodCodeHeapSize                   = 5839372                                {pd product} {ergonomic}
    uintx NonProfiledCodeHeapSize                  = 122909434                              {pd product} {ergonomic}
   size_t OldSize                                  = 70254592                                  {product} {ergonomic}
    uintx ProfiledCodeHeapSize                     = 122909434                              {pd product} {ergonomic}
    uintx ReservedCodeCacheSize                    = 251658240                              {pd product} {ergonomic}
     bool SegmentedCodeCache                       = true                                      {product} {ergonomic}
   size_t SoftMaxHeapSize                          = 2147483648                             {manageable} {ergonomic}
     bool UseCompressedOops                        = true                           {product lp64_product} {ergonomic}
     bool UseLargePagesIndividualAllocation        = false                                  {pd product} {ergonomic}
     bool UseParallelGC                            = true                                      {product} {command line}

Logging:
Log output configuration:
 #0: stdout all=off uptime,level,tags foldmultilines=false
 #1: stderr all=off uptime,level,tags foldmultilines=false

Release file:
JAVA_VERSION="21.0.9" 
MODULES="java.base java.compiler java.datatransfer java.xml java.prefs java.desktop java.instrument java.logging java.management java.security.sasl java.naming java.rmi java.management.rmi java.net.http java.scripting java.security.jgss java.transaction.xa java.sql java.sql.rowset java.xml.crypto java.se java.smartcardio jdk.accessibility jdk.internal.jvmstat jdk.attach jdk.charsets jdk.internal.opt jdk.zipfs jdk.compiler jdk.crypto.ec jdk.crypto.cryptoki jdk.crypto.mscapi jdk.dynalink jdk.internal.ed jdk.editpad jdk.hotspot.agent jdk.httpserver jdk.internal.le jdk.internal.vm.ci jdk.internal.vm.compiler jdk.internal.vm.compiler.management jdk.jartool jdk.javadoc jdk.jcmd jdk.management jdk.management.agent jdk.jconsole jdk.jdeps jdk.jdwp.agent jdk.jdi jdk.jfr jdk.jshell jdk.jsobject jdk.jstatd jdk.localedata jdk.management.jfr jdk.naming.dns jdk.naming.rmi jdk.net jdk.nio.mapmode jdk.random jdk.sctp jdk.security.auth jdk.security.jgss jdk.unsupported jdk.unsupported.desktop jdk.xml.dom" 

Environment Variables:
JAVA_HOME=C:\Users\Admin\Downloads\jdk-22_windows-x64_bin\jdk-22.0.1
PATH=C:\Python313\Scripts\;C:\Python313\;C:\Program Files\Common Files\Oracle\Java\javapath;C:\Program Files (x86)\Common Files\Oracle\Java\java8path;C:\Program Files (x86)\Common Files\Oracle\Java\javapath;C:\Program Files\Microsoft MPI\Bin\;C:\Windows\system32;C:\Windows;C:\Windows\System32\Wbem;C:\Windows\System32\WindowsPowerShell\v1.0\;C:\Windows\System32\OpenSSH\;C:\Program Files (x86)\NVIDIA Corporation\PhysX\Common;C:\Program Files\NVIDIA Corporation\NVIDIA NvDLISR;C:\WINDOWS\system32;C:\WINDOWS;C:\WINDOWS\System32\Wbem;C:\WINDOWS\System32\WindowsPowerShell\v1.0\;C:\WINDOWS\System32\OpenSSH\;C:\Program Files\dotnet\;C:\Program Files (x86)\Microsoft SQL Server\160\Tools\Binn\;C:\Program Files\Microsoft SQL Server\160\Tools\Binn\;C:\Program Files\Microsoft SQL Server\Client SDK\ODBC\170\Tools\Binn\;C:\Program Files\Microsoft SQL Server\160\DTS\Binn\;C:\Users\Admin\Downloads\jdk-22_windows-x64_bin\jdk-22.0.1\bin;C:\Users\Admin\Downloads\apache-maven-3.9.6\bin;C:\Users\Admin\Downloads\apache-maven-3.9.6\bin;C:\Users\Admin\Downloads\jdk-22_windows-x64_bin\myprj\movewar.bat;C:\Program Files\Git\cmd;C:\Program Files\nodejs\;C:\ProgramData\chocolatey\bin;C:\msys64\mingw64\bin;C:\Program Files\Docker\Docker\resources\bin;C:\Users\Admin\AppData\Local\Programs\Python\Launcher\;C:\Program Files\MySQL\MySQL Shell 8.0\bin\;C:\texlive\2022\bin\win32;C:\Users\Admin\AppData\Local\Microsoft\WindowsApps;C:\Users\Admin\AppData\Local\Programs\Microsoft VS Code\bin;C:\Program Files\Azure Data Studio\bin;C:\MinGW\bin;C:\Users\Admin\Downloads\apache-maven-3.9.6\bin\mvn;C:\Users\Admin\Downloads\jdk-22_windows-x64_bin\jdk-22.0.1\bin;C:\Users\Admin\AppData\Roaming\npm;C:\Programing Files\nodejs;F:\IntelliJ IDEA 2025.1\bin;;C:\Program Files\Docker\Docker\resources\bin;
USERNAME=Admin
OS=Windows_NT
PROCESSOR_IDENTIFIER=Intel64 Family 6 Model 141 Stepping 1, GenuineIntel
TMP=C:\Users\Admin\AppData\Local\Temp
TEMP=C:\Users\Admin\AppData\Local\Temp




Periodic native trim disabled

---------------  S Y S T E M  ---------------

OS:
 Windows 11 , 64 bit Build 22621 (10.0.22621.5415)
OS uptime: 0 days 0:12 hours
Hyper-V role detected

CPU: total 12 (initial active 12) (6 cores per cpu, 2 threads per core) family 6 model 141 stepping 1 microcode 0x56, cx8, cmov, fxsr, ht, mmx, 3dnowpref, sse, sse2, sse3, ssse3, sse4.1, sse4.2, popcnt, lzcnt, tsc, tscinvbit, avx, avx2, aes, erms, clmul, bmi1, bmi2, adx, avx512f, avx512dq, avx512cd, avx512bw, avx512vl, sha, fma, vzeroupper, avx512_vpopcntdq, avx512_vpclmulqdq, avx512_vaes, avx512_vnni, clflush, clflushopt, clwb, avx512_vbmi2, avx512_vbmi, hv, rdtscp, rdpid, fsrm, gfni, avx512_bitalg, f16c, cet_ibt, cet_ss, avx512_ifma
Processor Information for the first 12 processors :
  Max Mhz: 2688, Current Mhz: 2688, Mhz Limit: 2688

Memory: 4k page, system-wide physical 7922M (428M free)
TotalPageFile size 19703M (AvailPageFile size 4M)
current process WorkingSet (physical memory assigned to process): 346M, peak: 402M
current process commit charge ("private bytes"): 428M, peak: 480M

vm_info: OpenJDK 64-Bit Server VM (21.0.9+10-LTS) for windows-amd64 JRE (21.0.9+10-LTS), built on 2025-10-21T00:00:00Z by "admin" with unknown MS VC++:1942

END.
