#
# There is insufficient memory for the Java Runtime Environment to continue.
# Native memory allocation (malloc) failed to allocate 356416 bytes. Error detail: Chunk::new
# Possible reasons:
#   The system is out of physical RAM or swap space
#   This process is running with CompressedOops enabled, and the Java Heap may be blocking the growth of the native heap
# Possible solutions:
#   Reduce memory load on the system
#   Increase physical memory or swap space
#   Check if swap backing store is full
#   Decrease Java heap size (-Xmx/-Xms)
#   Decrease number of Java threads
#   Decrease Java thread stack sizes (-Xss)
#   Set larger code cache with -XX:ReservedCodeCacheSize=
#   JVM is running with Unscaled Compressed Oops mode in which the Java heap is
#     placed in the first 4GB address space. The Java Heap base address is the
#     maximum limit for the native heap growth. Please use -XX:HeapBaseMinAddress
#     to set the Java Heap base and to place the Java Heap above 4GB virtual address.
# This output file may be truncated or incomplete.
#
#  Out of Memory Error (arena.cpp:168), pid=9672, tid=19732
#
# JRE version: OpenJDK Runtime Environment Temurin-21.0.8+9 (21.0.8+9) (build 21.0.8+9-LTS)
# Java VM: OpenJDK 64-Bit Server VM Temurin-21.0.8+9 (21.0.8+9-LTS, mixed mode, sharing, tiered, compressed oops, compressed class ptrs, parallel gc, windows-amd64)
# No core dump will be written. Minidumps are not enabled by default on client versions of Windows
#

---------------  S U M M A R Y ------------

Command Line: --add-modules=ALL-SYSTEM --add-opens=java.base/java.util=ALL-UNNAMED --add-opens=java.base/java.lang=ALL-UNNAMED --add-opens=java.base/sun.nio.fs=ALL-UNNAMED -Declipse.application=org.eclipse.jdt.ls.core.id1 -Dosgi.bundles.defaultStartLevel=4 -Declipse.product=org.eclipse.jdt.ls.core.product -Djava.import.generatesMetadataFilesAtProjectRoot=false -DDetectVMInstallationsJob.disabled=true -Dfile.encoding=utf8 -XX:+UseParallelGC -XX:GCTimeRatio=4 -XX:AdaptiveSizePolicyWeight=90 -Dsun.zip.disableMemoryMapping=true -Xmx2G -Xms100m -Xlog:disable -javaagent:c:\Users\Admin\.vscode\extensions\redhat.java-1.46.0-win32-x64\lombok\lombok-1.18.39-4050.jar -XX:+HeapDumpOnOutOfMemoryError -XX:HeapDumpPath=c:\Users\Admin\AppData\Roaming\Code\User\workspaceStorage\a23788f5b74dcf48517ce5fa43faa16f\redhat.java -Daether.dependencyCollector.impl=bf c:\Users\Admin\.vscode\extensions\redhat.java-1.46.0-win32-x64\server\plugins\org.eclipse.equinox.launcher_1.7.0.v20250519-0528.jar -configuration c:\Users\Admin\AppData\Roaming\Code\User\globalStorage\redhat.java\1.46.0\config_win -data c:\Users\Admin\AppData\Roaming\Code\User\workspaceStorage\a23788f5b74dcf48517ce5fa43faa16f\redhat.java\jdt_ws --pipe=\\.\pipe\lsp-2a29c6af905dd5160548031596dcfdc7-sock

Host: 11th Gen Intel(R) Core(TM) i5-11400H @ 2.70GHz, 12 cores, 7G,  Windows 11 , 64 bit Build 22621 (10.0.22621.5415)
Time: Sun Oct 19 22:49:02 2025 SE Asia Standard Time elapsed time: 1.037988 seconds (0d 0h 0m 1s)

---------------  T H R E A D  ---------------

Current thread (0x0000028e0046ad10):  JavaThread "C2 CompilerThread0" daemon [_thread_in_native, id=19732, stack(0x0000009a34a00000,0x0000009a34b00000) (1024K)]


Current CompileTask:
C2:1038  800       4       lombok.patcher.PatchScript::classMatches (41 bytes)

Stack: [0x0000009a34a00000,0x0000009a34b00000]
Native frames: (J=compiled Java code, j=interpreted, Vv=VM code, C=native code)
V  [jvm.dll+0x6d2449]
V  [jvm.dll+0x8ae341]
V  [jvm.dll+0x8b08be]
V  [jvm.dll+0x8b0fa3]
V  [jvm.dll+0x280c96]
V  [jvm.dll+0xc581d]
V  [jvm.dll+0xc5d53]
V  [jvm.dll+0x3b919c]
V  [jvm.dll+0x385315]
V  [jvm.dll+0x38477a]
V  [jvm.dll+0x248ed0]
V  [jvm.dll+0x2484af]
V  [jvm.dll+0x1c89ee]
V  [jvm.dll+0x257d4d]
V  [jvm.dll+0x2562ea]
V  [jvm.dll+0x3f2d16]
V  [jvm.dll+0x857e6b]
V  [jvm.dll+0x6d0b0d]
C  [ucrtbase.dll+0x29333]
C  [KERNEL32.DLL+0x1259d]
C  [ntdll.dll+0x5af78]


---------------  P R O C E S S  ---------------

Threads class SMR info:
_java_thread_list=0x0000028e007ecb80, length=11, elements={
0x0000028e26aa1570, 0x0000028e004644b0, 0x0000028e3d53c3c0, 0x0000028e3d53d460,
0x0000028e3d53e370, 0x0000028e00466270, 0x0000028e00467ed0, 0x0000028e0046ad10,
0x0000028e00491f90, 0x0000028e00565570, 0x0000028e0069f450
}

Java Threads: ( => current thread )
  0x0000028e26aa1570 JavaThread "main"                              [_thread_in_Java, id=6436, stack(0x0000009a34000000,0x0000009a34100000) (1024K)]
  0x0000028e004644b0 JavaThread "Reference Handler"          daemon [_thread_blocked, id=21596, stack(0x0000009a34400000,0x0000009a34500000) (1024K)]
  0x0000028e3d53c3c0 JavaThread "Finalizer"                  daemon [_thread_blocked, id=3904, stack(0x0000009a34500000,0x0000009a34600000) (1024K)]
  0x0000028e3d53d460 JavaThread "Signal Dispatcher"          daemon [_thread_blocked, id=9076, stack(0x0000009a34600000,0x0000009a34700000) (1024K)]
  0x0000028e3d53e370 JavaThread "Attach Listener"            daemon [_thread_blocked, id=13532, stack(0x0000009a34700000,0x0000009a34800000) (1024K)]
  0x0000028e00466270 JavaThread "Service Thread"             daemon [_thread_blocked, id=21228, stack(0x0000009a34800000,0x0000009a34900000) (1024K)]
  0x0000028e00467ed0 JavaThread "Monitor Deflation Thread"   daemon [_thread_blocked, id=17760, stack(0x0000009a34900000,0x0000009a34a00000) (1024K)]
=>0x0000028e0046ad10 JavaThread "C2 CompilerThread0"         daemon [_thread_in_native, id=19732, stack(0x0000009a34a00000,0x0000009a34b00000) (1024K)]
  0x0000028e00491f90 JavaThread "C1 CompilerThread0"         daemon [_thread_blocked, id=23972, stack(0x0000009a34b00000,0x0000009a34c00000) (1024K)]
  0x0000028e00565570 JavaThread "Common-Cleaner"             daemon [_thread_blocked, id=19820, stack(0x0000009a34c00000,0x0000009a34d00000) (1024K)]
  0x0000028e0069f450 JavaThread "Notification Thread"        daemon [_thread_blocked, id=22332, stack(0x0000009a34d00000,0x0000009a34e00000) (1024K)]
Total: 11

Other Threads:
  0x0000028e3d5253d0 VMThread "VM Thread"                           [id=2576, stack(0x0000009a34300000,0x0000009a34400000) (1024K)]
  0x0000028e26b0b580 WatcherThread "VM Periodic Task Thread"        [id=15592, stack(0x0000009a34200000,0x0000009a34300000) (1024K)]
  0x0000028e26abe7b0 WorkerThread "GC Thread#0"                     [id=7892, stack(0x0000009a34100000,0x0000009a34200000) (1024K)]
Total: 3

Threads with active compile tasks:
C2 CompilerThread0  1099  800       4       lombok.patcher.PatchScript::classMatches (41 bytes)
Total: 1

VM state: not at safepoint (normal execution)

VM Mutex/Monitor currently owned by a thread: None

Heap address: 0x0000000080000000, size: 2048 MB, Compressed Oops mode: 32-bit

CDS archive(s) mapped at: [0x0000028e3e000000-0x0000028e3eba0000-0x0000028e3eba0000), size 12189696, SharedBaseAddress: 0x0000028e3e000000, ArchiveRelocationMode: 1.
Compressed class space mapped at: 0x0000028e3f000000-0x0000028e7f000000, reserved size: 1073741824
Narrow klass base: 0x0000028e3e000000, Narrow klass shift: 0, Narrow klass range: 0x100000000

GC Precious Log:
 CardTable entry size: 512
 CPUs: 12 total, 12 available
 Memory: 7922M
 Large Page Support: Disabled
 NUMA Support: Disabled
 Compressed Oops: Enabled (32-bit)
 Alignments: Space 512K, Generation 512K, Heap 2M
 Heap Min Capacity: 100M
 Heap Initial Capacity: 100M
 Heap Max Capacity: 2G
 Pre-touch: Disabled
 Parallel Workers: 10

Heap:
 PSYoungGen      total 29696K, used 20563K [0x00000000d5580000, 0x00000000d7680000, 0x0000000100000000)
  eden space 25600K, 80% used [0x00000000d5580000,0x00000000d6994c70,0x00000000d6e80000)
  from space 4096K, 0% used [0x00000000d7280000,0x00000000d7280000,0x00000000d7680000)
  to   space 4096K, 0% used [0x00000000d6e80000,0x00000000d6e80000,0x00000000d7280000)
 ParOldGen       total 68608K, used 0K [0x0000000080000000, 0x0000000084300000, 0x00000000d5580000)
  object space 68608K, 0% used [0x0000000080000000,0x0000000080000000,0x0000000084300000)
 Metaspace       used 3597K, committed 3840K, reserved 1114112K
  class space    used 391K, committed 512K, reserved 1048576K

Card table byte_map: [0x0000028e26440000,0x0000028e26850000] _byte_map_base: 0x0000028e26040000

Marking Bits: (ParMarkBitMap*) 0x00007fff4d28a340
 Begin Bits: [0x0000028e38f40000, 0x0000028e3af40000)
 End Bits:   [0x0000028e3af40000, 0x0000028e3cf40000)

Polling page: 0x0000028e24970000

Metaspace:

Usage:
  Non-class:      3.13 MB used.
      Class:    391.74 KB used.
       Both:      3.51 MB used.

Virtual space:
  Non-class space:       64.00 MB reserved,       3.25 MB (  5%) committed,  1 nodes.
      Class space:        1.00 GB reserved,     512.00 KB ( <1%) committed,  1 nodes.
             Both:        1.06 GB reserved,       3.75 MB ( <1%) committed. 

Chunk freelists:
   Non-Class:  11.42 MB
       Class:  15.47 MB
        Both:  26.89 MB

MaxMetaspaceSize: unlimited
CompressedClassSpaceSize: 1.00 GB
Initial GC threshold: 21.00 MB
Current GC threshold: 21.00 MB
CDS: on
 - commit_granule_bytes: 65536.
 - commit_granule_words: 8192.
 - virtual_space_node_default_size: 8388608.
 - enlarge_chunks_in_place: 1.
 - use_allocation_guard: 0.


Internal statistics:

num_allocs_failed_limit: 0.
num_arena_births: 172.
num_arena_deaths: 0.
num_vsnodes_births: 2.
num_vsnodes_deaths: 0.
num_space_committed: 60.
num_space_uncommitted: 0.
num_chunks_returned_to_freelist: 0.
num_chunks_taken_from_freelist: 218.
num_chunk_merges: 0.
num_chunk_splits: 142.
num_chunks_enlarged: 79.
num_inconsistent_stats: 0.

CodeHeap 'non-profiled nmethods': size=120000Kb used=326Kb max_used=326Kb free=119673Kb
 bounds [0x0000028e31760000, 0x0000028e319d0000, 0x0000028e38c90000]
CodeHeap 'profiled nmethods': size=120000Kb used=1550Kb max_used=1550Kb free=118450Kb
 bounds [0x0000028e29c90000, 0x0000028e29f00000, 0x0000028e311c0000]
CodeHeap 'non-nmethods': size=5760Kb used=1201Kb max_used=1219Kb free=4558Kb
 bounds [0x0000028e311c0000, 0x0000028e31430000, 0x0000028e31760000]
CodeCache: size=245760Kb, used=3077Kb, max_used=3095Kb, free=242681Kb
 total_blobs=1411, nmethods=960, adapters=358, full_count=0
Compilation: enabled, stopped_count=0, restarted_count=0

Compilation events (20 events):
Event: 1.023 Thread 0x0000028e00491f90  958       3       jdk.internal.util.ArraysSupport::mismatch (73 bytes)
Event: 1.023 Thread 0x0000028e00491f90 nmethod 958 0x0000028e29e0b590 code [0x0000028e29e0b780, 0x0000028e29e0bb70]
Event: 1.023 Thread 0x0000028e00491f90  959       3       java.util.Arrays::equals (43 bytes)
Event: 1.024 Thread 0x0000028e00491f90 nmethod 959 0x0000028e29e0bd90 code [0x0000028e29e0bf60, 0x0000028e29e0c228]
Event: 1.024 Thread 0x0000028e00491f90  960       1       java.lang.reflect.Constructor::getSharedParameterTypes (5 bytes)
Event: 1.024 Thread 0x0000028e00491f90 nmethod 960 0x0000028e317b1410 code [0x0000028e317b15a0, 0x0000028e317b1668]
Event: 1.024 Thread 0x0000028e00491f90  961       3       java.lang.String::valueOf (15 bytes)
Event: 1.024 Thread 0x0000028e00491f90 nmethod 961 0x0000028e29e0c310 code [0x0000028e29e0c4c0, 0x0000028e29e0c6c8]
Event: 1.024 Thread 0x0000028e00491f90  962       3       java.math.MutableBigInteger::unsignedLongCompare (20 bytes)
Event: 1.024 Thread 0x0000028e00491f90 nmethod 962 0x0000028e29e0c790 code [0x0000028e29e0c920, 0x0000028e29e0ca90]
Event: 1.028 Thread 0x0000028e00491f90  965 %     3       java.math.BigInteger::implMultiplyToLen @ 135 (216 bytes)
Event: 1.029 Thread 0x0000028e00491f90 nmethod 965% 0x0000028e29e0cb10 code [0x0000028e29e0cd20, 0x0000028e29e0d408]
Event: 1.030 Thread 0x0000028e00491f90  967       3       sun.security.util.DerValue::toDigit (51 bytes)
Event: 1.030 Thread 0x0000028e00491f90 nmethod 967 0x0000028e29e0d890 code [0x0000028e29e0dae0, 0x0000028e29e0e190]
Event: 1.030 Thread 0x0000028e00491f90  968       3       java.util.Arrays::hashCode (60 bytes)
Event: 1.030 Thread 0x0000028e00491f90 nmethod 968 0x0000028e29e0e490 code [0x0000028e29e0e660, 0x0000028e29e0e8e8]
Event: 1.035 Thread 0x0000028e00491f90  971       2       java.util.Arrays::copyOfRange (25 bytes)
Event: 1.036 Thread 0x0000028e00491f90 nmethod 971 0x0000028e29e0ea10 code [0x0000028e29e0ec40, 0x0000028e29e0f1c8]
Event: 1.036 Thread 0x0000028e00491f90  972       3       java.math.BigInteger::implMultiplyToLen (216 bytes)
Event: 1.036 Thread 0x0000028e00491f90 nmethod 972 0x0000028e29e0f510 code [0x0000028e29e0f700, 0x0000028e29e0fca8]

GC Heap History (0 events):
No events

Dll operation events (8 events):
Event: 0.023 Loaded shared library c:\Users\Admin\.vscode\extensions\redhat.java-1.46.0-win32-x64\jre\21.0.8-win32-x86_64\bin\java.dll
Event: 0.192 Loaded shared library c:\Users\Admin\.vscode\extensions\redhat.java-1.46.0-win32-x64\jre\21.0.8-win32-x86_64\bin\zip.dll
Event: 0.233 Loaded shared library C:\Users\Admin\.vscode\extensions\redhat.java-1.46.0-win32-x64\jre\21.0.8-win32-x86_64\bin\instrument.dll
Event: 0.241 Loaded shared library C:\Users\Admin\.vscode\extensions\redhat.java-1.46.0-win32-x64\jre\21.0.8-win32-x86_64\bin\net.dll
Event: 0.243 Loaded shared library C:\Users\Admin\.vscode\extensions\redhat.java-1.46.0-win32-x64\jre\21.0.8-win32-x86_64\bin\nio.dll
Event: 0.252 Loaded shared library C:\Users\Admin\.vscode\extensions\redhat.java-1.46.0-win32-x64\jre\21.0.8-win32-x86_64\bin\zip.dll
Event: 0.283 Loaded shared library C:\Users\Admin\.vscode\extensions\redhat.java-1.46.0-win32-x64\jre\21.0.8-win32-x86_64\bin\jimage.dll
Event: 0.426 Loaded shared library c:\Users\Admin\.vscode\extensions\redhat.java-1.46.0-win32-x64\jre\21.0.8-win32-x86_64\bin\verify.dll

Deoptimization events (20 events):
Event: 1.036 Thread 0x0000028e26aa1570 DEOPT PACKING pc=0x0000028e29d90104 sp=0x0000009a340fe2b0
Event: 1.036 Thread 0x0000028e26aa1570 DEOPT UNPACKING pc=0x0000028e312178e2 sp=0x0000009a340fd708 mode 0
Event: 1.036 Thread 0x0000028e26aa1570 DEOPT PACKING pc=0x0000028e29d90104 sp=0x0000009a340fe330
Event: 1.036 Thread 0x0000028e26aa1570 DEOPT UNPACKING pc=0x0000028e312178e2 sp=0x0000009a340fd788 mode 0
Event: 1.036 Thread 0x0000028e26aa1570 DEOPT PACKING pc=0x0000028e29d90104 sp=0x0000009a340fe330
Event: 1.036 Thread 0x0000028e26aa1570 DEOPT UNPACKING pc=0x0000028e312178e2 sp=0x0000009a340fd788 mode 0
Event: 1.036 Thread 0x0000028e26aa1570 DEOPT PACKING pc=0x0000028e29d90104 sp=0x0000009a340fe2b0
Event: 1.036 Thread 0x0000028e26aa1570 DEOPT UNPACKING pc=0x0000028e312178e2 sp=0x0000009a340fd708 mode 0
Event: 1.036 Thread 0x0000028e26aa1570 DEOPT PACKING pc=0x0000028e29d90104 sp=0x0000009a340fe330
Event: 1.036 Thread 0x0000028e26aa1570 DEOPT UNPACKING pc=0x0000028e312178e2 sp=0x0000009a340fd788 mode 0
Event: 1.036 Thread 0x0000028e26aa1570 DEOPT PACKING pc=0x0000028e29d90104 sp=0x0000009a340fe330
Event: 1.036 Thread 0x0000028e26aa1570 DEOPT UNPACKING pc=0x0000028e312178e2 sp=0x0000009a340fd788 mode 0
Event: 1.036 Thread 0x0000028e26aa1570 DEOPT PACKING pc=0x0000028e29d90104 sp=0x0000009a340fe2b0
Event: 1.036 Thread 0x0000028e26aa1570 DEOPT UNPACKING pc=0x0000028e312178e2 sp=0x0000009a340fd708 mode 0
Event: 1.036 Thread 0x0000028e26aa1570 DEOPT PACKING pc=0x0000028e29d90104 sp=0x0000009a340fe330
Event: 1.036 Thread 0x0000028e26aa1570 DEOPT UNPACKING pc=0x0000028e312178e2 sp=0x0000009a340fd788 mode 0
Event: 1.036 Thread 0x0000028e26aa1570 DEOPT PACKING pc=0x0000028e29d90104 sp=0x0000009a340fe330
Event: 1.036 Thread 0x0000028e26aa1570 DEOPT UNPACKING pc=0x0000028e312178e2 sp=0x0000009a340fd788 mode 0
Event: 1.036 Thread 0x0000028e26aa1570 DEOPT PACKING pc=0x0000028e29d90104 sp=0x0000009a340fe2b0
Event: 1.036 Thread 0x0000028e26aa1570 DEOPT UNPACKING pc=0x0000028e312178e2 sp=0x0000009a340fd708 mode 0

Classes loaded (20 events):
Event: 0.997 Loading class sun/nio/fs/WindowsFileSystemProvider$1
Event: 0.997 Loading class sun/nio/fs/WindowsFileSystemProvider$1 done
Event: 0.997 Loading class sun/nio/fs/WindowsLinkSupport
Event: 0.997 Loading class sun/nio/fs/WindowsLinkSupport done
Event: 0.998 Loading class sun/nio/fs/WindowsAclFileAttributeView
Event: 0.998 Loading class sun/nio/fs/AbstractAclFileAttributeView
Event: 0.998 Loading class java/nio/file/attribute/AclFileAttributeView
Event: 0.998 Loading class java/nio/file/attribute/FileOwnerAttributeView
Event: 0.998 Loading class java/nio/file/attribute/FileOwnerAttributeView done
Event: 0.998 Loading class java/nio/file/attribute/AclFileAttributeView done
Event: 0.998 Loading class sun/nio/fs/AbstractAclFileAttributeView done
Event: 0.998 Loading class sun/nio/fs/WindowsAclFileAttributeView done
Event: 0.998 Loading class sun/nio/fs/WindowsSecurity
Event: 0.998 Loading class sun/nio/fs/WindowsSecurity done
Event: 0.999 Loading class sun/nio/fs/WindowsFileStore
Event: 0.999 Loading class java/nio/file/FileStore
Event: 0.999 Loading class java/nio/file/FileStore done
Event: 0.999 Loading class sun/nio/fs/WindowsFileStore done
Event: 1.002 Loading class java/net/URLClassLoader$1
Event: 1.002 Loading class java/net/URLClassLoader$1 done

Classes unloaded (0 events):
No events

Classes redefined (0 events):
No events

Internal exceptions (20 events):
Event: 0.343 Thread 0x0000028e26aa1570 Exception <a 'java/lang/NoSuchMethodError'{0x00000000d59de4b8}: 'java.lang.Object java.lang.invoke.DirectMethodHandle$Holder.invokeStatic(java.lang.Object, java.lang.Object, java.lang.Object, java.lang.Object, int)'> (0x00000000d59de4b8) 
thrown [s\src\hotspot\share\interpreter\linkResolver.cpp, line 773]
Event: 0.350 Thread 0x0000028e26aa1570 Exception <a 'java/lang/NoSuchMethodError'{0x00000000d59e9960}: 'void java.lang.invoke.DelegatingMethodHandle$Holder.reinvoke_L(java.lang.Object, java.lang.Object, java.lang.Object, int, java.lang.Object)'> (0x00000000d59e9960) 
thrown [s\src\hotspot\share\interpreter\linkResolver.cpp, line 773]
Event: 0.355 Thread 0x0000028e26aa1570 Exception <a 'java/lang/NoSuchMethodError'{0x00000000d59fa2b0}: 'int java.lang.invoke.DirectMethodHandle$Holder.invokeSpecial(java.lang.Object, java.lang.Object, java.lang.Object)'> (0x00000000d59fa2b0) 
thrown [s\src\hotspot\share\interpreter\linkResolver.cpp, line 773]
Event: 0.358 Thread 0x0000028e26aa1570 Exception <a 'java/lang/NoSuchMethodError'{0x00000000d5a05f70}: 'java.lang.Object java.lang.invoke.DirectMethodHandle$Holder.invokeStatic(java.lang.Object, java.lang.Object, int)'> (0x00000000d5a05f70) 
thrown [s\src\hotspot\share\interpreter\linkResolver.cpp, line 773]
Event: 0.359 Thread 0x0000028e26aa1570 Exception <a 'java/lang/NoSuchMethodError'{0x00000000d5a0a8c0}: 'void java.lang.invoke.DirectMethodHandle$Holder.invokeStatic(java.lang.Object, java.lang.Object, int, java.lang.Object)'> (0x00000000d5a0a8c0) 
thrown [s\src\hotspot\share\interpreter\linkResolver.cpp, line 773]
Event: 0.360 Thread 0x0000028e26aa1570 Exception <a 'java/lang/NoSuchMethodError'{0x00000000d5a0e450}: 'void java.lang.invoke.DirectMethodHandle$Holder.invokeSpecial(java.lang.Object, java.lang.Object, java.lang.Object, int, java.lang.Object)'> (0x00000000d5a0e450) 
thrown [s\src\hotspot\share\interpreter\linkResolver.cpp, line 773]
Event: 0.360 Thread 0x0000028e26aa1570 Exception <a 'java/lang/NoSuchMethodError'{0x00000000d5a118c0}: 'void java.lang.invoke.DelegatingMethodHandle$Holder.delegate(java.lang.Object, java.lang.Object, int, java.lang.Object)'> (0x00000000d5a118c0) 
thrown [s\src\hotspot\share\interpreter\linkResolver.cpp, line 773]
Event: 0.470 Thread 0x0000028e26aa1570 Exception <a 'java/lang/NoSuchMethodError'{0x00000000d5bd1b68}: 'void java.lang.invoke.DelegatingMethodHandle$Holder.reinvoke_L(java.lang.Object, java.lang.Object, java.lang.Object, int)'> (0x00000000d5bd1b68) 
thrown [s\src\hotspot\share\interpreter\linkResolver.cpp, line 773]
Event: 0.751 Thread 0x0000028e26aa1570 Exception <a 'java/lang/NoSuchMethodError'{0x00000000d60600c0}: 'void java.lang.invoke.DirectMethodHandle$Holder.invokeVirtual(java.lang.Object, java.lang.Object)'> (0x00000000d60600c0) 
thrown [s\src\hotspot\share\interpreter\linkResolver.cpp, line 773]
Event: 0.900 Thread 0x0000028e26aa1570 Exception <a 'java/lang/NoSuchMethodError'{0x00000000d6445eb8}: 'void java.lang.invoke.DirectMethodHandle$Holder.invokeStatic(java.lang.Object, java.lang.Object)'> (0x00000000d6445eb8) 
thrown [s\src\hotspot\share\interpreter\linkResolver.cpp, line 773]
Event: 0.905 Thread 0x0000028e26aa1570 Exception <a 'java/lang/ClassNotFoundException'{0x00000000d646e030}: sun/net/www/protocol/c/Handler> (0x00000000d646e030) 
thrown [s\src\hotspot\share\classfile\systemDictionary.cpp, line 312]
Event: 0.922 Thread 0x0000028e26aa1570 Exception <a 'java/io/FileNotFoundException'{0x00000000d64cbcd8}> (0x00000000d64cbcd8) 
thrown [s\src\hotspot\share\prims\jni.cpp, line 520]
Event: 0.923 Thread 0x0000028e26aa1570 Exception <a 'java/io/FileNotFoundException'{0x00000000d64cd040}> (0x00000000d64cd040) 
thrown [s\src\hotspot\share\prims\jni.cpp, line 520]
Event: 0.923 Thread 0x0000028e26aa1570 Exception <a 'java/io/FileNotFoundException'{0x00000000d64cdcb8}> (0x00000000d64cdcb8) 
thrown [s\src\hotspot\share\prims\jni.cpp, line 520]
Event: 0.923 Thread 0x0000028e26aa1570 Exception <a 'java/io/FileNotFoundException'{0x00000000d64ce7f8}> (0x00000000d64ce7f8) 
thrown [s\src\hotspot\share\prims\jni.cpp, line 520]
Event: 0.930 Thread 0x0000028e26aa1570 Exception <a 'java/io/FileNotFoundException'{0x00000000d6508988}> (0x00000000d6508988) 
thrown [s\src\hotspot\share\prims\jni.cpp, line 520]
Event: 0.942 Thread 0x0000028e26aa1570 Exception <a 'java/lang/NoSuchMethodError'{0x00000000d6544740}: 'java.lang.Object java.lang.invoke.DirectMethodHandle$Holder.invokeInterface(java.lang.Object, java.lang.Object)'> (0x00000000d6544740) 
thrown [s\src\hotspot\share\interpreter\linkResolver.cpp, line 773]
Event: 0.947 Thread 0x0000028e26aa1570 Exception <a 'java/lang/NoSuchMethodError'{0x00000000d6558228}: 'java.lang.Object java.lang.invoke.Invokers$Holder.invokeExact_MT(java.lang.Object, java.lang.Object, java.lang.Object, java.lang.Object, java.lang.Object, java.lang.Object)'> (0x00000000d6558228) 
thrown [s\src\hotspot\share\interpreter\linkResolver.cpp, line 773]
Event: 0.952 Thread 0x0000028e26aa1570 Exception <a 'java/lang/NoSuchMethodError'{0x00000000d656f480}: 'int java.lang.invoke.DirectMethodHandle$Holder.invokeStatic(java.lang.Object, java.lang.Object, java.lang.Object, java.lang.Object, java.lang.Object)'> (0x00000000d656f480) 
thrown [s\src\hotspot\share\interpreter\linkResolver.cpp, line 773]
Event: 0.976 Thread 0x0000028e26aa1570 Exception <a 'java/lang/NoSuchMethodError'{0x00000000d6606108}: 'java.lang.Object java.lang.invoke.DirectMethodHandle$Holder.invokeInterface(java.lang.Object, java.lang.Object, int)'> (0x00000000d6606108) 
thrown [s\src\hotspot\share\interpreter\linkResolver.cpp, line 773]

ZGC Phase Switch (0 events):
No events

VM Operations (6 events):
Event: 0.164 Executing VM operation: HandshakeAllThreads (Deoptimize)
Event: 0.190 Executing VM operation: HandshakeAllThreads (Deoptimize) done
Event: 0.308 Executing VM operation: HandshakeAllThreads (Deoptimize)
Event: 0.308 Executing VM operation: HandshakeAllThreads (Deoptimize) done
Event: 0.895 Executing VM operation: HandshakeAllThreads (Deoptimize)
Event: 0.895 Executing VM operation: HandshakeAllThreads (Deoptimize) done

Memory protections (0 events):
No events

Nmethod flushes (0 events):
No events

Events (11 events):
Event: 0.070 Thread 0x0000028e26aa1570 Thread added: 0x0000028e26aa1570
Event: 0.096 Thread 0x0000028e26aa1570 Thread added: 0x0000028e004644b0
Event: 0.096 Thread 0x0000028e26aa1570 Thread added: 0x0000028e3d53c3c0
Event: 0.096 Thread 0x0000028e26aa1570 Thread added: 0x0000028e3d53d460
Event: 0.096 Thread 0x0000028e26aa1570 Thread added: 0x0000028e3d53e370
Event: 0.097 Thread 0x0000028e26aa1570 Thread added: 0x0000028e00466270
Event: 0.097 Thread 0x0000028e26aa1570 Thread added: 0x0000028e00467ed0
Event: 0.097 Thread 0x0000028e26aa1570 Thread added: 0x0000028e0046ad10
Event: 0.098 Thread 0x0000028e26aa1570 Thread added: 0x0000028e00491f90
Event: 0.144 Thread 0x0000028e26aa1570 Thread added: 0x0000028e00565570
Event: 0.634 Thread 0x0000028e26aa1570 Thread added: 0x0000028e0069f450


Dynamic libraries:
0x00007ff675870000 - 0x00007ff67587e000 	c:\Users\Admin\.vscode\extensions\redhat.java-1.46.0-win32-x64\jre\21.0.8-win32-x86_64\bin\java.exe
0x00007ff831310000 - 0x00007ff831527000 	C:\WINDOWS\SYSTEM32\ntdll.dll
0x00007ff830860000 - 0x00007ff830924000 	C:\WINDOWS\System32\KERNEL32.DLL
0x00007ff82e630000 - 0x00007ff82ea00000 	C:\WINDOWS\System32\KERNELBASE.dll
0x00007ff82ea80000 - 0x00007ff82eb91000 	C:\WINDOWS\System32\ucrtbase.dll
0x00007fffd8720000 - 0x00007fffd873e000 	c:\Users\Admin\.vscode\extensions\redhat.java-1.46.0-win32-x64\jre\21.0.8-win32-x86_64\bin\VCRUNTIME140.dll
0x00007fffe4a70000 - 0x00007fffe4a88000 	c:\Users\Admin\.vscode\extensions\redhat.java-1.46.0-win32-x64\jre\21.0.8-win32-x86_64\bin\jli.dll
0x00007ff830f20000 - 0x00007ff8310d1000 	C:\WINDOWS\System32\USER32.dll
0x00007ff80ed80000 - 0x00007ff80f01c000 	C:\WINDOWS\WinSxS\amd64_microsoft.windows.common-controls_6595b64144ccf1df_6.0.22621.5840_none_2710ea077384a4fe\COMCTL32.dll
0x00007ff82ee50000 - 0x00007ff82ee76000 	C:\WINDOWS\System32\win32u.dll
0x00007ff830c10000 - 0x00007ff830cb7000 	C:\WINDOWS\System32\msvcrt.dll
0x00007ff8312a0000 - 0x00007ff8312c9000 	C:\WINDOWS\System32\GDI32.dll
0x00007ff82e4d0000 - 0x00007ff82e5f3000 	C:\WINDOWS\System32\gdi32full.dll
0x00007ff82ee80000 - 0x00007ff82ef1a000 	C:\WINDOWS\System32\msvcp_win.dll
0x00007ff830ec0000 - 0x00007ff830ef1000 	C:\WINDOWS\System32\IMM32.DLL
0x00007ff81a3d0000 - 0x00007ff81a3dc000 	c:\Users\Admin\.vscode\extensions\redhat.java-1.46.0-win32-x64\jre\21.0.8-win32-x86_64\bin\vcruntime140_1.dll
0x00007fffb2c10000 - 0x00007fffb2c9d000 	c:\Users\Admin\.vscode\extensions\redhat.java-1.46.0-win32-x64\jre\21.0.8-win32-x86_64\bin\msvcp140.dll
0x00007fff4c5d0000 - 0x00007fff4d367000 	c:\Users\Admin\.vscode\extensions\redhat.java-1.46.0-win32-x64\jre\21.0.8-win32-x86_64\bin\server\jvm.dll
0x00007ff8311d0000 - 0x00007ff831281000 	C:\WINDOWS\System32\ADVAPI32.dll
0x00007ff82fb80000 - 0x00007ff82fc28000 	C:\WINDOWS\System32\sechost.dll
0x00007ff82e600000 - 0x00007ff82e628000 	C:\WINDOWS\System32\bcrypt.dll
0x00007ff830af0000 - 0x00007ff830c08000 	C:\WINDOWS\System32\RPCRT4.dll
0x00007ff82efa0000 - 0x00007ff82f011000 	C:\WINDOWS\System32\WS2_32.dll
0x00007ff82d200000 - 0x00007ff82d24d000 	C:\WINDOWS\SYSTEM32\POWRPROF.dll
0x00007ff8210f0000 - 0x00007ff821124000 	C:\WINDOWS\SYSTEM32\WINMM.dll
0x00007ff822f60000 - 0x00007ff822f6a000 	C:\WINDOWS\SYSTEM32\VERSION.dll
0x00007ff82d1e0000 - 0x00007ff82d1f3000 	C:\WINDOWS\SYSTEM32\UMPDC.dll
0x00007ff82d4b0000 - 0x00007ff82d4c8000 	C:\WINDOWS\SYSTEM32\kernel.appcore.dll
0x00007ff812270000 - 0x00007ff81227a000 	c:\Users\Admin\.vscode\extensions\redhat.java-1.46.0-win32-x64\jre\21.0.8-win32-x86_64\bin\jimage.dll
0x00007ff82bbd0000 - 0x00007ff82be03000 	C:\WINDOWS\SYSTEM32\DBGHELP.DLL
0x00007ff82f240000 - 0x00007ff82f5d1000 	C:\WINDOWS\System32\combase.dll
0x00007ff82f160000 - 0x00007ff82f238000 	C:\WINDOWS\System32\OLEAUT32.dll
0x00007ff820710000 - 0x00007ff820742000 	C:\WINDOWS\SYSTEM32\dbgcore.DLL
0x00007ff82ea00000 - 0x00007ff82ea7b000 	C:\WINDOWS\System32\bcryptPrimitives.dll
0x00007ff810290000 - 0x00007ff81029f000 	c:\Users\Admin\.vscode\extensions\redhat.java-1.46.0-win32-x64\jre\21.0.8-win32-x86_64\bin\instrument.dll
0x00007fffd8700000 - 0x00007fffd871f000 	c:\Users\Admin\.vscode\extensions\redhat.java-1.46.0-win32-x64\jre\21.0.8-win32-x86_64\bin\java.dll
0x00007ff82fc30000 - 0x00007ff8304d1000 	C:\WINDOWS\System32\SHELL32.dll
0x00007ff82ed10000 - 0x00007ff82ee4f000 	C:\WINDOWS\System32\wintypes.dll
0x00007ff82c2a0000 - 0x00007ff82cbba000 	C:\WINDOWS\SYSTEM32\windows.storage.dll
0x00007ff8305f0000 - 0x00007ff8306fa000 	C:\WINDOWS\System32\SHCORE.dll
0x00007ff8310e0000 - 0x00007ff831149000 	C:\WINDOWS\System32\shlwapi.dll
0x00007ff82e340000 - 0x00007ff82e365000 	C:\WINDOWS\SYSTEM32\profapi.dll
0x00007fffc46c0000 - 0x00007fffc46d8000 	c:\Users\Admin\.vscode\extensions\redhat.java-1.46.0-win32-x64\jre\21.0.8-win32-x86_64\bin\zip.dll
0x00007ff80fc30000 - 0x00007ff80fc40000 	C:\Users\Admin\.vscode\extensions\redhat.java-1.46.0-win32-x64\jre\21.0.8-win32-x86_64\bin\net.dll
0x00007ff823e10000 - 0x00007ff823f3c000 	C:\WINDOWS\SYSTEM32\WINHTTP.dll
0x00007ff82d9b0000 - 0x00007ff82da19000 	C:\WINDOWS\system32\mswsock.dll
0x00007fffbf1e0000 - 0x00007fffbf1f6000 	C:\Users\Admin\.vscode\extensions\redhat.java-1.46.0-win32-x64\jre\21.0.8-win32-x86_64\bin\nio.dll
0x00007ff80c7a0000 - 0x00007ff80c7b0000 	c:\Users\Admin\.vscode\extensions\redhat.java-1.46.0-win32-x64\jre\21.0.8-win32-x86_64\bin\verify.dll

JVMTI agents:
c:\Users\Admin\.vscode\extensions\redhat.java-1.46.0-win32-x64\lombok\lombok-1.18.39-4050.jar path:c:\Users\Admin\.vscode\extensions\redhat.java-1.46.0-win32-x64\jre\21.0.8-win32-x86_64\bin\instrument.dll, loaded, initialized, instrumentlib options:none

dbghelp: loaded successfully - version: 4.0.5 - missing functions: none
symbol engine: initialized successfully - sym options: 0x614 - pdb path: .;c:\Users\Admin\.vscode\extensions\redhat.java-1.46.0-win32-x64\jre\21.0.8-win32-x86_64\bin;C:\WINDOWS\SYSTEM32;C:\WINDOWS\WinSxS\amd64_microsoft.windows.common-controls_6595b64144ccf1df_6.0.22621.5840_none_2710ea077384a4fe;c:\Users\Admin\.vscode\extensions\redhat.java-1.46.0-win32-x64\jre\21.0.8-win32-x86_64\bin\server

VM Arguments:
jvm_args: --add-modules=ALL-SYSTEM --add-opens=java.base/java.util=ALL-UNNAMED --add-opens=java.base/java.lang=ALL-UNNAMED --add-opens=java.base/sun.nio.fs=ALL-UNNAMED -Declipse.application=org.eclipse.jdt.ls.core.id1 -Dosgi.bundles.defaultStartLevel=4 -Declipse.product=org.eclipse.jdt.ls.core.product -Djava.import.generatesMetadataFilesAtProjectRoot=false -DDetectVMInstallationsJob.disabled=true -Dfile.encoding=utf8 -XX:+UseParallelGC -XX:GCTimeRatio=4 -XX:AdaptiveSizePolicyWeight=90 -Dsun.zip.disableMemoryMapping=true -Xmx2G -Xms100m -Xlog:disable -javaagent:c:\Users\Admin\.vscode\extensions\redhat.java-1.46.0-win32-x64\lombok\lombok-1.18.39-4050.jar -XX:+HeapDumpOnOutOfMemoryError -XX:HeapDumpPath=c:\Users\Admin\AppData\Roaming\Code\User\workspaceStorage\a23788f5b74dcf48517ce5fa43faa16f\redhat.java -Daether.dependencyCollector.impl=bf 
java_command: c:\Users\Admin\.vscode\extensions\redhat.java-1.46.0-win32-x64\server\plugins\org.eclipse.equinox.launcher_1.7.0.v20250519-0528.jar -configuration c:\Users\Admin\AppData\Roaming\Code\User\globalStorage\redhat.java\1.46.0\config_win -data c:\Users\Admin\AppData\Roaming\Code\User\workspaceStorage\a23788f5b74dcf48517ce5fa43faa16f\redhat.java\jdt_ws --pipe=\\.\pipe\lsp-2a29c6af905dd5160548031596dcfdc7-sock
java_class_path (initial): c:\Users\Admin\.vscode\extensions\redhat.java-1.46.0-win32-x64\server\plugins\org.eclipse.equinox.launcher_1.7.0.v20250519-0528.jar
Launcher Type: SUN_STANDARD

[Global flags]
    uintx AdaptiveSizePolicyWeight                 = 90                                        {product} {command line}
     intx CICompilerCount                          = 4                                         {product} {ergonomic}
    uintx GCTimeRatio                              = 4                                         {product} {command line}
     bool HeapDumpOnOutOfMemoryError               = true                                   {manageable} {command line}
    ccstr HeapDumpPath                             = c:\Users\Admin\AppData\Roaming\Code\User\workspaceStorage\a23788f5b74dcf48517ce5fa43faa16f\redhat.java         {manageable} {command line}
   size_t InitialHeapSize                          = 104857600                                 {product} {command line}
   size_t MaxHeapSize                              = 2147483648                                {product} {command line}
   size_t MaxNewSize                               = 715653120                                 {product} {ergonomic}
   size_t MinHeapDeltaBytes                        = 524288                                    {product} {ergonomic}
   size_t MinHeapSize                              = 104857600                                 {product} {command line}
   size_t NewSize                                  = 34603008                                  {product} {ergonomic}
    uintx NonNMethodCodeHeapSize                   = 5839372                                {pd product} {ergonomic}
    uintx NonProfiledCodeHeapSize                  = 122909434                              {pd product} {ergonomic}
   size_t OldSize                                  = 70254592                                  {product} {ergonomic}
    uintx ProfiledCodeHeapSize                     = 122909434                              {pd product} {ergonomic}
    uintx ReservedCodeCacheSize                    = 251658240                              {pd product} {ergonomic}
     bool SegmentedCodeCache                       = true                                      {product} {ergonomic}
   size_t SoftMaxHeapSize                          = 2147483648                             {manageable} {ergonomic}
     bool UseCompressedOops                        = true                           {product lp64_product} {ergonomic}
     bool UseLargePagesIndividualAllocation        = false                                  {pd product} {ergonomic}
     bool UseParallelGC                            = true                                      {product} {command line}

Logging:
Log output configuration:
 #0: stdout all=off uptime,level,tags foldmultilines=false
 #1: stderr all=off uptime,level,tags foldmultilines=false

Environment Variables:
JAVA_HOME=C:\Users\Admin\Downloads\jdk-22_windows-x64_bin\jdk-22.0.1
PATH=C:\Python313\Scripts\;C:\Python313\;C:\Program Files\Common Files\Oracle\Java\javapath;C:\Program Files (x86)\Common Files\Oracle\Java\java8path;C:\Program Files (x86)\Common Files\Oracle\Java\javapath;C:\Program Files\Microsoft MPI\Bin\;C:\Windows\system32;C:\Windows;C:\Windows\System32\Wbem;C:\Windows\System32\WindowsPowerShell\v1.0\;C:\Windows\System32\OpenSSH\;C:\Program Files (x86)\NVIDIA Corporation\PhysX\Common;C:\Program Files\NVIDIA Corporation\NVIDIA NvDLISR;C:\WINDOWS\system32;C:\WINDOWS;C:\WINDOWS\System32\Wbem;C:\WINDOWS\System32\WindowsPowerShell\v1.0\;C:\WINDOWS\System32\OpenSSH\;C:\Program Files\dotnet\;C:\Program Files (x86)\Microsoft SQL Server\160\Tools\Binn\;C:\Program Files\Microsoft SQL Server\160\Tools\Binn\;C:\Program Files\Microsoft SQL Server\Client SDK\ODBC\170\Tools\Binn\;C:\Program Files\Microsoft SQL Server\160\DTS\Binn\;C:\Users\Admin\Downloads\jdk-22_windows-x64_bin\jdk-22.0.1\bin;C:\Users\Admin\Downloads\apache-maven-3.9.6\bin;C:\Users\Admin\Downloads\apache-maven-3.9.6\bin;C:\Users\Admin\Downloads\jdk-22_windows-x64_bin\myprj\movewar.bat;C:\Program Files\Git\cmd;C:\Program Files\nodejs\;C:\ProgramData\chocolatey\bin;C:\Program Files\Docker\Docker\resources\bin;C:\msys64\mingw64\bin;C:\Users\Admin\AppData\Local\Programs\Python\Launcher\;C:\Program Files\MySQL\MySQL Shell 8.0\bin\;C:\texlive\2022\bin\win32;C:\Users\Admin\AppData\Local\Microsoft\WindowsApps;C:\Users\Admin\AppData\Local\Programs\Microsoft VS Code\bin;C:\Program Files\Azure Data Studio\bin;C:\MinGW\bin;C:\Users\Admin\Downloads\apache-maven-3.9.6\bin\mvn;C:\Users\Admin\Downloads\jdk-22_windows-x64_bin\jdk-22.0.1\bin;C:\Users\Admin\AppData\Roaming\npm;C:\Programing Files\nodejs;C:\Users\Admin\AppData\Local\GitHubDesktop\bin;F:\IntelliJ IDEA 2025.1\bin;
USERNAME=Admin
OS=Windows_NT
PROCESSOR_IDENTIFIER=Intel64 Family 6 Model 141 Stepping 1, GenuineIntel
TMP=C:\Users\Admin\AppData\Local\Temp
TEMP=C:\Users\Admin\AppData\Local\Temp




Periodic native trim disabled

---------------  S Y S T E M  ---------------

OS:
 Windows 11 , 64 bit Build 22621 (10.0.22621.5415)
OS uptime: 1 days 8:44 hours
Hyper-V role detected

CPU: total 12 (initial active 12) (6 cores per cpu, 2 threads per core) family 6 model 141 stepping 1 microcode 0x56, cx8, cmov, fxsr, ht, mmx, 3dnowpref, sse, sse2, sse3, ssse3, sse4.1, sse4.2, popcnt, lzcnt, tsc, tscinvbit, avx, avx2, aes, erms, clmul, bmi1, bmi2, adx, avx512f, avx512dq, avx512cd, avx512bw, avx512vl, sha, fma, vzeroupper, avx512_vpopcntdq, avx512_vpclmulqdq, avx512_vaes, avx512_vnni, clflush, clflushopt, clwb, avx512_vbmi2, avx512_vbmi, hv, rdtscp, rdpid, fsrm, gfni, avx512_bitalg, f16c, cet_ibt, cet_ss, avx512_ifma
Processor Information for the first 12 processors :
  Max Mhz: 2688, Current Mhz: 2688, Mhz Limit: 2688

Memory: 4k page, system-wide physical 7922M (256M free)
TotalPageFile size 26829M (AvailPageFile size 7M)
current process WorkingSet (physical memory assigned to process): 66M, peak: 66M
current process commit charge ("private bytes"): 237M, peak: 237M

vm_info: OpenJDK 64-Bit Server VM (21.0.8+9-LTS) for windows-amd64 JRE (21.0.8+9-LTS), built on 2025-07-15T00:00:00Z by "admin" with MS VC++ 17.7 (VS2022)

END.
