#
# There is insufficient memory for the Java Runtime Environment to continue.
# Native memory allocation (malloc) failed to allocate 1076080 bytes. Error detail: Chunk::new
# Possible reasons:
#   The system is out of physical RAM or swap space
#   This process is running with CompressedOops enabled, and the Java Heap may be blocking the growth of the native heap
# Possible solutions:
#   Reduce memory load on the system
#   Increase physical memory or swap space
#   Check if swap backing store is full
#   Decrease Java heap size (-Xmx/-Xms)
#   Decrease number of Java threads
#   Decrease Java thread stack sizes (-Xss)
#   Set larger code cache with -XX:ReservedCodeCacheSize=
#   JVM is running with Unscaled Compressed Oops mode in which the Java heap is
#     placed in the first 4GB address space. The Java Heap base address is the
#     maximum limit for the native heap growth. Please use -XX:HeapBaseMinAddress
#     to set the Java Heap base and to place the Java Heap above 4GB virtual address.
# This output file may be truncated or incomplete.
#
#  Out of Memory Error (arena.cpp:168), pid=11416, tid=6728
#
# JRE version: OpenJDK Runtime Environment Temurin-21.0.9+10 (21.0.9+10) (build 21.0.9+10-LTS)
# Java VM: OpenJDK 64-Bit Server VM Temurin-21.0.9+10 (21.0.9+10-LTS, mixed mode, sharing, tiered, compressed oops, compressed class ptrs, parallel gc, windows-amd64)
# No core dump will be written. Minidumps are not enabled by default on client versions of Windows
#

---------------  S U M M A R Y ------------

Command Line: --add-modules=ALL-SYSTEM --add-opens=java.base/java.util=ALL-UNNAMED --add-opens=java.base/java.lang=ALL-UNNAMED --add-opens=java.base/sun.nio.fs=ALL-UNNAMED -Declipse.application=org.eclipse.jdt.ls.core.id1 -Dosgi.bundles.defaultStartLevel=4 -Declipse.product=org.eclipse.jdt.ls.core.product -Djava.import.generatesMetadataFilesAtProjectRoot=false -DDetectVMInstallationsJob.disabled=true -Dfile.encoding=utf8 -XX:+UseParallelGC -XX:GCTimeRatio=4 -XX:AdaptiveSizePolicyWeight=90 -Dsun.zip.disableMemoryMapping=true -Xmx2G -Xms100m -Xlog:disable -javaagent:c:\Users\Admin\.vscode\extensions\redhat.java-1.50.0-win32-x64\lombok\lombok-1.18.39-4050.jar -XX:+HeapDumpOnOutOfMemoryError -XX:HeapDumpPath=c:\Users\Admin\AppData\Roaming\Code\User\workspaceStorage\a23788f5b74dcf48517ce5fa43faa16f\redhat.java -Daether.dependencyCollector.impl=bf c:\Users\Admin\.vscode\extensions\redhat.java-1.50.0-win32-x64\server\plugins\org.eclipse.equinox.launcher_1.7.100.v20251111-0406.jar -configuration c:\Users\Admin\AppData\Roaming\Code\User\globalStorage\redhat.java\1.50.0\config_win -data c:\Users\Admin\AppData\Roaming\Code\User\workspaceStorage\a23788f5b74dcf48517ce5fa43faa16f\redhat.java\jdt_ws --pipe=\\.\pipe\lsp-43f384e4572503e8587523d79eb5568c-sock

Host: 11th Gen Intel(R) Core(TM) i5-11400H @ 2.70GHz, 12 cores, 7G,  Windows 11 , 64 bit Build 22621 (10.0.22621.5415)
Time: Thu Jan  1 22:09:43 2026 SE Asia Standard Time elapsed time: 401.184466 seconds (0d 0h 6m 41s)

---------------  T H R E A D  ---------------

Current thread (0x0000027058658f10):  JavaThread "C2 CompilerThread0" daemon [_thread_in_native, id=6728, stack(0x000000ac46400000,0x000000ac46500000) (1024K)]


Current CompileTask:
C2:401184 15320   !   4       com.google.gson.internal.bind.ReflectiveTypeAdapterFactory$2::write (140 bytes)

Stack: [0x000000ac46400000,0x000000ac46500000]
Native frames: (J=compiled Java code, j=interpreted, Vv=VM code, C=native code)
V  [jvm.dll+0x6d6e29]
V  [jvm.dll+0x8b4b76]
V  [jvm.dll+0x8b712e]
V  [jvm.dll+0x8b7813]
V  [jvm.dll+0x283d86]
V  [jvm.dll+0xc66ed]
V  [jvm.dll+0xc6c31]
V  [jvm.dll+0x3be53b]
V  [jvm.dll+0x1e3b52]
V  [jvm.dll+0x24c0f3]
V  [jvm.dll+0x24b580]
V  [jvm.dll+0x1cb13e]
V  [jvm.dll+0x25b29d]
V  [jvm.dll+0x25982a]
V  [jvm.dll+0x3f7ea6]
V  [jvm.dll+0x85e9ad]
V  [jvm.dll+0x6d565d]
C  [ucrtbase.dll+0x29333]
C  [KERNEL32.DLL+0x1259d]
C  [ntdll.dll+0x5af78]


---------------  P R O C E S S  ---------------

Threads class SMR info:
_java_thread_list=0x00000270719bb200, length=77, elements={
0x00000270585b1110, 0x000002705864efb0, 0x000002705864fdc0, 0x0000027058652570,
0x0000027058653960, 0x0000027058656680, 0x00000270586580e0, 0x0000027058658f10,
0x000002705866e380, 0x00000270705825f0, 0x0000027070618140, 0x00000270718479e0,
0x000002707040fe50, 0x00000270705d9f80, 0x00000270705e3860, 0x00000270760b8ca0,
0x000002707047cbc0, 0x000002707066c590, 0x000002707066a4c0, 0x000002707066b870,
0x0000027079b118b0, 0x0000027079b0f150, 0x0000027079b11f40, 0x0000027079b10b90,
0x0000027079b12c60, 0x0000027079b132f0, 0x0000027079b0fe70, 0x0000027079b13980,
0x0000027079b11220, 0x0000027079b14010, 0x0000027079b146a0, 0x0000027079b14d30,
0x0000027079b153c0, 0x0000027079b15a50, 0x0000027079b16770, 0x0000027079b0f7e0,
0x0000027077c73360, 0x0000027077c74da0, 0x0000027077c739f0, 0x0000027077c74710,
0x0000027077c71fb0, 0x0000027077c75430, 0x0000027077c74080, 0x0000027077c72cd0,
0x0000027079e7c670, 0x0000027079e7da20, 0x0000027079e7f460, 0x0000027079e7e0b0,
0x0000027079e7e740, 0x0000027079e7d390, 0x0000027079e7edd0, 0x0000027079e80180,
0x0000027079e79f10, 0x0000027079e79880, 0x00000270706697a0, 0x000002707066ab50,
0x000002707066b1e0, 0x0000027079b125d0, 0x0000027077c72640, 0x0000027078f34e10,
0x0000027078f38920, 0x0000027078f37c00, 0x0000027078f361c0, 0x0000027078f39cd0,
0x0000027078f36ee0, 0x0000027078f3a360, 0x0000027078f37570, 0x0000027078f354a0,
0x0000027078f38fb0, 0x0000027078f36850, 0x0000027078f38290, 0x0000027078f39640,
0x0000027078f3a9f0, 0x0000027078f340f0, 0x0000027078f33a60, 0x0000027071508df0,
0x0000027071507a40
}

Java Threads: ( => current thread )
  0x00000270585b1110 JavaThread "main"                              [_thread_blocked, id=13416, stack(0x000000ac45900000,0x000000ac45a00000) (1024K)]
  0x000002705864efb0 JavaThread "Reference Handler"          daemon [_thread_blocked, id=17092, stack(0x000000ac45e00000,0x000000ac45f00000) (1024K)]
  0x000002705864fdc0 JavaThread "Finalizer"                  daemon [_thread_blocked, id=10936, stack(0x000000ac45f00000,0x000000ac46000000) (1024K)]
  0x0000027058652570 JavaThread "Signal Dispatcher"          daemon [_thread_blocked, id=4920, stack(0x000000ac46000000,0x000000ac46100000) (1024K)]
  0x0000027058653960 JavaThread "Attach Listener"            daemon [_thread_blocked, id=12172, stack(0x000000ac46100000,0x000000ac46200000) (1024K)]
  0x0000027058656680 JavaThread "Service Thread"             daemon [_thread_blocked, id=14192, stack(0x000000ac46200000,0x000000ac46300000) (1024K)]
  0x00000270586580e0 JavaThread "Monitor Deflation Thread"   daemon [_thread_blocked, id=15604, stack(0x000000ac46300000,0x000000ac46400000) (1024K)]
=>0x0000027058658f10 JavaThread "C2 CompilerThread0"         daemon [_thread_in_native, id=6728, stack(0x000000ac46400000,0x000000ac46500000) (1024K)]
  0x000002705866e380 JavaThread "C1 CompilerThread0"         daemon [_thread_in_vm, id=8372, stack(0x000000ac46500000,0x000000ac46600000) (1024K)]
  0x00000270705825f0 JavaThread "Common-Cleaner"             daemon [_thread_blocked, id=9680, stack(0x000000ac46600000,0x000000ac46700000) (1024K)]
  0x0000027070618140 JavaThread "Notification Thread"        daemon [_thread_blocked, id=2924, stack(0x000000ac46700000,0x000000ac46800000) (1024K)]
  0x00000270718479e0 JavaThread "Active Thread: Equinox Container: 2a20e1aa-455d-4c9d-95ac-3319289c994f"        [_thread_blocked, id=7448, stack(0x000000ac46e00000,0x000000ac46f00000) (1024K)]
  0x000002707040fe50 JavaThread "Refresh Thread: Equinox Container: 2a20e1aa-455d-4c9d-95ac-3319289c994f" daemon [_thread_blocked, id=2672, stack(0x000000ac46f00000,0x000000ac47000000) (1024K)]
  0x00000270705d9f80 JavaThread "Framework Event Dispatcher: Equinox Container: 2a20e1aa-455d-4c9d-95ac-3319289c994f" daemon [_thread_blocked, id=15944, stack(0x000000ac47100000,0x000000ac47200000) (1024K)]
  0x00000270705e3860 JavaThread "Start Level: Equinox Container: 2a20e1aa-455d-4c9d-95ac-3319289c994f" daemon [_thread_blocked, id=1684, stack(0x000000ac47200000,0x000000ac47300000) (1024K)]
  0x00000270760b8ca0 JavaThread "Bundle File Closer"         daemon [_thread_blocked, id=17508, stack(0x000000ac47500000,0x000000ac47600000) (1024K)]
  0x000002707047cbc0 JavaThread "SCR Component Actor"        daemon [_thread_blocked, id=18196, stack(0x000000ac47600000,0x000000ac47700000) (1024K)]
  0x000002707066c590 JavaThread "Worker-JM"                         [_thread_blocked, id=14300, stack(0x000000ac47900000,0x000000ac47a00000) (1024K)]
  0x000002707066a4c0 JavaThread "JNA Cleaner"                daemon [_thread_blocked, id=16788, stack(0x000000ac47800000,0x000000ac47900000) (1024K)]
  0x000002707066b870 JavaThread "Java indexing"              daemon [_thread_blocked, id=14424, stack(0x000000ac47d00000,0x000000ac47e00000) (1024K)]
  0x0000027079b118b0 JavaThread "Thread-1"                   daemon [_thread_in_native, id=2040, stack(0x000000ac48200000,0x000000ac48300000) (1024K)]
  0x0000027079b0f150 JavaThread "Thread-2"                   daemon [_thread_in_native, id=10428, stack(0x000000ac48300000,0x000000ac48400000) (1024K)]
  0x0000027079b11f40 JavaThread "Thread-3"                   daemon [_thread_in_native, id=16832, stack(0x000000ac48400000,0x000000ac48500000) (1024K)]
  0x0000027079b10b90 JavaThread "Thread-4"                   daemon [_thread_in_native, id=3168, stack(0x000000ac48500000,0x000000ac48600000) (1024K)]
  0x0000027079b12c60 JavaThread "Thread-5"                   daemon [_thread_in_native, id=17536, stack(0x000000ac48600000,0x000000ac48700000) (1024K)]
  0x0000027079b132f0 JavaThread "Thread-6"                   daemon [_thread_in_native, id=16316, stack(0x000000ac48700000,0x000000ac48800000) (1024K)]
  0x0000027079b0fe70 JavaThread "Thread-7"                   daemon [_thread_in_native, id=14392, stack(0x000000ac48800000,0x000000ac48900000) (1024K)]
  0x0000027079b13980 JavaThread "Thread-8"                   daemon [_thread_in_native, id=17916, stack(0x000000ac48900000,0x000000ac48a00000) (1024K)]
  0x0000027079b11220 JavaThread "Thread-9"                   daemon [_thread_in_native, id=4628, stack(0x000000ac48a00000,0x000000ac48b00000) (1024K)]
  0x0000027079b14010 JavaThread "Thread-10"                  daemon [_thread_in_native, id=2960, stack(0x000000ac48b00000,0x000000ac48c00000) (1024K)]
  0x0000027079b146a0 JavaThread "Thread-11"                  daemon [_thread_in_native, id=7756, stack(0x000000ac48c00000,0x000000ac48d00000) (1024K)]
  0x0000027079b14d30 JavaThread "Thread-12"                  daemon [_thread_in_native, id=7260, stack(0x000000ac48d00000,0x000000ac48e00000) (1024K)]
  0x0000027079b153c0 JavaThread "Thread-13"                  daemon [_thread_in_native, id=6676, stack(0x000000ac48e00000,0x000000ac48f00000) (1024K)]
  0x0000027079b15a50 JavaThread "pool-2-thread-1"                   [_thread_blocked, id=2588, stack(0x000000ac48f00000,0x000000ac49000000) (1024K)]
  0x0000027079b16770 JavaThread "WorkspaceEventsHandler"            [_thread_blocked, id=16776, stack(0x000000ac49000000,0x000000ac49100000) (1024K)]
  0x0000027079b0f7e0 JavaThread "pool-1-thread-1"                   [_thread_blocked, id=17564, stack(0x000000ac49100000,0x000000ac49200000) (1024K)]
  0x0000027077c73360 JavaThread "ForkJoinPool.commonPool-worker-1" daemon [_thread_blocked, id=2496, stack(0x000000ac47e00000,0x000000ac47f00000) (1024K)]
  0x0000027077c74da0 JavaThread "ForkJoinPool.commonPool-worker-2" daemon [_thread_blocked, id=8472, stack(0x000000ac49200000,0x000000ac49300000) (1024K)]
  0x0000027077c739f0 JavaThread "ForkJoinPool.commonPool-worker-3" daemon [_thread_blocked, id=15368, stack(0x000000ac49300000,0x000000ac49400000) (1024K)]
  0x0000027077c74710 JavaThread "ForkJoinPool.commonPool-worker-5" daemon [_thread_in_Java, id=2856, stack(0x000000ac49400000,0x000000ac49500000) (1024K)]
  0x0000027077c71fb0 JavaThread "ForkJoinPool.commonPool-worker-4" daemon [_thread_blocked, id=15372, stack(0x000000ac49500000,0x000000ac49600000) (1024K)]
  0x0000027077c75430 JavaThread "ForkJoinPool.commonPool-worker-6" daemon [_thread_blocked, id=2700, stack(0x000000ac49700000,0x000000ac49800000) (1024K)]
  0x0000027077c74080 JavaThread "ForkJoinPool.commonPool-worker-8" daemon [_thread_blocked, id=17976, stack(0x000000ac49800000,0x000000ac49900000) (1024K)]
  0x0000027077c72cd0 JavaThread "ForkJoinPool.commonPool-worker-9" daemon [_thread_blocked, id=15384, stack(0x000000ac49900000,0x000000ac49a00000) (1024K)]
  0x0000027079e7c670 JavaThread "Cleaner-0"                  daemon [_thread_blocked, id=15816, stack(0x000000ac49a00000,0x000000ac49b00000) (1024K)]
  0x0000027079e7da20 JavaThread "ForkJoinPool.commonPool-worker-13" daemon [_thread_blocked, id=13836, stack(0x000000ac45a00000,0x000000ac45b00000) (1024K)]
  0x0000027079e7f460 JavaThread "ForkJoinPool.commonPool-worker-12" daemon [_thread_blocked, id=15200, stack(0x000000ac47700000,0x000000ac47800000) (1024K)]
  0x0000027079e7e0b0 JavaThread "Worker-6"                          [_thread_blocked, id=15256, stack(0x000000ac45800000,0x000000ac45900000) (1024K)]
  0x0000027079e7e740 JavaThread "LocalFile Deleter"          daemon [_thread_blocked, id=15276, stack(0x000000ac47a00000,0x000000ac47b00000) (1024K)]
  0x0000027079e7d390 JavaThread "LocalFile Deleter"          daemon [_thread_blocked, id=22408, stack(0x000000ac47c00000,0x000000ac47d00000) (1024K)]
  0x0000027079e7edd0 JavaThread "LocalFile Deleter"          daemon [_thread_blocked, id=17628, stack(0x000000ac48000000,0x000000ac48100000) (1024K)]
  0x0000027079e80180 JavaThread "LocalFile Deleter"          daemon [_thread_blocked, id=4208, stack(0x000000ac48100000,0x000000ac48200000) (1024K)]
  0x0000027079e79f10 JavaThread "LocalFile Deleter"          daemon [_thread_blocked, id=11132, stack(0x000000ac49600000,0x000000ac49700000) (1024K)]
  0x0000027079e79880 JavaThread "LocalFile Deleter"          daemon [_thread_blocked, id=5252, stack(0x000000ac49d00000,0x000000ac49e00000) (1024K)]
  0x00000270706697a0 JavaThread "LocalFile Deleter"          daemon [_thread_blocked, id=6216, stack(0x000000ac49e00000,0x000000ac49f00000) (1024K)]
  0x000002707066ab50 JavaThread "Compiler Source File Reader" daemon [_thread_blocked, id=18008, stack(0x000000ac49f00000,0x000000ac4a000000) (1024K)]
  0x000002707066b1e0 JavaThread "Compiler Source File Reader" daemon [_thread_blocked, id=20664, stack(0x000000ac4a000000,0x000000ac4a100000) (1024K)]
  0x0000027079b125d0 JavaThread "Compiler Source File Reader" daemon [_thread_blocked, id=4596, stack(0x000000ac4a100000,0x000000ac4a200000) (1024K)]
  0x0000027077c72640 JavaThread "Compiler Class File Writer" daemon [_thread_blocked, id=21464, stack(0x000000ac4a400000,0x000000ac4a500000) (1024K)]
  0x0000027078f34e10 JavaThread "Compiler Class File Writer" daemon [_thread_blocked, id=2284, stack(0x000000ac4a500000,0x000000ac4a600000) (1024K)]
  0x0000027078f38920 JavaThread "Compiler Class File Writer" daemon [_thread_blocked, id=21176, stack(0x000000ac4a600000,0x000000ac4a700000) (1024K)]
  0x0000027078f37c00 JavaThread "Compiler Source File Reader" daemon [_thread_blocked, id=22136, stack(0x000000ac4a700000,0x000000ac4a800000) (1024K)]
  0x0000027078f361c0 JavaThread "Compiler Source File Reader" daemon [_thread_blocked, id=17824, stack(0x000000ac4a800000,0x000000ac4a900000) (1024K)]
  0x0000027078f39cd0 JavaThread "Compiler Source File Reader" daemon [_thread_blocked, id=17068, stack(0x000000ac4a900000,0x000000ac4aa00000) (1024K)]
  0x0000027078f36ee0 JavaThread "Compiler Source File Reader" daemon [_thread_blocked, id=20872, stack(0x000000ac4aa00000,0x000000ac4ab00000) (1024K)]
  0x0000027078f3a360 JavaThread "Compiler Source File Reader" daemon [_thread_blocked, id=16804, stack(0x000000ac4ab00000,0x000000ac4ac00000) (1024K)]
  0x0000027078f37570 JavaThread "Compiler Source File Reader" daemon [_thread_blocked, id=21356, stack(0x000000ac4ac00000,0x000000ac4ad00000) (1024K)]
  0x0000027078f354a0 JavaThread "Compiler Source File Reader" daemon [_thread_blocked, id=21860, stack(0x000000ac4ad00000,0x000000ac4ae00000) (1024K)]
  0x0000027078f38fb0 JavaThread "Worker-7"                          [_thread_blocked, id=21740, stack(0x000000ac4ae00000,0x000000ac4af00000) (1024K)]
  0x0000027078f36850 JavaThread "Compiler Class File Writer" daemon [_thread_blocked, id=5644, stack(0x000000ac4b000000,0x000000ac4b100000) (1024K)]
  0x0000027078f38290 JavaThread "Compiler Class File Writer" daemon [_thread_blocked, id=8252, stack(0x000000ac4b100000,0x000000ac4b200000) (1024K)]
  0x0000027078f39640 JavaThread "Compiler Class File Writer" daemon [_thread_blocked, id=17396, stack(0x000000ac4b200000,0x000000ac4b300000) (1024K)]
  0x0000027078f3a9f0 JavaThread "Compiler Class File Writer" daemon [_thread_blocked, id=11572, stack(0x000000ac4b300000,0x000000ac4b400000) (1024K)]
  0x0000027078f340f0 JavaThread "Compiler Class File Writer" daemon [_thread_blocked, id=3796, stack(0x000000ac4b400000,0x000000ac4b500000) (1024K)]
  0x0000027078f33a60 JavaThread "Compiler Class File Writer" daemon [_thread_blocked, id=21632, stack(0x000000ac4b500000,0x000000ac4b600000) (1024K)]
  0x0000027071508df0 JavaThread "Compiler Class File Writer" daemon [_thread_blocked, id=21836, stack(0x000000ac4b600000,0x000000ac4b700000) (1024K)]
  0x0000027071507a40 JavaThread "Worker-9"                          [_thread_blocked, id=21536, stack(0x000000ac4b700000,0x000000ac4b800000) (1024K)]
Total: 77

Other Threads:
  0x00000270703a0d70 VMThread "VM Thread"                           [id=1312, stack(0x000000ac45d00000,0x000000ac45e00000) (1024K)]
  0x000002705861abf0 WatcherThread "VM Periodic Task Thread"        [id=1880, stack(0x000000ac45c00000,0x000000ac45d00000) (1024K)]
  0x00000270585ce450 WorkerThread "GC Thread#0"                     [id=15568, stack(0x000000ac45b00000,0x000000ac45c00000) (1024K)]
  0x00000270717c3ef0 WorkerThread "GC Thread#1"                     [id=9660, stack(0x000000ac46800000,0x000000ac46900000) (1024K)]
  0x000002707147de80 WorkerThread "GC Thread#2"                     [id=15588, stack(0x000000ac46900000,0x000000ac46a00000) (1024K)]
  0x000002707147e220 WorkerThread "GC Thread#3"                     [id=4024, stack(0x000000ac46a00000,0x000000ac46b00000) (1024K)]
  0x000002707147e5c0 WorkerThread "GC Thread#4"                     [id=5036, stack(0x000000ac46b00000,0x000000ac46c00000) (1024K)]
  0x000002707147e960 WorkerThread "GC Thread#5"                     [id=16732, stack(0x000000ac46c00000,0x000000ac46d00000) (1024K)]
  0x000002707198ab70 WorkerThread "GC Thread#6"                     [id=5432, stack(0x000000ac46d00000,0x000000ac46e00000) (1024K)]
  0x0000027071750300 WorkerThread "GC Thread#7"                     [id=9436, stack(0x000000ac47000000,0x000000ac47100000) (1024K)]
  0x00000270717ba600 WorkerThread "GC Thread#8"                     [id=18260, stack(0x000000ac47300000,0x000000ac47400000) (1024K)]
  0x00000270706b2690 WorkerThread "GC Thread#9"                     [id=9576, stack(0x000000ac47400000,0x000000ac47500000) (1024K)]
Total: 12

Threads with active compile tasks:
C2 CompilerThread0  401209 15320   !   4       com.google.gson.internal.bind.ReflectiveTypeAdapterFactory$2::write (140 bytes)
Total: 1

VM state: not at safepoint (normal execution)

VM Mutex/Monitor currently owned by a thread: None

Heap address: 0x0000000080000000, size: 2048 MB, Compressed Oops mode: 32-bit

CDS archive(s) mapped at: [0x0000027000000000-0x0000027000ba0000-0x0000027000ba0000), size 12189696, SharedBaseAddress: 0x0000027000000000, ArchiveRelocationMode: 1.
Compressed class space mapped at: 0x0000027001000000-0x0000027041000000, reserved size: 1073741824
Narrow klass base: 0x0000027000000000, Narrow klass shift: 0, Narrow klass range: 0x100000000

GC Precious Log:
 CardTable entry size: 512
 CPUs: 12 total, 12 available
 Memory: 7922M
 Large Page Support: Disabled
 NUMA Support: Disabled
 Compressed Oops: Enabled (32-bit)
 Alignments: Space 512K, Generation 512K, Heap 2M
 Heap Min Capacity: 100M
 Heap Initial Capacity: 100M
 Heap Max Capacity: 2G
 Pre-touch: Disabled
 Parallel Workers: 10

Heap:
 PSYoungGen      total 8704K, used 6783K [0x00000000d5580000, 0x00000000d6000000, 0x0000000100000000)
  eden space 7680K, 80% used [0x00000000d5580000,0x00000000d5b8eb40,0x00000000d5d00000)
  from space 1024K, 56% used [0x00000000d5e00000,0x00000000d5e91230,0x00000000d5f00000)
  to   space 1024K, 0% used [0x00000000d5f00000,0x00000000d5f00000,0x00000000d6000000)
 ParOldGen       total 167424K, used 167137K [0x0000000080000000, 0x000000008a380000, 0x00000000d5580000)
  object space 167424K, 99% used [0x0000000080000000,0x000000008a338760,0x000000008a380000)
 Metaspace       used 74808K, committed 76544K, reserved 1179648K
  class space    used 7702K, committed 8448K, reserved 1048576K

Card table byte_map: [0x0000027057f60000,0x0000027058370000] _byte_map_base: 0x0000027057b60000

Marking Bits: (ParMarkBitMap*) 0x00007ffc062a2460
 Begin Bits: [0x000002706aa60000, 0x000002706ca60000)
 End Bits:   [0x000002706ca60000, 0x000002706ea60000)

Polling page: 0x0000027056490000

Metaspace:

Usage:
  Non-class:     65.53 MB used.
      Class:      7.52 MB used.
       Both:     73.05 MB used.

Virtual space:
  Non-class space:      128.00 MB reserved,      66.50 MB ( 52%) committed,  2 nodes.
      Class space:        1.00 GB reserved,       8.25 MB ( <1%) committed,  1 nodes.
             Both:        1.12 GB reserved,      74.75 MB (  6%) committed. 

Chunk freelists:
   Non-Class:  13.45 MB
       Class:  7.69 MB
        Both:  21.14 MB

MaxMetaspaceSize: unlimited
CompressedClassSpaceSize: 1.00 GB
Initial GC threshold: 21.00 MB
Current GC threshold: 97.31 MB
CDS: on
 - commit_granule_bytes: 65536.
 - commit_granule_words: 8192.
 - virtual_space_node_default_size: 8388608.
 - enlarge_chunks_in_place: 1.
 - use_allocation_guard: 0.


Internal statistics:

num_allocs_failed_limit: 9.
num_arena_births: 1488.
num_arena_deaths: 14.
num_vsnodes_births: 3.
num_vsnodes_deaths: 0.
num_space_committed: 1196.
num_space_uncommitted: 0.
num_chunks_returned_to_freelist: 23.
num_chunks_taken_from_freelist: 5127.
num_chunk_merges: 12.
num_chunk_splits: 3146.
num_chunks_enlarged: 1737.
num_inconsistent_stats: 0.

CodeHeap 'non-profiled nmethods': size=120000Kb used=11857Kb max_used=11857Kb free=108142Kb
 bounds [0x0000027063280000, 0x0000027063e20000, 0x000002706a7b0000]
CodeHeap 'profiled nmethods': size=120000Kb used=35952Kb max_used=35952Kb free=84047Kb
 bounds [0x000002705b7b0000, 0x000002705dad0000, 0x0000027062ce0000]
CodeHeap 'non-nmethods': size=5760Kb used=1485Kb max_used=1563Kb free=4274Kb
 bounds [0x0000027062ce0000, 0x0000027062f50000, 0x0000027063280000]
CodeCache: size=245760Kb, used=49294Kb, max_used=49372Kb, free=196463Kb
 total_blobs=15399, nmethods=14601, adapters=700, full_count=0
Compilation: enabled, stopped_count=0, restarted_count=0

Compilation events (20 events):
Event: 401.145 Thread 0x000002705866e380 15366   !   3       org.eclipse.jdt.core.dom.DefaultCommentMapper$CommentMapperVisitor::visitNode (357 bytes)
Event: 401.147 Thread 0x000002705866e380 nmethod 15366 0x000002705dabb310 code [0x000002705dabb5c0, 0x000002705dabc590]
Event: 401.147 Thread 0x000002705866e380 15365   !   3       org.eclipse.jdt.core.dom.DefaultCommentMapper$CommentMapperVisitor::endVisitNode (94 bytes)
Event: 401.148 Thread 0x000002705866e380 nmethod 15365 0x000002705dabcc90 code [0x000002705dabce60, 0x000002705dabd220]
Event: 401.149 Thread 0x000002705866e380 15367       3       org.eclipse.jdt.core.dom.ASTNode::getFlags (9 bytes)
Event: 401.149 Thread 0x000002705866e380 nmethod 15367 0x000002705dabd490 code [0x000002705dabd620, 0x000002705dabd730]
Event: 401.149 Thread 0x000002705866e380 15368       3       org.eclipse.jdt.internal.corext.dom.ASTNodes$4::visitNode (15 bytes)
Event: 401.150 Thread 0x000002705866e380 nmethod 15368 0x000002705dabd810 code [0x000002705dabd9c0, 0x000002705dabdb80]
Event: 401.156 Thread 0x000002705866e380 15369       1       org.eclipse.jdt.internal.core.JavaModelManager$SecondaryTypesCache::secondaryTypes (5 bytes)
Event: 401.156 Thread 0x000002705866e380 nmethod 15369 0x0000027063e13390 code [0x0000027063e13520, 0x0000027063e135e8]
Event: 401.156 Thread 0x000002705866e380 15370       1       org.eclipse.jdt.internal.core.JavaModelManager$SecondaryTypes::cache (5 bytes)
Event: 401.157 Thread 0x000002705866e380 nmethod 15370 0x0000027063e13690 code [0x0000027063e13820, 0x0000027063e138e8]
Event: 401.159 Thread 0x000002705866e380 15371       3       org.eclipse.jdt.internal.compiler.lookup.ReferenceBinding::computeGenericTypeSignature (221 bytes)
Event: 401.160 Thread 0x000002705866e380 nmethod 15371 0x000002705dabdc90 code [0x000002705dabdfe0, 0x000002705dabf168]
Event: 401.163 Thread 0x000002705866e380 15373       3       org.eclipse.jdt.internal.core.util.MementoTokenizer::getStringDelimitedBy (39 bytes)
Event: 401.163 Thread 0x000002705866e380 nmethod 15373 0x000002705dabf790 code [0x000002705dabf960, 0x000002705dabfb90]
Event: 401.163 Thread 0x000002705866e380 15372       3       org.eclipse.jdt.internal.core.util.MementoTokenizer::hasMoreTokens (15 bytes)
Event: 401.164 Thread 0x000002705866e380 nmethod 15372 0x000002705dabfc90 code [0x000002705dabfe40, 0x000002705dabffb8]
Event: 401.173 Thread 0x000002705866e380 15374       1       org.eclipse.jdt.core.SourceRange::getLength (5 bytes)
Event: 401.173 Thread 0x000002705866e380 nmethod 15374 0x0000027063e13990 code [0x0000027063e13b20, 0x0000027063e13be8]

GC Heap History (20 events):
Event: 283.776 GC heap before
{Heap before GC invocations=135 (full 3):
 PSYoungGen      total 10752K, used 10272K [0x00000000d5580000, 0x00000000d6300000, 0x0000000100000000)
  eden space 9216K, 100% used [0x00000000d5580000,0x00000000d5e80000,0x00000000d5e80000)
  from space 1536K, 68% used [0x00000000d6100000,0x00000000d6208000,0x00000000d6280000)
  to   space 512K, 0% used [0x00000000d6280000,0x00000000d6280000,0x00000000d6300000)
 ParOldGen       total 160256K, used 159757K [0x0000000080000000, 0x0000000089c80000, 0x00000000d5580000)
  object space 160256K, 99% used [0x0000000080000000,0x0000000089c03488,0x0000000089c80000)
 Metaspace       used 72886K, committed 74496K, reserved 1179648K
  class space    used 7513K, committed 8192K, reserved 1048576K
}
Event: 283.782 GC heap after
{Heap after GC invocations=135 (full 3):
 PSYoungGen      total 9728K, used 512K [0x00000000d5580000, 0x00000000d6480000, 0x0000000100000000)
  eden space 9216K, 0% used [0x00000000d5580000,0x00000000d5580000,0x00000000d5e80000)
  from space 512K, 100% used [0x00000000d6280000,0x00000000d6300000,0x00000000d6300000)
  to   space 3072K, 0% used [0x00000000d5e80000,0x00000000d5e80000,0x00000000d6180000)
 ParOldGen       total 161792K, used 161585K [0x0000000080000000, 0x0000000089e00000, 0x00000000d5580000)
  object space 161792K, 99% used [0x0000000080000000,0x0000000089dcc420,0x0000000089e00000)
 Metaspace       used 72886K, committed 74496K, reserved 1179648K
  class space    used 7513K, committed 8192K, reserved 1048576K
}
Event: 284.208 GC heap before
{Heap before GC invocations=136 (full 3):
 PSYoungGen      total 9728K, used 9728K [0x00000000d5580000, 0x00000000d6480000, 0x0000000100000000)
  eden space 9216K, 100% used [0x00000000d5580000,0x00000000d5e80000,0x00000000d5e80000)
  from space 512K, 100% used [0x00000000d6280000,0x00000000d6300000,0x00000000d6300000)
  to   space 3072K, 0% used [0x00000000d5e80000,0x00000000d5e80000,0x00000000d6180000)
 ParOldGen       total 161792K, used 161585K [0x0000000080000000, 0x0000000089e00000, 0x00000000d5580000)
  object space 161792K, 99% used [0x0000000080000000,0x0000000089dcc420,0x0000000089e00000)
 Metaspace       used 73017K, committed 74688K, reserved 1179648K
  class space    used 7527K, committed 8256K, reserved 1048576K
}
Event: 284.213 GC heap after
{Heap after GC invocations=136 (full 3):
 PSYoungGen      total 10752K, used 1430K [0x00000000d5580000, 0x00000000d6300000, 0x0000000100000000)
  eden space 9216K, 0% used [0x00000000d5580000,0x00000000d5580000,0x00000000d5e80000)
  from space 1536K, 93% used [0x00000000d5e80000,0x00000000d5fe5b68,0x00000000d6000000)
  to   space 2048K, 0% used [0x00000000d6100000,0x00000000d6100000,0x00000000d6300000)
 ParOldGen       total 162304K, used 162137K [0x0000000080000000, 0x0000000089e80000, 0x00000000d5580000)
  object space 162304K, 99% used [0x0000000080000000,0x0000000089e56420,0x0000000089e80000)
 Metaspace       used 73017K, committed 74688K, reserved 1179648K
  class space    used 7527K, committed 8256K, reserved 1048576K
}
Event: 284.941 GC heap before
{Heap before GC invocations=137 (full 3):
 PSYoungGen      total 10752K, used 10427K [0x00000000d5580000, 0x00000000d6300000, 0x0000000100000000)
  eden space 9216K, 97% used [0x00000000d5580000,0x00000000d5e49258,0x00000000d5e80000)
  from space 1536K, 93% used [0x00000000d5e80000,0x00000000d5fe5b68,0x00000000d6000000)
  to   space 2048K, 0% used [0x00000000d6100000,0x00000000d6100000,0x00000000d6300000)
 ParOldGen       total 162304K, used 162137K [0x0000000080000000, 0x0000000089e80000, 0x00000000d5580000)
  object space 162304K, 99% used [0x0000000080000000,0x0000000089e56420,0x0000000089e80000)
 Metaspace       used 73246K, committed 74880K, reserved 1179648K
  class space    used 7535K, committed 8256K, reserved 1048576K
}
Event: 284.969 GC heap after
{Heap after GC invocations=137 (full 3):
 PSYoungGen      total 9728K, used 2036K [0x00000000d5580000, 0x00000000d6680000, 0x0000000100000000)
  eden space 7680K, 0% used [0x00000000d5580000,0x00000000d5580000,0x00000000d5d00000)
  from space 2048K, 99% used [0x00000000d6100000,0x00000000d62fd1d8,0x00000000d6300000)
  to   space 4096K, 0% used [0x00000000d5d00000,0x00000000d5d00000,0x00000000d6100000)
 ParOldGen       total 163840K, used 163454K [0x0000000080000000, 0x000000008a000000, 0x00000000d5580000)
  object space 163840K, 99% used [0x0000000080000000,0x0000000089f9fa20,0x000000008a000000)
 Metaspace       used 73246K, committed 74880K, reserved 1179648K
  class space    used 7535K, committed 8256K, reserved 1048576K
}
Event: 285.154 GC heap before
{Heap before GC invocations=138 (full 3):
 PSYoungGen      total 9728K, used 9716K [0x00000000d5580000, 0x00000000d6680000, 0x0000000100000000)
  eden space 7680K, 100% used [0x00000000d5580000,0x00000000d5d00000,0x00000000d5d00000)
  from space 2048K, 99% used [0x00000000d6100000,0x00000000d62fd1d8,0x00000000d6300000)
  to   space 4096K, 0% used [0x00000000d5d00000,0x00000000d5d00000,0x00000000d6100000)
 ParOldGen       total 163840K, used 163454K [0x0000000080000000, 0x000000008a000000, 0x00000000d5580000)
  object space 163840K, 99% used [0x0000000080000000,0x0000000089f9fa20,0x000000008a000000)
 Metaspace       used 73340K, committed 74944K, reserved 1179648K
  class space    used 7540K, committed 8256K, reserved 1048576K
}
Event: 285.160 GC heap after
{Heap after GC invocations=138 (full 3):
 PSYoungGen      total 8192K, used 448K [0x00000000d5580000, 0x00000000d6180000, 0x0000000100000000)
  eden space 7680K, 0% used [0x00000000d5580000,0x00000000d5580000,0x00000000d5d00000)
  from space 512K, 87% used [0x00000000d5d00000,0x00000000d5d70000,0x00000000d5d80000)
  to   space 1536K, 0% used [0x00000000d6000000,0x00000000d6000000,0x00000000d6180000)
 ParOldGen       total 164864K, used 164759K [0x0000000080000000, 0x000000008a100000, 0x00000000d5580000)
  object space 164864K, 99% used [0x0000000080000000,0x000000008a0e5ff8,0x000000008a100000)
 Metaspace       used 73340K, committed 74944K, reserved 1179648K
  class space    used 7540K, committed 8256K, reserved 1048576K
}
Event: 285.603 GC heap before
{Heap before GC invocations=139 (full 3):
 PSYoungGen      total 8192K, used 8128K [0x00000000d5580000, 0x00000000d6180000, 0x0000000100000000)
  eden space 7680K, 100% used [0x00000000d5580000,0x00000000d5d00000,0x00000000d5d00000)
  from space 512K, 87% used [0x00000000d5d00000,0x00000000d5d70000,0x00000000d5d80000)
  to   space 1536K, 0% used [0x00000000d6000000,0x00000000d6000000,0x00000000d6180000)
 ParOldGen       total 164864K, used 164759K [0x0000000080000000, 0x000000008a100000, 0x00000000d5580000)
  object space 164864K, 99% used [0x0000000080000000,0x000000008a0e5ff8,0x000000008a100000)
 Metaspace       used 73365K, committed 75008K, reserved 1179648K
  class space    used 7541K, committed 8256K, reserved 1048576K
}
Event: 285.606 GC heap after
{Heap after GC invocations=139 (full 3):
 PSYoungGen      total 8192K, used 192K [0x00000000d5580000, 0x00000000d6080000, 0x0000000100000000)
  eden space 7680K, 0% used [0x00000000d5580000,0x00000000d5580000,0x00000000d5d00000)
  from space 512K, 37% used [0x00000000d6000000,0x00000000d6030000,0x00000000d6080000)
  to   space 512K, 0% used [0x00000000d5d00000,0x00000000d5d00000,0x00000000d5d80000)
 ParOldGen       total 165376K, used 165127K [0x0000000080000000, 0x000000008a180000, 0x00000000d5580000)
  object space 165376K, 99% used [0x0000000080000000,0x000000008a141ff8,0x000000008a180000)
 Metaspace       used 73365K, committed 75008K, reserved 1179648K
  class space    used 7541K, committed 8256K, reserved 1048576K
}
Event: 286.601 GC heap before
{Heap before GC invocations=140 (full 3):
 PSYoungGen      total 8192K, used 7871K [0x00000000d5580000, 0x00000000d6080000, 0x0000000100000000)
  eden space 7680K, 99% used [0x00000000d5580000,0x00000000d5cfffe0,0x00000000d5d00000)
  from space 512K, 37% used [0x00000000d6000000,0x00000000d6030000,0x00000000d6080000)
  to   space 512K, 0% used [0x00000000d5d00000,0x00000000d5d00000,0x00000000d5d80000)
 ParOldGen       total 165376K, used 165127K [0x0000000080000000, 0x000000008a180000, 0x00000000d5580000)
  object space 165376K, 99% used [0x0000000080000000,0x000000008a141ff8,0x000000008a180000)
 Metaspace       used 73579K, committed 75200K, reserved 1179648K
  class space    used 7565K, committed 8256K, reserved 1048576K
}
Event: 286.606 GC heap after
{Heap after GC invocations=140 (full 3):
 PSYoungGen      total 8192K, used 480K [0x00000000d5580000, 0x00000000d6080000, 0x0000000100000000)
  eden space 7680K, 0% used [0x00000000d5580000,0x00000000d5580000,0x00000000d5d00000)
  from space 512K, 93% used [0x00000000d5d00000,0x00000000d5d78020,0x00000000d5d80000)
  to   space 1024K, 0% used [0x00000000d5f80000,0x00000000d5f80000,0x00000000d6080000)
 ParOldGen       total 165376K, used 165199K [0x0000000080000000, 0x000000008a180000, 0x00000000d5580000)
  object space 165376K, 99% used [0x0000000080000000,0x000000008a153ff8,0x000000008a180000)
 Metaspace       used 73579K, committed 75200K, reserved 1179648K
  class space    used 7565K, committed 8256K, reserved 1048576K
}
Event: 287.334 GC heap before
{Heap before GC invocations=141 (full 3):
 PSYoungGen      total 8192K, used 8159K [0x00000000d5580000, 0x00000000d6080000, 0x0000000100000000)
  eden space 7680K, 99% used [0x00000000d5580000,0x00000000d5cfffd8,0x00000000d5d00000)
  from space 512K, 93% used [0x00000000d5d00000,0x00000000d5d78020,0x00000000d5d80000)
  to   space 1024K, 0% used [0x00000000d5f80000,0x00000000d5f80000,0x00000000d6080000)
 ParOldGen       total 165376K, used 165199K [0x0000000080000000, 0x000000008a180000, 0x00000000d5580000)
  object space 165376K, 99% used [0x0000000080000000,0x000000008a153ff8,0x000000008a180000)
 Metaspace       used 73829K, committed 75456K, reserved 1179648K
  class space    used 7606K, committed 8320K, reserved 1048576K
}
Event: 287.344 GC heap after
{Heap after GC invocations=141 (full 3):
 PSYoungGen      total 8704K, used 928K [0x00000000d5580000, 0x00000000d6080000, 0x0000000100000000)
  eden space 7680K, 0% used [0x00000000d5580000,0x00000000d5580000,0x00000000d5d00000)
  from space 1024K, 90% used [0x00000000d5f80000,0x00000000d6068000,0x00000000d6080000)
  to   space 1024K, 0% used [0x00000000d5e80000,0x00000000d5e80000,0x00000000d5f80000)
 ParOldGen       total 165888K, used 165484K [0x0000000080000000, 0x000000008a200000, 0x00000000d5580000)
  object space 165888K, 99% used [0x0000000080000000,0x000000008a19b028,0x000000008a200000)
 Metaspace       used 73829K, committed 75456K, reserved 1179648K
  class space    used 7606K, committed 8320K, reserved 1048576K
}
Event: 287.601 GC heap before
{Heap before GC invocations=142 (full 3):
 PSYoungGen      total 8704K, used 8608K [0x00000000d5580000, 0x00000000d6080000, 0x0000000100000000)
  eden space 7680K, 100% used [0x00000000d5580000,0x00000000d5d00000,0x00000000d5d00000)
  from space 1024K, 90% used [0x00000000d5f80000,0x00000000d6068000,0x00000000d6080000)
  to   space 1024K, 0% used [0x00000000d5e80000,0x00000000d5e80000,0x00000000d5f80000)
 ParOldGen       total 165888K, used 165484K [0x0000000080000000, 0x000000008a200000, 0x00000000d5580000)
  object space 165888K, 99% used [0x0000000080000000,0x000000008a19b028,0x000000008a200000)
 Metaspace       used 73906K, committed 75520K, reserved 1179648K
  class space    used 7616K, committed 8320K, reserved 1048576K
}
Event: 287.605 GC heap after
{Heap after GC invocations=142 (full 3):
 PSYoungGen      total 8704K, used 704K [0x00000000d5580000, 0x00000000d6000000, 0x0000000100000000)
  eden space 7680K, 0% used [0x00000000d5580000,0x00000000d5580000,0x00000000d5d00000)
  from space 1024K, 68% used [0x00000000d5e80000,0x00000000d5f30000,0x00000000d5f80000)
  to   space 512K, 0% used [0x00000000d5f80000,0x00000000d5f80000,0x00000000d6000000)
 ParOldGen       total 166400K, used 166244K [0x0000000080000000, 0x000000008a280000, 0x00000000d5580000)
  object space 166400K, 99% used [0x0000000080000000,0x000000008a259028,0x000000008a280000)
 Metaspace       used 73906K, committed 75520K, reserved 1179648K
  class space    used 7616K, committed 8320K, reserved 1048576K
}
Event: 287.854 GC heap before
{Heap before GC invocations=143 (full 3):
 PSYoungGen      total 8704K, used 8384K [0x00000000d5580000, 0x00000000d6000000, 0x0000000100000000)
  eden space 7680K, 100% used [0x00000000d5580000,0x00000000d5d00000,0x00000000d5d00000)
  from space 1024K, 68% used [0x00000000d5e80000,0x00000000d5f30000,0x00000000d5f80000)
  to   space 512K, 0% used [0x00000000d5f80000,0x00000000d5f80000,0x00000000d6000000)
 ParOldGen       total 166400K, used 166244K [0x0000000080000000, 0x000000008a280000, 0x00000000d5580000)
  object space 166400K, 99% used [0x0000000080000000,0x000000008a259028,0x000000008a280000)
 Metaspace       used 74470K, committed 76096K, reserved 1179648K
  class space    used 7677K, committed 8384K, reserved 1048576K
}
Event: 287.856 GC heap after
{Heap after GC invocations=143 (full 3):
 PSYoungGen      total 8192K, used 506K [0x00000000d5580000, 0x00000000d6000000, 0x0000000100000000)
  eden space 7680K, 0% used [0x00000000d5580000,0x00000000d5580000,0x00000000d5d00000)
  from space 512K, 98% used [0x00000000d5f80000,0x00000000d5ffe8c8,0x00000000d6000000)
  to   space 1024K, 0% used [0x00000000d5e00000,0x00000000d5e00000,0x00000000d5f00000)
 ParOldGen       total 166912K, used 166705K [0x0000000080000000, 0x000000008a300000, 0x00000000d5580000)
  object space 166912K, 99% used [0x0000000080000000,0x000000008a2cc770,0x000000008a300000)
 Metaspace       used 74470K, committed 76096K, reserved 1179648K
  class space    used 7677K, committed 8384K, reserved 1048576K
}
Event: 400.776 GC heap before
{Heap before GC invocations=144 (full 3):
 PSYoungGen      total 8192K, used 8183K [0x00000000d5580000, 0x00000000d6000000, 0x0000000100000000)
  eden space 7680K, 99% used [0x00000000d5580000,0x00000000d5cff340,0x00000000d5d00000)
  from space 512K, 98% used [0x00000000d5f80000,0x00000000d5ffe8c8,0x00000000d6000000)
  to   space 1024K, 0% used [0x00000000d5e00000,0x00000000d5e00000,0x00000000d5f00000)
 ParOldGen       total 166912K, used 166705K [0x0000000080000000, 0x000000008a300000, 0x00000000d5580000)
  object space 166912K, 99% used [0x0000000080000000,0x000000008a2cc770,0x000000008a300000)
 Metaspace       used 74743K, committed 76480K, reserved 1179648K
  class space    used 7702K, committed 8448K, reserved 1048576K
}
Event: 400.832 GC heap after
{Heap after GC invocations=144 (full 3):
 PSYoungGen      total 8704K, used 580K [0x00000000d5580000, 0x00000000d6000000, 0x0000000100000000)
  eden space 7680K, 0% used [0x00000000d5580000,0x00000000d5580000,0x00000000d5d00000)
  from space 1024K, 56% used [0x00000000d5e00000,0x00000000d5e91230,0x00000000d5f00000)
  to   space 1024K, 0% used [0x00000000d5f00000,0x00000000d5f00000,0x00000000d6000000)
 ParOldGen       total 167424K, used 167137K [0x0000000080000000, 0x000000008a380000, 0x00000000d5580000)
  object space 167424K, 99% used [0x0000000080000000,0x000000008a338760,0x000000008a380000)
 Metaspace       used 74743K, committed 76480K, reserved 1179648K
  class space    used 7702K, committed 8448K, reserved 1048576K
}

Dll operation events (11 events):
Event: 0.066 Loaded shared library c:\Users\Admin\.vscode\extensions\redhat.java-1.50.0-win32-x64\jre\21.0.9-win32-x86_64\bin\java.dll
Event: 0.234 Loaded shared library c:\Users\Admin\.vscode\extensions\redhat.java-1.50.0-win32-x64\jre\21.0.9-win32-x86_64\bin\zip.dll
Event: 0.265 Loaded shared library C:\Users\Admin\.vscode\extensions\redhat.java-1.50.0-win32-x64\jre\21.0.9-win32-x86_64\bin\instrument.dll
Event: 0.276 Loaded shared library C:\Users\Admin\.vscode\extensions\redhat.java-1.50.0-win32-x64\jre\21.0.9-win32-x86_64\bin\net.dll
Event: 0.279 Loaded shared library C:\Users\Admin\.vscode\extensions\redhat.java-1.50.0-win32-x64\jre\21.0.9-win32-x86_64\bin\nio.dll
Event: 0.291 Loaded shared library C:\Users\Admin\.vscode\extensions\redhat.java-1.50.0-win32-x64\jre\21.0.9-win32-x86_64\bin\zip.dll
Event: 0.328 Loaded shared library C:\Users\Admin\.vscode\extensions\redhat.java-1.50.0-win32-x64\jre\21.0.9-win32-x86_64\bin\jimage.dll
Event: 0.507 Loaded shared library c:\Users\Admin\.vscode\extensions\redhat.java-1.50.0-win32-x64\jre\21.0.9-win32-x86_64\bin\verify.dll
Event: 9.501 Loaded shared library C:\Users\Admin\AppData\Roaming\Code\User\globalStorage\redhat.java\1.50.0\config_win\org.eclipse.equinox.launcher\org.eclipse.equinox.launcher.win32.win32.x86_64_1.2.1400.v20250801-0854\eclipse_11916.dll
Event: 23.548 Loaded shared library C:\Users\Admin\AppData\Local\Temp\jna-63116079\jna9531128419454999668.dll
Event: 35.476 Loaded shared library C:\Users\Admin\.vscode\extensions\redhat.java-1.50.0-win32-x64\jre\21.0.9-win32-x86_64\bin\sunmscapi.dll

Deoptimization events (20 events):
Event: 401.072 Thread 0x0000027077c71fb0 Uncommon trap: trap_request=0xffffffde fr.pc=0x0000027063da5578 relative=0x00000000000050b8
Event: 401.072 Thread 0x0000027077c71fb0 Uncommon trap: reason=class_check action=maybe_recompile pc=0x0000027063da5578 method=org.eclipse.jdt.internal.compiler.lookup.LookupEnvironment.createParameterizedType(Lorg/eclipse/jdt/internal/compiler/lookup/ReferenceBinding;[Lorg/eclipse/jdt/internal/
Event: 401.072 Thread 0x0000027077c71fb0 DEOPT PACKING pc=0x0000027063da5578 sp=0x000000ac495fd1c0
Event: 401.072 Thread 0x0000027077c71fb0 DEOPT UNPACKING pc=0x0000027062d36da2 sp=0x000000ac495fd120 mode 2
Event: 401.080 Thread 0x0000027077c71fb0 Uncommon trap: trap_request=0xffffff6e fr.pc=0x0000027063d78a8c relative=0x00000000000004ec
Event: 401.080 Thread 0x0000027077c71fb0 Uncommon trap: reason=loop_limit_check action=maybe_recompile pc=0x0000027063d78a8c method=org.eclipse.jdt.internal.compiler.lookup.BinaryTypeBinding.superInterfaces()[Lorg/eclipse/jdt/internal/compiler/lookup/ReferenceBinding; @ 266 c2
Event: 401.080 Thread 0x0000027077c71fb0 DEOPT PACKING pc=0x0000027063d78a8c sp=0x000000ac495fdca0
Event: 401.080 Thread 0x0000027077c71fb0 DEOPT UNPACKING pc=0x0000027062d36da2 sp=0x000000ac495fdc38 mode 2
Event: 401.091 Thread 0x0000027077c71fb0 Uncommon trap: trap_request=0xffffffde fr.pc=0x0000027063da5578 relative=0x00000000000050b8
Event: 401.091 Thread 0x0000027077c71fb0 Uncommon trap: reason=class_check action=maybe_recompile pc=0x0000027063da5578 method=org.eclipse.jdt.internal.compiler.lookup.LookupEnvironment.createParameterizedType(Lorg/eclipse/jdt/internal/compiler/lookup/ReferenceBinding;[Lorg/eclipse/jdt/internal/
Event: 401.091 Thread 0x0000027077c71fb0 DEOPT PACKING pc=0x0000027063da5578 sp=0x000000ac495fd0b0
Event: 401.091 Thread 0x0000027077c71fb0 DEOPT UNPACKING pc=0x0000027062d36da2 sp=0x000000ac495fd010 mode 2
Event: 401.141 Thread 0x0000027077c71fb0 Uncommon trap: trap_request=0xffffff45 fr.pc=0x0000027063c20ea0 relative=0x0000000000000820
Event: 401.141 Thread 0x0000027077c71fb0 Uncommon trap: reason=unstable_if action=reinterpret pc=0x0000027063c20ea0 method=org.eclipse.jdt.internal.compiler.parser.Scanner.getNextToken0()Lorg/eclipse/jdt/internal/compiler/parser/TerminalToken; @ 1003 c2
Event: 401.141 Thread 0x0000027077c71fb0 DEOPT PACKING pc=0x0000027063c20ea0 sp=0x000000ac495fde60
Event: 401.141 Thread 0x0000027077c71fb0 DEOPT UNPACKING pc=0x0000027062d36da2 sp=0x000000ac495fdda8 mode 2
Event: 401.176 Thread 0x0000027077c74710 Uncommon trap: trap_request=0xffffffc6 fr.pc=0x0000027063d14b4c relative=0x00000000000001ec
Event: 401.176 Thread 0x0000027077c74710 Uncommon trap: reason=bimorphic_or_optimized_type_check action=maybe_recompile pc=0x0000027063d14b4c method=java.util.stream.ReduceOps$ReduceOp.evaluateSequential(Ljava/util/stream/PipelineHelper;Ljava/util/Spliterator;)Ljava/lang/Object; @ 2 c2
Event: 401.176 Thread 0x0000027077c74710 DEOPT PACKING pc=0x0000027063d14b4c sp=0x000000ac494feb00
Event: 401.176 Thread 0x0000027077c74710 DEOPT UNPACKING pc=0x0000027062d36da2 sp=0x000000ac494fea80 mode 2

Classes loaded (20 events):
Event: 268.667 Loading class java/nio/file/FileTreeIterator
Event: 268.668 Loading class java/nio/file/FileTreeIterator done
Event: 268.712 Loading class java/nio/file/Files$2
Event: 268.712 Loading class java/nio/file/Files$2 done
Event: 274.717 Loading class java/util/stream/DistinctOps
Event: 274.718 Loading class java/util/stream/DistinctOps done
Event: 274.718 Loading class java/util/stream/DistinctOps$1
Event: 274.720 Loading class java/util/stream/DistinctOps$1 done
Event: 274.748 Loading class java/util/stream/DistinctOps$1$2
Event: 274.748 Loading class java/util/stream/DistinctOps$1$2 done
Event: 279.410 Loading class java/util/concurrent/ArrayBlockingQueue
Event: 279.413 Loading class java/util/concurrent/ArrayBlockingQueue done
Event: 279.644 Loading class java/util/concurrent/ConcurrentHashMap$KeySpliterator
Event: 279.645 Loading class java/util/concurrent/ConcurrentHashMap$KeySpliterator done
Event: 279.670 Loading class sun/nio/ch/ChannelOutputStream
Event: 279.671 Loading class sun/nio/ch/ChannelOutputStream done
Event: 287.875 Loading class java/io/CharArrayWriter
Event: 287.876 Loading class java/io/CharArrayWriter done
Event: 287.889 Loading class sun/nio/fs/WindowsFileCopy
Event: 287.890 Loading class sun/nio/fs/WindowsFileCopy done

Classes unloaded (7 events):
Event: 24.152 Thread 0x00000270703a0d70 Unloading class 0x00000270011a9400 'java/lang/invoke/LambdaForm$MH+0x00000270011a9400'
Event: 24.152 Thread 0x00000270703a0d70 Unloading class 0x00000270011a9000 'java/lang/invoke/LambdaForm$MH+0x00000270011a9000'
Event: 24.152 Thread 0x00000270703a0d70 Unloading class 0x00000270011a8c00 'java/lang/invoke/LambdaForm$MH+0x00000270011a8c00'
Event: 24.152 Thread 0x00000270703a0d70 Unloading class 0x00000270011a8800 'java/lang/invoke/LambdaForm$MH+0x00000270011a8800'
Event: 24.152 Thread 0x00000270703a0d70 Unloading class 0x00000270011a8400 'java/lang/invoke/LambdaForm$BMH+0x00000270011a8400'
Event: 24.152 Thread 0x00000270703a0d70 Unloading class 0x00000270011a8000 'java/lang/invoke/LambdaForm$DMH+0x00000270011a8000'
Event: 24.152 Thread 0x00000270703a0d70 Unloading class 0x00000270011a6c00 'java/lang/invoke/LambdaForm$DMH+0x00000270011a6c00'

Classes redefined (0 events):
No events

Internal exceptions (20 events):
Event: 285.022 Thread 0x0000027079e7e0b0 Exception <a 'sun/nio/fs/WindowsException'{0x00000000d5b66ba0}> (0x00000000d5b66ba0) 
thrown [s\src\hotspot\share\prims\jni.cpp, line 520]
Event: 285.023 Thread 0x0000027079e7e0b0 Exception <a 'sun/nio/fs/WindowsException'{0x00000000d5b67d10}> (0x00000000d5b67d10) 
thrown [s\src\hotspot\share\prims\jni.cpp, line 520]
Event: 285.023 Thread 0x0000027079e7e0b0 Exception <a 'sun/nio/fs/WindowsException'{0x00000000d5b68450}> (0x00000000d5b68450) 
thrown [s\src\hotspot\share\prims\jni.cpp, line 520]
Event: 285.024 Thread 0x0000027079e7e0b0 Exception <a 'sun/nio/fs/WindowsException'{0x00000000d5b69888}> (0x00000000d5b69888) 
thrown [s\src\hotspot\share\prims\jni.cpp, line 520]
Event: 285.024 Thread 0x0000027079e7e0b0 Exception <a 'sun/nio/fs/WindowsException'{0x00000000d5b6a068}> (0x00000000d5b6a068) 
thrown [s\src\hotspot\share\prims\jni.cpp, line 520]
Event: 285.024 Thread 0x0000027079e7e0b0 Exception <a 'sun/nio/fs/WindowsException'{0x00000000d5b6ae20}> (0x00000000d5b6ae20) 
thrown [s\src\hotspot\share\prims\jni.cpp, line 520]
Event: 285.024 Thread 0x0000027079e7e0b0 Exception <a 'sun/nio/fs/WindowsException'{0x00000000d5b6b600}> (0x00000000d5b6b600) 
thrown [s\src\hotspot\share\prims\jni.cpp, line 520]
Event: 286.258 Thread 0x0000027078f34780 Exception <a 'java/lang/NoSuchMethodError'{0x00000000d5bbb1b8}: 'java.lang.Object java.lang.invoke.DirectMethodHandle$Holder.invokeSpecial(java.lang.Object, java.lang.Object, int, java.lang.Object, java.lang.Object, java.lang.Object, java.lang.Object)'> (0x00000000d5bbb1b8) 
thrown [s\src\hotspot\share\interpreter\linkResolver.cpp, line 773]
Event: 286.261 Thread 0x0000027078f34780 Exception <a 'java/lang/NoSuchMethodError'{0x00000000d5bc3d68}: 'java.lang.Object java.lang.invoke.DirectMethodHandle$Holder.newInvokeSpecial(java.lang.Object, java.lang.Object, int, java.lang.Object, java.lang.Object)'> (0x00000000d5bc3d68) 
thrown [s\src\hotspot\share\interpreter\linkResolver.cpp, line 773]
Event: 286.308 Thread 0x0000027078f34780 Exception <a 'java/lang/NoSuchMethodError'{0x00000000d5be3bc0}: 'java.lang.Object java.lang.invoke.DirectMethodHandle$Holder.invokeSpecial(java.lang.Object, java.lang.Object, java.lang.Object, int, java.lang.Object, java.lang.Object, java.lang.Object)'> (0x00000000d5be3bc0) 
thrown [s\src\hotspot\share\interpreter\linkResolver.cpp, line 773]
Event: 286.476 Thread 0x0000027078f34780 Exception <a 'java/lang/NoSuchMethodError'{0x00000000d5c87bd8}: 'void java.lang.invoke.DirectMethodHandle$Holder.invokeStatic(java.lang.Object, int)'> (0x00000000d5c87bd8) 
thrown [s\src\hotspot\share\interpreter\linkResolver.cpp, line 773]
Event: 287.114 Thread 0x0000027078f34780 Exception <a 'java/io/FileNotFoundException'{0x00000000d5c18a88}> (0x00000000d5c18a88) 
thrown [s\src\hotspot\share\prims\jni.cpp, line 520]
Event: 287.134 Thread 0x0000027078f34780 Exception <a 'java/io/FileNotFoundException'{0x00000000d5c19d20}> (0x00000000d5c19d20) 
thrown [s\src\hotspot\share\prims\jni.cpp, line 520]
Event: 287.150 Thread 0x0000027078f34780 Exception <a 'java/io/FileNotFoundException'{0x00000000d5c1ad10}> (0x00000000d5c1ad10) 
thrown [s\src\hotspot\share\prims\jni.cpp, line 520]
Event: 287.552 Thread 0x0000027078f34780 Implicit null exception at 0x0000027063897b15 to 0x0000027063898114
Event: 287.657 Thread 0x0000027078f34780 Implicit null exception at 0x000002706358f103 to 0x00000270635900c4
Event: 287.891 Thread 0x0000027078f34780 Exception <a 'sun/nio/fs/WindowsException'{0x00000000d56d9c38}> (0x00000000d56d9c38) 
thrown [s\src\hotspot\share\prims\jni.cpp, line 520]
Event: 287.897 Thread 0x0000027078f34780 Exception <a 'sun/nio/fs/WindowsException'{0x00000000d56dbaa8}> (0x00000000d56dbaa8) 
thrown [s\src\hotspot\share\prims\jni.cpp, line 520]
Event: 287.963 Thread 0x0000027078f34780 Exception <a 'sun/nio/fs/WindowsException'{0x00000000d56ddb98}> (0x00000000d56ddb98) 
thrown [s\src\hotspot\share\prims\jni.cpp, line 520]
Event: 287.967 Thread 0x0000027078f34780 Exception <a 'sun/nio/fs/WindowsException'{0x00000000d56df918}> (0x00000000d56df918) 
thrown [s\src\hotspot\share\prims\jni.cpp, line 520]

ZGC Phase Switch (0 events):
No events

VM Operations (20 events):
Event: 289.874 Executing VM operation: Cleanup
Event: 289.874 Executing VM operation: Cleanup done
Event: 301.006 Executing VM operation: HandshakeAllThreads (HandshakeForDeflation)
Event: 301.007 Executing VM operation: HandshakeAllThreads (HandshakeForDeflation) done
Event: 301.007 Executing VM operation: RendezvousGCThreads
Event: 301.007 Executing VM operation: RendezvousGCThreads done
Event: 324.125 Executing VM operation: Cleanup
Event: 324.125 Executing VM operation: Cleanup done
Event: 333.193 Executing VM operation: Cleanup
Event: 333.193 Executing VM operation: Cleanup done
Event: 337.229 Executing VM operation: Cleanup
Event: 337.229 Executing VM operation: Cleanup done
Event: 345.291 Executing VM operation: Cleanup
Event: 345.291 Executing VM operation: Cleanup done
Event: 361.115 Executing VM operation: HandshakeAllThreads (HandshakeForDeflation)
Event: 361.115 Executing VM operation: HandshakeAllThreads (HandshakeForDeflation) done
Event: 361.115 Executing VM operation: RendezvousGCThreads
Event: 361.115 Executing VM operation: RendezvousGCThreads done
Event: 400.776 Executing VM operation: ParallelGCFailedAllocation (Allocation Failure)
Event: 400.832 Executing VM operation: ParallelGCFailedAllocation (Allocation Failure) done

Memory protections (0 events):
No events

Nmethod flushes (20 events):
Event: 37.228 Thread 0x00000270703a0d70 flushing  nmethod 0x000002705bfb5410
Event: 37.228 Thread 0x00000270703a0d70 flushing  nmethod 0x000002705bfdaa90
Event: 37.228 Thread 0x00000270703a0d70 flushing  nmethod 0x000002705bfdd210
Event: 37.228 Thread 0x00000270703a0d70 flushing  nmethod 0x000002705bfe1790
Event: 37.228 Thread 0x00000270703a0d70 flushing  nmethod 0x000002705bfe1d10
Event: 37.228 Thread 0x00000270703a0d70 flushing  nmethod 0x000002705bfea710
Event: 37.228 Thread 0x00000270703a0d70 flushing  nmethod 0x000002705bff0790
Event: 37.228 Thread 0x00000270703a0d70 flushing  nmethod 0x000002705c01f290
Event: 37.228 Thread 0x00000270703a0d70 flushing osr nmethod 0x000002705c079490
Event: 37.228 Thread 0x00000270703a0d70 flushing  nmethod 0x000002705c086e90
Event: 37.228 Thread 0x00000270703a0d70 flushing  nmethod 0x000002705c093110
Event: 37.228 Thread 0x00000270703a0d70 flushing  nmethod 0x000002705c09b810
Event: 37.228 Thread 0x00000270703a0d70 flushing  nmethod 0x000002705c0a7610
Event: 37.228 Thread 0x00000270703a0d70 flushing  nmethod 0x000002705c0bd810
Event: 37.228 Thread 0x00000270703a0d70 flushing  nmethod 0x000002705c0bde10
Event: 37.228 Thread 0x00000270703a0d70 flushing  nmethod 0x000002705c0be690
Event: 37.228 Thread 0x00000270703a0d70 flushing  nmethod 0x000002705c0c8190
Event: 37.228 Thread 0x00000270703a0d70 flushing  nmethod 0x000002705c0d4890
Event: 37.228 Thread 0x00000270703a0d70 flushing  nmethod 0x000002705c0fac10
Event: 37.228 Thread 0x00000270703a0d70 flushing  nmethod 0x000002705c14c890

Events (20 events):
Event: 287.562 Thread 0x0000027078f34780 Thread added: 0x00000270715080d0
Event: 287.562 Thread 0x0000027078f34780 Thread added: 0x000002707150aec0
Event: 287.563 Thread 0x0000027078f34780 Thread added: 0x000002707150bbe0
Event: 287.563 Thread 0x0000027078f34780 Thread added: 0x00000270715073b0
Event: 287.563 Thread 0x0000027078f34780 Thread added: 0x0000027071508760
Event: 287.588 Thread 0x000002705866e380 Thread added: 0x00000270790dea70
Event: 287.625 Thread 0x00000270715073b0 Thread exited: 0x00000270715073b0
Event: 287.625 Thread 0x000002707150aec0 Thread exited: 0x000002707150aec0
Event: 287.625 Thread 0x000002707150bbe0 Thread exited: 0x000002707150bbe0
Event: 287.625 Thread 0x00000270715080d0 Thread exited: 0x00000270715080d0
Event: 287.626 Thread 0x0000027071508760 Thread exited: 0x0000027071508760
Event: 287.891 Thread 0x00000270790dea70 Thread exited: 0x00000270790dea70
Event: 288.107 Thread 0x000002705866e380 Thread added: 0x00000270790e1350
Event: 294.164 Thread 0x00000270790e1350 Thread exited: 0x00000270790e1350
Event: 339.952 Thread 0x0000027079e7cd00 Thread exited: 0x0000027079e7cd00
Event: 340.944 Thread 0x0000027079e7ac30 Thread exited: 0x0000027079e7ac30
Event: 345.028 Thread 0x0000027079b10500 Thread exited: 0x0000027079b10500
Event: 383.699 Thread 0x0000027078f34780 Thread exited: 0x0000027078f34780
Event: 383.700 Thread 0x000002707066bf00 Thread exited: 0x000002707066bf00
Event: 399.955 Thread 0x0000027079e80810 Thread exited: 0x0000027079e80810


Dynamic libraries:
0x00007ff69e940000 - 0x00007ff69e94e000 	c:\Users\Admin\.vscode\extensions\redhat.java-1.50.0-win32-x64\jre\21.0.9-win32-x86_64\bin\java.exe
0x00007ffca4430000 - 0x00007ffca4648000 	C:\WINDOWS\SYSTEM32\ntdll.dll
0x00007ffca2fb0000 - 0x00007ffca3074000 	C:\WINDOWS\System32\KERNEL32.DLL
0x00007ffca16b0000 - 0x00007ffca1a83000 	C:\WINDOWS\System32\KERNELBASE.dll
0x00007ffca1af0000 - 0x00007ffca1c01000 	C:\WINDOWS\System32\ucrtbase.dll
0x00007ffc8f1a0000 - 0x00007ffc8f1b8000 	c:\Users\Admin\.vscode\extensions\redhat.java-1.50.0-win32-x64\jre\21.0.9-win32-x86_64\bin\jli.dll
0x00007ffca2df0000 - 0x00007ffca2fa2000 	C:\WINDOWS\System32\USER32.dll
0x00007ffca1ac0000 - 0x00007ffca1ae6000 	C:\WINDOWS\System32\win32u.dll
0x00007ffca20d0000 - 0x00007ffca20f9000 	C:\WINDOWS\System32\GDI32.dll
0x00007ffca1d30000 - 0x00007ffca1e4b000 	C:\WINDOWS\System32\gdi32full.dll
0x00007ffca1c90000 - 0x00007ffca1d2a000 	C:\WINDOWS\System32\msvcp_win.dll
0x00007ffc8d350000 - 0x00007ffc8d36e000 	c:\Users\Admin\.vscode\extensions\redhat.java-1.50.0-win32-x64\jre\21.0.9-win32-x86_64\bin\VCRUNTIME140.dll
0x00007ffc8a5f0000 - 0x00007ffc8a88c000 	C:\WINDOWS\WinSxS\amd64_microsoft.windows.common-controls_6595b64144ccf1df_6.0.22621.6060_none_2712eda17382d24b\COMCTL32.dll
0x00007ffca3140000 - 0x00007ffca31e7000 	C:\WINDOWS\System32\msvcrt.dll
0x00007ffca2b70000 - 0x00007ffca2ba1000 	C:\WINDOWS\System32\IMM32.DLL
0x00007ffc99f60000 - 0x00007ffc99f6c000 	c:\Users\Admin\.vscode\extensions\redhat.java-1.50.0-win32-x64\jre\21.0.9-win32-x86_64\bin\vcruntime140_1.dll
0x00007ffc8aab0000 - 0x00007ffc8ab3d000 	c:\Users\Admin\.vscode\extensions\redhat.java-1.50.0-win32-x64\jre\21.0.9-win32-x86_64\bin\msvcp140.dll
0x00007ffc055e0000 - 0x00007ffc06380000 	c:\Users\Admin\.vscode\extensions\redhat.java-1.50.0-win32-x64\jre\21.0.9-win32-x86_64\bin\server\jvm.dll
0x00007ffca3080000 - 0x00007ffca3131000 	C:\WINDOWS\System32\ADVAPI32.dll
0x00007ffca2180000 - 0x00007ffca2228000 	C:\WINDOWS\System32\sechost.dll
0x00007ffca1a90000 - 0x00007ffca1ab8000 	C:\WINDOWS\System32\bcrypt.dll
0x00007ffca2c60000 - 0x00007ffca2d78000 	C:\WINDOWS\System32\RPCRT4.dll
0x00007ffca2100000 - 0x00007ffca2171000 	C:\WINDOWS\System32\WS2_32.dll
0x00007ffca0360000 - 0x00007ffca03ad000 	C:\WINDOWS\SYSTEM32\POWRPROF.dll
0x00007ffc95a90000 - 0x00007ffc95ac4000 	C:\WINDOWS\SYSTEM32\WINMM.dll
0x00007ffc95600000 - 0x00007ffc9560a000 	C:\WINDOWS\SYSTEM32\VERSION.dll
0x00007ffca0340000 - 0x00007ffca0353000 	C:\WINDOWS\SYSTEM32\UMPDC.dll
0x00007ffca05f0000 - 0x00007ffca0608000 	C:\WINDOWS\SYSTEM32\kernel.appcore.dll
0x00007ffc8f100000 - 0x00007ffc8f10a000 	c:\Users\Admin\.vscode\extensions\redhat.java-1.50.0-win32-x64\jre\21.0.9-win32-x86_64\bin\jimage.dll
0x00007ffc9ed20000 - 0x00007ffc9ef53000 	C:\WINDOWS\SYSTEM32\DBGHELP.DLL
0x00007ffca35b0000 - 0x00007ffca3941000 	C:\WINDOWS\System32\combase.dll
0x00007ffca2a00000 - 0x00007ffca2ad8000 	C:\WINDOWS\System32\OLEAUT32.dll
0x00007ffc92c80000 - 0x00007ffc92cb2000 	C:\WINDOWS\SYSTEM32\dbgcore.DLL
0x00007ffca1c10000 - 0x00007ffca1c8b000 	C:\WINDOWS\System32\bcryptPrimitives.dll
0x00007ffc8e950000 - 0x00007ffc8e95f000 	c:\Users\Admin\.vscode\extensions\redhat.java-1.50.0-win32-x64\jre\21.0.9-win32-x86_64\bin\instrument.dll
0x00007ffc8aa90000 - 0x00007ffc8aab0000 	c:\Users\Admin\.vscode\extensions\redhat.java-1.50.0-win32-x64\jre\21.0.9-win32-x86_64\bin\java.dll
0x00007ffca3b50000 - 0x00007ffca43ec000 	C:\WINDOWS\System32\SHELL32.dll
0x00007ffca1f90000 - 0x00007ffca20cf000 	C:\WINDOWS\System32\wintypes.dll
0x00007ffc9f400000 - 0x00007ffc9fd1a000 	C:\WINDOWS\SYSTEM32\windows.storage.dll
0x00007ffca26b0000 - 0x00007ffca27b4000 	C:\WINDOWS\System32\SHCORE.dll
0x00007ffca2d80000 - 0x00007ffca2de9000 	C:\WINDOWS\System32\shlwapi.dll
0x00007ffca1470000 - 0x00007ffca1495000 	C:\WINDOWS\SYSTEM32\profapi.dll
0x00007ffc8aa70000 - 0x00007ffc8aa88000 	c:\Users\Admin\.vscode\extensions\redhat.java-1.50.0-win32-x64\jre\21.0.9-win32-x86_64\bin\zip.dll
0x00007ffc8d180000 - 0x00007ffc8d190000 	C:\Users\Admin\.vscode\extensions\redhat.java-1.50.0-win32-x64\jre\21.0.9-win32-x86_64\bin\net.dll
0x00007ffc977e0000 - 0x00007ffc9790c000 	C:\WINDOWS\SYSTEM32\WINHTTP.dll
0x00007ffca0af0000 - 0x00007ffca0b59000 	C:\WINDOWS\system32\mswsock.dll
0x00007ffc8aa50000 - 0x00007ffc8aa66000 	C:\Users\Admin\.vscode\extensions\redhat.java-1.50.0-win32-x64\jre\21.0.9-win32-x86_64\bin\nio.dll
0x00007ffc8aa40000 - 0x00007ffc8aa50000 	c:\Users\Admin\.vscode\extensions\redhat.java-1.50.0-win32-x64\jre\21.0.9-win32-x86_64\bin\verify.dll
0x00007ffc6a490000 - 0x00007ffc6a4d4000 	C:\Users\Admin\AppData\Roaming\Code\User\globalStorage\redhat.java\1.50.0\config_win\org.eclipse.equinox.launcher\org.eclipse.equinox.launcher.win32.win32.x86_64_1.2.1400.v20250801-0854\eclipse_11916.dll
0x00007ffca31f0000 - 0x00007ffca3391000 	C:\WINDOWS\System32\ole32.dll
0x00007ffca0d40000 - 0x00007ffca0d5b000 	C:\WINDOWS\SYSTEM32\CRYPTSP.dll
0x00007ffca0550000 - 0x00007ffca0587000 	C:\WINDOWS\system32\rsaenh.dll
0x00007ffca0be0000 - 0x00007ffca0c08000 	C:\WINDOWS\SYSTEM32\USERENV.dll
0x00007ffca0d60000 - 0x00007ffca0d6c000 	C:\WINDOWS\SYSTEM32\CRYPTBASE.dll
0x00007ffc9ff70000 - 0x00007ffc9ff9d000 	C:\WINDOWS\SYSTEM32\IPHLPAPI.DLL
0x00007ffca3950000 - 0x00007ffca3959000 	C:\WINDOWS\System32\NSI.dll
0x00007ffc42df0000 - 0x00007ffc42e39000 	C:\Users\Admin\AppData\Local\Temp\jna-63116079\jna9531128419454999668.dll
0x00007ffca2ae0000 - 0x00007ffca2ae8000 	C:\WINDOWS\System32\PSAPI.DLL
0x00007ffc96710000 - 0x00007ffc96729000 	C:\WINDOWS\SYSTEM32\dhcpcsvc6.DLL
0x00007ffc966f0000 - 0x00007ffc9670f000 	C:\WINDOWS\SYSTEM32\dhcpcsvc.DLL
0x00007ffc6bf40000 - 0x00007ffc6bf4e000 	C:\Users\Admin\.vscode\extensions\redhat.java-1.50.0-win32-x64\jre\21.0.9-win32-x86_64\bin\sunmscapi.dll
0x00007ffca1540000 - 0x00007ffca16a8000 	C:\WINDOWS\System32\CRYPT32.dll
0x00007ffca0ee0000 - 0x00007ffca0f0e000 	C:\WINDOWS\SYSTEM32\ncrypt.dll
0x00007ffca0ea0000 - 0x00007ffca0ed7000 	C:\WINDOWS\SYSTEM32\NTASN1.dll
0x00007ffca0720000 - 0x00007ffca0754000 	C:\WINDOWS\SYSTEM32\ntmarta.dll

JVMTI agents:
c:\Users\Admin\.vscode\extensions\redhat.java-1.50.0-win32-x64\lombok\lombok-1.18.39-4050.jar path:c:\Users\Admin\.vscode\extensions\redhat.java-1.50.0-win32-x64\jre\21.0.9-win32-x86_64\bin\instrument.dll, loaded, initialized, instrumentlib options:none

dbghelp: loaded successfully - version: 4.0.5 - missing functions: none
symbol engine: initialized successfully - sym options: 0x614 - pdb path: .;c:\Users\Admin\.vscode\extensions\redhat.java-1.50.0-win32-x64\jre\21.0.9-win32-x86_64\bin;C:\WINDOWS\SYSTEM32;C:\WINDOWS\WinSxS\amd64_microsoft.windows.common-controls_6595b64144ccf1df_6.0.22621.6060_none_2712eda17382d24b;c:\Users\Admin\.vscode\extensions\redhat.java-1.50.0-win32-x64\jre\21.0.9-win32-x86_64\bin\server;C:\Users\Admin\AppData\Roaming\Code\User\globalStorage\redhat.java\1.50.0\config_win\org.eclipse.equinox.launcher\org.eclipse.equinox.launcher.win32.win32.x86_64_1.2.1400.v20250801-0854;C:\Users\Admin\AppData\Local\Temp\jna-63116079

VM Arguments:
jvm_args: --add-modules=ALL-SYSTEM --add-opens=java.base/java.util=ALL-UNNAMED --add-opens=java.base/java.lang=ALL-UNNAMED --add-opens=java.base/sun.nio.fs=ALL-UNNAMED -Declipse.application=org.eclipse.jdt.ls.core.id1 -Dosgi.bundles.defaultStartLevel=4 -Declipse.product=org.eclipse.jdt.ls.core.product -Djava.import.generatesMetadataFilesAtProjectRoot=false -DDetectVMInstallationsJob.disabled=true -Dfile.encoding=utf8 -XX:+UseParallelGC -XX:GCTimeRatio=4 -XX:AdaptiveSizePolicyWeight=90 -Dsun.zip.disableMemoryMapping=true -Xmx2G -Xms100m -Xlog:disable -javaagent:c:\Users\Admin\.vscode\extensions\redhat.java-1.50.0-win32-x64\lombok\lombok-1.18.39-4050.jar -XX:+HeapDumpOnOutOfMemoryError -XX:HeapDumpPath=c:\Users\Admin\AppData\Roaming\Code\User\workspaceStorage\a23788f5b74dcf48517ce5fa43faa16f\redhat.java -Daether.dependencyCollector.impl=bf 
java_command: c:\Users\Admin\.vscode\extensions\redhat.java-1.50.0-win32-x64\server\plugins\org.eclipse.equinox.launcher_1.7.100.v20251111-0406.jar -configuration c:\Users\Admin\AppData\Roaming\Code\User\globalStorage\redhat.java\1.50.0\config_win -data c:\Users\Admin\AppData\Roaming\Code\User\workspaceStorage\a23788f5b74dcf48517ce5fa43faa16f\redhat.java\jdt_ws --pipe=\\.\pipe\lsp-43f384e4572503e8587523d79eb5568c-sock
java_class_path (initial): c:\Users\Admin\.vscode\extensions\redhat.java-1.50.0-win32-x64\server\plugins\org.eclipse.equinox.launcher_1.7.100.v20251111-0406.jar
Launcher Type: SUN_STANDARD

[Global flags]
    uintx AdaptiveSizePolicyWeight                 = 90                                        {product} {command line}
     intx CICompilerCount                          = 4                                         {product} {ergonomic}
    uintx GCTimeRatio                              = 4                                         {product} {command line}
     bool HeapDumpOnOutOfMemoryError               = true                                   {manageable} {command line}
    ccstr HeapDumpPath                             = c:\Users\Admin\AppData\Roaming\Code\User\workspaceStorage\a23788f5b74dcf48517ce5fa43faa16f\redhat.java         {manageable} {command line}
   size_t InitialHeapSize                          = 104857600                                 {product} {command line}
   size_t MaxHeapSize                              = 2147483648                                {product} {command line}
   size_t MaxNewSize                               = 715653120                                 {product} {ergonomic}
   size_t MinHeapDeltaBytes                        = 524288                                    {product} {ergonomic}
   size_t MinHeapSize                              = 104857600                                 {product} {command line}
   size_t NewSize                                  = 34603008                                  {product} {ergonomic}
    uintx NonNMethodCodeHeapSize                   = 5839372                                {pd product} {ergonomic}
    uintx NonProfiledCodeHeapSize                  = 122909434                              {pd product} {ergonomic}
   size_t OldSize                                  = 70254592                                  {product} {ergonomic}
    uintx ProfiledCodeHeapSize                     = 122909434                              {pd product} {ergonomic}
    uintx ReservedCodeCacheSize                    = 251658240                              {pd product} {ergonomic}
     bool SegmentedCodeCache                       = true                                      {product} {ergonomic}
   size_t SoftMaxHeapSize                          = 2147483648                             {manageable} {ergonomic}
     bool UseCompressedOops                        = true                           {product lp64_product} {ergonomic}
     bool UseLargePagesIndividualAllocation        = false                                  {pd product} {ergonomic}
     bool UseParallelGC                            = true                                      {product} {command line}

Logging:
Log output configuration:
 #0: stdout all=off uptime,level,tags foldmultilines=false
 #1: stderr all=off uptime,level,tags foldmultilines=false

Release file:
JAVA_VERSION="21.0.9" 
MODULES="java.base java.compiler java.datatransfer java.xml java.prefs java.desktop java.instrument java.logging java.management java.security.sasl java.naming java.rmi java.management.rmi java.net.http java.scripting java.security.jgss java.transaction.xa java.sql java.sql.rowset java.xml.crypto java.se java.smartcardio jdk.accessibility jdk.internal.jvmstat jdk.attach jdk.charsets jdk.internal.opt jdk.zipfs jdk.compiler jdk.crypto.ec jdk.crypto.cryptoki jdk.crypto.mscapi jdk.dynalink jdk.internal.ed jdk.editpad jdk.hotspot.agent jdk.httpserver jdk.internal.le jdk.internal.vm.ci jdk.internal.vm.compiler jdk.internal.vm.compiler.management jdk.jartool jdk.javadoc jdk.jcmd jdk.management jdk.management.agent jdk.jconsole jdk.jdeps jdk.jdwp.agent jdk.jdi jdk.jfr jdk.jshell jdk.jsobject jdk.jstatd jdk.localedata jdk.management.jfr jdk.naming.dns jdk.naming.rmi jdk.net jdk.nio.mapmode jdk.random jdk.sctp jdk.security.auth jdk.security.jgss jdk.unsupported jdk.unsupported.desktop jdk.xml.dom" 

Environment Variables:
JAVA_HOME=C:\Users\Admin\Downloads\jdk-22_windows-x64_bin\jdk-22.0.1
PATH=C:\Python313\Scripts\;C:\Python313\;C:\Program Files\Common Files\Oracle\Java\javapath;C:\Program Files (x86)\Common Files\Oracle\Java\java8path;C:\Program Files (x86)\Common Files\Oracle\Java\javapath;C:\Program Files\Microsoft MPI\Bin\;C:\Windows\system32;C:\Windows;C:\Windows\System32\Wbem;C:\Windows\System32\WindowsPowerShell\v1.0\;C:\Windows\System32\OpenSSH\;C:\Program Files (x86)\NVIDIA Corporation\PhysX\Common;C:\Program Files\NVIDIA Corporation\NVIDIA NvDLISR;C:\WINDOWS\system32;C:\WINDOWS;C:\WINDOWS\System32\Wbem;C:\WINDOWS\System32\WindowsPowerShell\v1.0\;C:\WINDOWS\System32\OpenSSH\;C:\Program Files\dotnet\;C:\Program Files (x86)\Microsoft SQL Server\160\Tools\Binn\;C:\Program Files\Microsoft SQL Server\160\Tools\Binn\;C:\Program Files\Microsoft SQL Server\Client SDK\ODBC\170\Tools\Binn\;C:\Program Files\Microsoft SQL Server\160\DTS\Binn\;C:\Users\Admin\Downloads\jdk-22_windows-x64_bin\jdk-22.0.1\bin;C:\Users\Admin\Downloads\apache-maven-3.9.6\bin;C:\Users\Admin\Downloads\apache-maven-3.9.6\bin;C:\Users\Admin\Downloads\jdk-22_windows-x64_bin\myprj\movewar.bat;C:\Program Files\Git\cmd;C:\Program Files\nodejs\;C:\ProgramData\chocolatey\bin;C:\msys64\mingw64\bin;C:\Program Files\Docker\Docker\resources\bin;C:\Users\Admin\AppData\Local\Programs\Python\Launcher\;C:\Program Files\MySQL\MySQL Shell 8.0\bin\;C:\texlive\2022\bin\win32;C:\Users\Admin\AppData\Local\Microsoft\WindowsApps;C:\Users\Admin\AppData\Local\Programs\Microsoft VS Code\bin;C:\Program Files\Azure Data Studio\bin;C:\MinGW\bin;C:\Users\Admin\Downloads\apache-maven-3.9.6\bin\mvn;C:\Users\Admin\Downloads\jdk-22_windows-x64_bin\jdk-22.0.1\bin;C:\Users\Admin\AppData\Roaming\npm;C:\Programing Files\nodejs;F:\IntelliJ IDEA 2025.1\bin;;C:\Program Files\Docker\Docker\resources\bin;
USERNAME=Admin
OS=Windows_NT
PROCESSOR_IDENTIFIER=Intel64 Family 6 Model 141 Stepping 1, GenuineIntel
TMP=C:\Users\Admin\AppData\Local\Temp
TEMP=C:\Users\Admin\AppData\Local\Temp




Periodic native trim disabled

---------------  S Y S T E M  ---------------

OS:
 Windows 11 , 64 bit Build 22621 (10.0.22621.5415)
OS uptime: 0 days 0:11 hours
Hyper-V role detected

CPU: total 12 (initial active 12) (6 cores per cpu, 2 threads per core) family 6 model 141 stepping 1 microcode 0x56, cx8, cmov, fxsr, ht, mmx, 3dnowpref, sse, sse2, sse3, ssse3, sse4.1, sse4.2, popcnt, lzcnt, tsc, tscinvbit, avx, avx2, aes, erms, clmul, bmi1, bmi2, adx, avx512f, avx512dq, avx512cd, avx512bw, avx512vl, sha, fma, vzeroupper, avx512_vpopcntdq, avx512_vpclmulqdq, avx512_vaes, avx512_vnni, clflush, clflushopt, clwb, avx512_vbmi2, avx512_vbmi, hv, rdtscp, rdpid, fsrm, gfni, avx512_bitalg, f16c, cet_ibt, cet_ss, avx512_ifma
Processor Information for the first 12 processors :
  Max Mhz: 2688, Current Mhz: 2688, Mhz Limit: 2688

Memory: 4k page, system-wide physical 7922M (297M free)
TotalPageFile size 19703M (AvailPageFile size 4M)
current process WorkingSet (physical memory assigned to process): 162M, peak: 413M
current process commit charge ("private bytes"): 495M, peak: 521M

vm_info: OpenJDK 64-Bit Server VM (21.0.9+10-LTS) for windows-amd64 JRE (21.0.9+10-LTS), built on 2025-10-21T00:00:00Z by "admin" with unknown MS VC++:1942

END.
