#
# There is insufficient memory for the Java Runtime Environment to continue.
# Native memory allocation (malloc) failed to allocate 184992 bytes. Error detail: Chunk::new
# Possible reasons:
#   The system is out of physical RAM or swap space
#   This process is running with CompressedOops enabled, and the Java Heap may be blocking the growth of the native heap
# Possible solutions:
#   Reduce memory load on the system
#   Increase physical memory or swap space
#   Check if swap backing store is full
#   Decrease Java heap size (-Xmx/-Xms)
#   Decrease number of Java threads
#   Decrease Java thread stack sizes (-Xss)
#   Set larger code cache with -XX:ReservedCodeCacheSize=
#   JVM is running with Unscaled Compressed Oops mode in which the Java heap is
#     placed in the first 4GB address space. The Java Heap base address is the
#     maximum limit for the native heap growth. Please use -XX:HeapBaseMinAddress
#     to set the Java Heap base and to place the Java Heap above 4GB virtual address.
# This output file may be truncated or incomplete.
#
#  Out of Memory Error (arena.cpp:168), pid=17436, tid=1724
#
# JRE version: OpenJDK Runtime Environment Temurin-21.0.8+9 (21.0.8+9) (build 21.0.8+9-LTS)
# Java VM: OpenJDK 64-Bit Server VM Temurin-21.0.8+9 (21.0.8+9-LTS, mixed mode, sharing, tiered, compressed oops, compressed class ptrs, parallel gc, windows-amd64)
# No core dump will be written. Minidumps are not enabled by default on client versions of Windows
#

---------------  S U M M A R Y ------------

Command Line: --add-modules=ALL-SYSTEM --add-opens=java.base/java.util=ALL-UNNAMED --add-opens=java.base/java.lang=ALL-UNNAMED --add-opens=java.base/sun.nio.fs=ALL-UNNAMED -Declipse.application=org.eclipse.jdt.ls.core.id1 -Dosgi.bundles.defaultStartLevel=4 -Declipse.product=org.eclipse.jdt.ls.core.product -Djava.import.generatesMetadataFilesAtProjectRoot=false -DDetectVMInstallationsJob.disabled=true -Dfile.encoding=utf8 -XX:+UseParallelGC -XX:GCTimeRatio=4 -XX:AdaptiveSizePolicyWeight=90 -Dsun.zip.disableMemoryMapping=true -Xmx2G -Xms100m -Xlog:disable -javaagent:c:\Users\Admin\.vscode\extensions\redhat.java-1.47.0-win32-x64\lombok\lombok-1.18.39-4050.jar -XX:+HeapDumpOnOutOfMemoryError -XX:HeapDumpPath=c:\Users\Admin\AppData\Roaming\Code\User\workspaceStorage\a23788f5b74dcf48517ce5fa43faa16f\redhat.java -Daether.dependencyCollector.impl=bf c:\Users\Admin\.vscode\extensions\redhat.java-1.47.0-win32-x64\server\plugins\org.eclipse.equinox.launcher_1.7.100.v20251014-1222.jar -configuration c:\Users\Admin\AppData\Roaming\Code\User\globalStorage\redhat.java\1.47.0\config_win -data c:\Users\Admin\AppData\Roaming\Code\User\workspaceStorage\a23788f5b74dcf48517ce5fa43faa16f\redhat.java\jdt_ws --pipe=\\.\pipe\lsp-03d33b0618c994e363466fdb435bd5c9-sock

Host: 11th Gen Intel(R) Core(TM) i5-11400H @ 2.70GHz, 12 cores, 7G,  Windows 11 , 64 bit Build 22621 (10.0.22621.5415)
Time: Sat Nov  1 08:26:55 2025 SE Asia Standard Time elapsed time: 2.095667 seconds (0d 0h 0m 2s)

---------------  T H R E A D  ---------------

Current thread (0x00000114bbb99f10):  JavaThread "C2 CompilerThread0" daemon [_thread_in_native, id=1724, stack(0x000000044b300000,0x000000044b400000) (1024K)]


Current CompileTask:
C2:2095 1274   !   4       lombok.patcher.ScriptManager$OurClassFileTransformer::transform (473 bytes)

Stack: [0x000000044b300000,0x000000044b400000]
Native frames: (J=compiled Java code, j=interpreted, Vv=VM code, C=native code)
V  [jvm.dll+0x6d2449]
V  [jvm.dll+0x8ae341]
V  [jvm.dll+0x8b08be]
V  [jvm.dll+0x8b0fa3]
V  [jvm.dll+0x280c96]
V  [jvm.dll+0xc581d]
V  [jvm.dll+0xc5d53]
V  [jvm.dll+0x3b919c]
V  [jvm.dll+0x385315]
V  [jvm.dll+0x38477a]
V  [jvm.dll+0x248ed0]
V  [jvm.dll+0x2484af]
V  [jvm.dll+0x1c89ee]
V  [jvm.dll+0x257d4d]
V  [jvm.dll+0x2562ea]
V  [jvm.dll+0x3f2d16]
V  [jvm.dll+0x857e6b]
V  [jvm.dll+0x6d0b0d]
C  [ucrtbase.dll+0x29333]
C  [KERNEL32.DLL+0x1259d]
C  [ntdll.dll+0x5af78]


---------------  P R O C E S S  ---------------

Threads class SMR info:
_java_thread_list=0x0000011514cdea90, length=11, elements={
0x00000114bbaf2470, 0x00000114bbb90fa0, 0x00000114bbb923b0, 0x00000114bbb93650,
0x00000114bbb94560, 0x00000114bbb95470, 0x00000114bbb970d0, 0x00000114bbb99f10,
0x00000114bbba7870, 0x0000011514ab1020, 0x0000011514d890f0
}

Java Threads: ( => current thread )
  0x00000114bbaf2470 JavaThread "main"                              [_thread_in_Java, id=10412, stack(0x000000044a900000,0x000000044aa00000) (1024K)]
  0x00000114bbb90fa0 JavaThread "Reference Handler"          daemon [_thread_blocked, id=17492, stack(0x000000044ad00000,0x000000044ae00000) (1024K)]
  0x00000114bbb923b0 JavaThread "Finalizer"                  daemon [_thread_blocked, id=11560, stack(0x000000044ae00000,0x000000044af00000) (1024K)]
  0x00000114bbb93650 JavaThread "Signal Dispatcher"          daemon [_thread_blocked, id=5524, stack(0x000000044af00000,0x000000044b000000) (1024K)]
  0x00000114bbb94560 JavaThread "Attach Listener"            daemon [_thread_blocked, id=8972, stack(0x000000044b000000,0x000000044b100000) (1024K)]
  0x00000114bbb95470 JavaThread "Service Thread"             daemon [_thread_blocked, id=3472, stack(0x000000044b100000,0x000000044b200000) (1024K)]
  0x00000114bbb970d0 JavaThread "Monitor Deflation Thread"   daemon [_thread_blocked, id=12060, stack(0x000000044b200000,0x000000044b300000) (1024K)]
=>0x00000114bbb99f10 JavaThread "C2 CompilerThread0"         daemon [_thread_in_native, id=1724, stack(0x000000044b300000,0x000000044b400000) (1024K)]
  0x00000114bbba7870 JavaThread "C1 CompilerThread0"         daemon [_thread_blocked, id=9720, stack(0x000000044b400000,0x000000044b500000) (1024K)]
  0x0000011514ab1020 JavaThread "Common-Cleaner"             daemon [_thread_blocked, id=6100, stack(0x000000044b500000,0x000000044b600000) (1024K)]
  0x0000011514d890f0 JavaThread "Notification Thread"        daemon [_thread_blocked, id=21988, stack(0x000000044b600000,0x000000044b700000) (1024K)]
Total: 11

Other Threads:
  0x00000114d2574b20 VMThread "VM Thread"                           [id=12144, stack(0x000000044ac00000,0x000000044ad00000) (1024K)]
  0x00000114bbb5dc00 WatcherThread "VM Periodic Task Thread"        [id=14672, stack(0x000000044ab00000,0x000000044ac00000) (1024K)]
  0x00000114bbb0f770 WorkerThread "GC Thread#0"                     [id=21692, stack(0x000000044aa00000,0x000000044ab00000) (1024K)]
  0x000001151a0c6360 WorkerThread "GC Thread#1"                     [id=15748, stack(0x000000044b700000,0x000000044b800000) (1024K)]
  0x000001151a057060 WorkerThread "GC Thread#2"                     [id=9804, stack(0x000000044b800000,0x000000044b900000) (1024K)]
  0x000001151a057400 WorkerThread "GC Thread#3"                     [id=19964, stack(0x000000044b900000,0x000000044ba00000) (1024K)]
  0x000001151a0577a0 WorkerThread "GC Thread#4"                     [id=2604, stack(0x000000044ba00000,0x000000044bb00000) (1024K)]
  0x000001151a057b40 WorkerThread "GC Thread#5"                     [id=16816, stack(0x000000044bb00000,0x000000044bc00000) (1024K)]
  0x000001151a0c8a80 WorkerThread "GC Thread#6"                     [id=9284, stack(0x000000044bc00000,0x000000044bd00000) (1024K)]
Total: 9

Threads with active compile tasks:
C2 CompilerThread0  2114 1274   !   4       lombok.patcher.ScriptManager$OurClassFileTransformer::transform (473 bytes)
Total: 1

VM state: not at safepoint (normal execution)

VM Mutex/Monitor currently owned by a thread: None

Heap address: 0x0000000080000000, size: 2048 MB, Compressed Oops mode: 32-bit

CDS archive(s) mapped at: [0x00000114d3000000-0x00000114d3ba0000-0x00000114d3ba0000), size 12189696, SharedBaseAddress: 0x00000114d3000000, ArchiveRelocationMode: 1.
Compressed class space mapped at: 0x00000114d4000000-0x0000011514000000, reserved size: 1073741824
Narrow klass base: 0x00000114d3000000, Narrow klass shift: 0, Narrow klass range: 0x100000000

GC Precious Log:
 CardTable entry size: 512
 CPUs: 12 total, 12 available
 Memory: 7922M
 Large Page Support: Disabled
 NUMA Support: Disabled
 Compressed Oops: Enabled (32-bit)
 Alignments: Space 512K, Generation 512K, Heap 2M
 Heap Min Capacity: 100M
 Heap Initial Capacity: 100M
 Heap Max Capacity: 2G
 Pre-touch: Disabled
 Parallel Workers: 10

Heap:
 PSYoungGen      total 29696K, used 11513K [0x00000000d5580000, 0x00000000d7680000, 0x0000000100000000)
  eden space 25600K, 32% used [0x00000000d5580000,0x00000000d5d86508,0x00000000d6e80000)
  from space 4096K, 80% used [0x00000000d6e80000,0x00000000d71b8158,0x00000000d7280000)
  to   space 4096K, 0% used [0x00000000d7280000,0x00000000d7280000,0x00000000d7680000)
 ParOldGen       total 68608K, used 16K [0x0000000080000000, 0x0000000084300000, 0x00000000d5580000)
  object space 68608K, 0% used [0x0000000080000000,0x0000000080004000,0x0000000084300000)
 Metaspace       used 6128K, committed 6400K, reserved 1114112K
  class space    used 636K, committed 768K, reserved 1048576K

Card table byte_map: [0x00000114bb490000,0x00000114bb8a0000] _byte_map_base: 0x00000114bb090000

Marking Bits: (ParMarkBitMap*) 0x00007fff1619a340
 Begin Bits: [0x00000114cdf90000, 0x00000114cff90000)
 End Bits:   [0x00000114cff90000, 0x00000114d1f90000)

Polling page: 0x00000114b99c0000

Metaspace:

Usage:
  Non-class:      5.36 MB used.
      Class:    636.59 KB used.
       Both:      5.99 MB used.

Virtual space:
  Non-class space:       64.00 MB reserved,       5.50 MB (  9%) committed,  1 nodes.
      Class space:        1.00 GB reserved,     768.00 KB ( <1%) committed,  1 nodes.
             Both:        1.06 GB reserved,       6.25 MB ( <1%) committed. 

Chunk freelists:
   Non-Class:  10.08 MB
       Class:  15.07 MB
        Both:  25.15 MB

MaxMetaspaceSize: unlimited
CompressedClassSpaceSize: 1.00 GB
Initial GC threshold: 21.00 MB
Current GC threshold: 21.00 MB
CDS: on
 - commit_granule_bytes: 65536.
 - commit_granule_words: 8192.
 - virtual_space_node_default_size: 8388608.
 - enlarge_chunks_in_place: 1.
 - use_allocation_guard: 0.


Internal statistics:

num_allocs_failed_limit: 0.
num_arena_births: 198.
num_arena_deaths: 0.
num_vsnodes_births: 2.
num_vsnodes_deaths: 0.
num_space_committed: 100.
num_space_uncommitted: 0.
num_chunks_returned_to_freelist: 0.
num_chunks_taken_from_freelist: 316.
num_chunk_merges: 0.
num_chunk_splits: 204.
num_chunks_enlarged: 130.
num_inconsistent_stats: 0.

CodeHeap 'non-profiled nmethods': size=120000Kb used=466Kb max_used=466Kb free=119533Kb
 bounds [0x00000114c67b0000, 0x00000114c6a20000, 0x00000114cdce0000]
CodeHeap 'profiled nmethods': size=120000Kb used=2281Kb max_used=2281Kb free=117718Kb
 bounds [0x00000114bece0000, 0x00000114bef50000, 0x00000114c6210000]
CodeHeap 'non-nmethods': size=5760Kb used=1215Kb max_used=1235Kb free=4544Kb
 bounds [0x00000114c6210000, 0x00000114c6480000, 0x00000114c67b0000]
CodeCache: size=245760Kb, used=3962Kb, max_used=3982Kb, free=241795Kb
 total_blobs=1792, nmethods=1323, adapters=376, full_count=0
Compilation: enabled, stopped_count=0, restarted_count=0

Compilation events (20 events):
Event: 2.068 Thread 0x00000114bbba7870 nmethod 1270 0x00000114beef5810 code [0x00000114beef59c0, 0x00000114beef5bf8]
Event: 2.068 Thread 0x00000114bbba7870 1271       3       java.lang.Long::numberOfTrailingZeros (26 bytes)
Event: 2.069 Thread 0x00000114bbba7870 nmethod 1271 0x00000114beef5c90 code [0x00000114beef5e60, 0x00000114beef6010]
Event: 2.069 Thread 0x00000114bbba7870 1260       3       jdk.internal.reflect.DirectMethodHandleAccessor::invokeImpl (108 bytes)
Event: 2.069 Thread 0x00000114bbb99f10 nmethod 1263 0x00000114c6822c90 code [0x00000114c6822e40, 0x00000114c6823430]
Event: 2.069 Thread 0x00000114bbb99f10 1272       4       java.lang.StringBuilder::toString (9 bytes)
Event: 2.070 Thread 0x00000114bbba7870 nmethod 1260 0x00000114beef6110 code [0x00000114beef6460, 0x00000114beef7e50]
Event: 2.070 Thread 0x00000114bbba7870 1262       3       jdk.internal.reflect.DirectMethodHandleAccessor::checkReceiver (25 bytes)
Event: 2.070 Thread 0x00000114bbba7870 nmethod 1262 0x00000114beef8510 code [0x00000114beef86e0, 0x00000114beef8958]
Event: 2.070 Thread 0x00000114bbba7870 1265       3       java.lang.StringLatin1::getChar (9 bytes)
Event: 2.070 Thread 0x00000114bbba7870 nmethod 1265 0x00000114beef8a90 code [0x00000114beef8c20, 0x00000114beef8d40]
Event: 2.072 Thread 0x00000114bbba7870 1273       3       java.util.zip.ZipFile$Source::getEntryPos (164 bytes)
Event: 2.073 Thread 0x00000114bbba7870 nmethod 1273 0x00000114beef8e10 code [0x00000114beef9060, 0x00000114beef9938]
Event: 2.075 Thread 0x00000114bbb99f10 nmethod 1272 0x00000114c6823690 code [0x00000114c6823840, 0x00000114c6823db0]
Event: 2.077 Thread 0x00000114bbb99f10 1274   !   4       lombok.patcher.ScriptManager$OurClassFileTransformer::transform (473 bytes)
Event: 2.080 Thread 0x00000114bbba7870 1275       3       sun.net.www.protocol.jar.Handler::checkNestedProtocol (18 bytes)
Event: 2.081 Thread 0x00000114bbba7870 nmethod 1275 0x00000114beef9e10 code [0x00000114beef9fc0, 0x00000114beefa198]
Event: 2.081 Thread 0x00000114bbba7870 1276   !   3       java.util.jar.JarVerifier::processEntry (437 bytes)
Event: 2.084 Thread 0x00000114bbba7870 nmethod 1276 0x00000114beefa290 code [0x00000114beefa7a0, 0x00000114beefce70]
Event: 2.090 Thread 0x00000114bbba7870 1278       3       sun.net.www.protocol.jar.Handler::parseURL (173 bytes)

GC Heap History (2 events):
Event: 1.785 GC heap before
{Heap before GC invocations=1 (full 0):
 PSYoungGen      total 29696K, used 25600K [0x00000000d5580000, 0x00000000d7680000, 0x0000000100000000)
  eden space 25600K, 100% used [0x00000000d5580000,0x00000000d6e80000,0x00000000d6e80000)
  from space 4096K, 0% used [0x00000000d7280000,0x00000000d7280000,0x00000000d7680000)
  to   space 4096K, 0% used [0x00000000d6e80000,0x00000000d6e80000,0x00000000d7280000)
 ParOldGen       total 68608K, used 0K [0x0000000080000000, 0x0000000084300000, 0x00000000d5580000)
  object space 68608K, 0% used [0x0000000080000000,0x0000000080000000,0x0000000084300000)
 Metaspace       used 4478K, committed 4672K, reserved 1114112K
  class space    used 491K, committed 576K, reserved 1048576K
}
Event: 1.797 GC heap after
{Heap after GC invocations=1 (full 0):
 PSYoungGen      total 29696K, used 3296K [0x00000000d5580000, 0x00000000d7680000, 0x0000000100000000)
  eden space 25600K, 0% used [0x00000000d5580000,0x00000000d5580000,0x00000000d6e80000)
  from space 4096K, 80% used [0x00000000d6e80000,0x00000000d71b8158,0x00000000d7280000)
  to   space 4096K, 0% used [0x00000000d7280000,0x00000000d7280000,0x00000000d7680000)
 ParOldGen       total 68608K, used 16K [0x0000000080000000, 0x0000000084300000, 0x00000000d5580000)
  object space 68608K, 0% used [0x0000000080000000,0x0000000080004000,0x0000000084300000)
 Metaspace       used 4478K, committed 4672K, reserved 1114112K
  class space    used 491K, committed 576K, reserved 1048576K
}

Dll operation events (8 events):
Event: 0.155 Loaded shared library c:\Users\Admin\.vscode\extensions\redhat.java-1.47.0-win32-x64\jre\21.0.8-win32-x86_64\bin\java.dll
Event: 0.412 Loaded shared library c:\Users\Admin\.vscode\extensions\redhat.java-1.47.0-win32-x64\jre\21.0.8-win32-x86_64\bin\zip.dll
Event: 0.457 Loaded shared library C:\Users\Admin\.vscode\extensions\redhat.java-1.47.0-win32-x64\jre\21.0.8-win32-x86_64\bin\instrument.dll
Event: 0.489 Loaded shared library C:\Users\Admin\.vscode\extensions\redhat.java-1.47.0-win32-x64\jre\21.0.8-win32-x86_64\bin\net.dll
Event: 0.513 Loaded shared library C:\Users\Admin\.vscode\extensions\redhat.java-1.47.0-win32-x64\jre\21.0.8-win32-x86_64\bin\nio.dll
Event: 0.522 Loaded shared library C:\Users\Admin\.vscode\extensions\redhat.java-1.47.0-win32-x64\jre\21.0.8-win32-x86_64\bin\zip.dll
Event: 0.569 Loaded shared library C:\Users\Admin\.vscode\extensions\redhat.java-1.47.0-win32-x64\jre\21.0.8-win32-x86_64\bin\jimage.dll
Event: 0.764 Loaded shared library c:\Users\Admin\.vscode\extensions\redhat.java-1.47.0-win32-x64\jre\21.0.8-win32-x86_64\bin\verify.dll

Deoptimization events (20 events):
Event: 1.880 Thread 0x00000114bbaf2470 Uncommon trap: trap_request=0xffffffde fr.pc=0x00000114c67ea7a4 relative=0x00000000000001e4
Event: 1.880 Thread 0x00000114bbaf2470 Uncommon trap: reason=class_check action=maybe_recompile pc=0x00000114c67ea7a4 method=java.util.Collections$UnmodifiableCollection$1.next()Ljava/lang/Object; @ 4 c2
Event: 1.880 Thread 0x00000114bbaf2470 DEOPT PACKING pc=0x00000114c67ea7a4 sp=0x000000044a9fe880
Event: 1.880 Thread 0x00000114bbaf2470 DEOPT UNPACKING pc=0x00000114c6266da2 sp=0x000000044a9fe830 mode 2
Event: 1.880 Thread 0x00000114bbaf2470 Uncommon trap: trap_request=0xffffffde fr.pc=0x00000114c67ea7a4 relative=0x00000000000001e4
Event: 1.880 Thread 0x00000114bbaf2470 Uncommon trap: reason=class_check action=maybe_recompile pc=0x00000114c67ea7a4 method=java.util.Collections$UnmodifiableCollection$1.next()Ljava/lang/Object; @ 4 c2
Event: 1.880 Thread 0x00000114bbaf2470 DEOPT PACKING pc=0x00000114c67ea7a4 sp=0x000000044a9fe880
Event: 1.880 Thread 0x00000114bbaf2470 DEOPT UNPACKING pc=0x00000114c6266da2 sp=0x000000044a9fe830 mode 2
Event: 1.883 Thread 0x00000114bbaf2470 Uncommon trap: trap_request=0xffffff45 fr.pc=0x00000114c6805860 relative=0x0000000000000900
Event: 1.883 Thread 0x00000114bbaf2470 Uncommon trap: reason=unstable_if action=reinterpret pc=0x00000114c6805860 method=java.util.HashMap.hash(Ljava/lang/Object;)I @ 1 c2
Event: 1.883 Thread 0x00000114bbaf2470 DEOPT PACKING pc=0x00000114c6805860 sp=0x000000044a9fe860
Event: 1.883 Thread 0x00000114bbaf2470 DEOPT UNPACKING pc=0x00000114c6266da2 sp=0x000000044a9fe7e0 mode 2
Event: 1.883 Thread 0x00000114bbaf2470 Uncommon trap: trap_request=0xffffff45 fr.pc=0x00000114c68180bc relative=0x000000000000027c
Event: 1.883 Thread 0x00000114bbaf2470 Uncommon trap: reason=unstable_if action=reinterpret pc=0x00000114c68180bc method=java.util.HashMap.hash(Ljava/lang/Object;)I @ 1 c2
Event: 1.883 Thread 0x00000114bbaf2470 DEOPT PACKING pc=0x00000114c68180bc sp=0x000000044a9fe760
Event: 1.883 Thread 0x00000114bbaf2470 DEOPT UNPACKING pc=0x00000114c6266da2 sp=0x000000044a9fe658 mode 2
Event: 1.884 Thread 0x00000114bbaf2470 Uncommon trap: trap_request=0xffffff45 fr.pc=0x00000114c680bbd0 relative=0x00000000000000b0
Event: 1.884 Thread 0x00000114bbaf2470 Uncommon trap: reason=unstable_if action=reinterpret pc=0x00000114c680bbd0 method=java.util.HashMap.hash(Ljava/lang/Object;)I @ 1 c2
Event: 1.884 Thread 0x00000114bbaf2470 DEOPT PACKING pc=0x00000114c680bbd0 sp=0x000000044a9fe6a0
Event: 1.884 Thread 0x00000114bbaf2470 DEOPT UNPACKING pc=0x00000114c6266da2 sp=0x000000044a9fe638 mode 2

Classes loaded (20 events):
Event: 2.004 Loading class java/util/concurrent/LinkedTransferQueue$DualNode
Event: 2.005 Loading class java/util/concurrent/LinkedTransferQueue$DualNode done
Event: 2.008 Loading class java/util/concurrent/RejectedExecutionHandler
Event: 2.008 Loading class java/util/concurrent/RejectedExecutionHandler done
Event: 2.008 Loading class java/util/concurrent/LinkedBlockingQueue
Event: 2.009 Loading class java/util/concurrent/LinkedBlockingQueue done
Event: 2.009 Loading class java/util/concurrent/LinkedBlockingQueue$Node
Event: 2.009 Loading class java/util/concurrent/LinkedBlockingQueue$Node done
Event: 2.032 Loading class java/util/concurrent/Semaphore$NonfairSync
Event: 2.032 Loading class java/util/concurrent/Semaphore$Sync
Event: 2.032 Loading class java/util/concurrent/Semaphore$Sync done
Event: 2.032 Loading class java/util/concurrent/Semaphore$NonfairSync done
Event: 2.054 Loading class java/lang/reflect/TypeVariable
Event: 2.054 Loading class java/lang/reflect/TypeVariable done
Event: 2.054 Loading class java/lang/InstantiationException
Event: 2.054 Loading class java/lang/InstantiationException done
Event: 2.055 Loading class java/lang/reflect/AnnotatedType
Event: 2.055 Loading class java/lang/reflect/AnnotatedType done
Event: 2.064 Loading class java/util/ComparableTimSort
Event: 2.065 Loading class java/util/ComparableTimSort done

Classes unloaded (0 events):
No events

Classes redefined (0 events):
No events

Internal exceptions (20 events):
Event: 1.378 Thread 0x00000114bbaf2470 Exception <a 'java/io/FileNotFoundException'{0x00000000d64c9b20}> (0x00000000d64c9b20) 
thrown [s\src\hotspot\share\prims\jni.cpp, line 520]
Event: 1.382 Thread 0x00000114bbaf2470 Implicit null exception at 0x00000114c67e16a4 to 0x00000114c67e1ca4
Event: 1.382 Thread 0x00000114bbaf2470 Implicit null exception at 0x00000114c67e3020 to 0x00000114c67e3618
Event: 1.384 Thread 0x00000114bbaf2470 Exception <a 'java/io/FileNotFoundException'{0x00000000d6501f70}> (0x00000000d6501f70) 
thrown [s\src\hotspot\share\prims\jni.cpp, line 520]
Event: 1.394 Thread 0x00000114bbaf2470 Exception <a 'java/lang/NoSuchMethodError'{0x00000000d653a380}: 'java.lang.Object java.lang.invoke.DirectMethodHandle$Holder.invokeInterface(java.lang.Object, java.lang.Object)'> (0x00000000d653a380) 
thrown [s\src\hotspot\share\interpreter\linkResolver.cpp, line 773]
Event: 1.398 Thread 0x00000114bbaf2470 Exception <a 'java/lang/NoSuchMethodError'{0x00000000d654d990}: 'java.lang.Object java.lang.invoke.Invokers$Holder.invokeExact_MT(java.lang.Object, java.lang.Object, java.lang.Object, java.lang.Object, java.lang.Object, java.lang.Object)'> (0x00000000d654d990) 
thrown [s\src\hotspot\share\interpreter\linkResolver.cpp, line 773]
Event: 1.400 Thread 0x00000114bbaf2470 Exception <a 'java/lang/NoSuchMethodError'{0x00000000d6564be8}: 'int java.lang.invoke.DirectMethodHandle$Holder.invokeStatic(java.lang.Object, java.lang.Object, java.lang.Object, java.lang.Object, java.lang.Object)'> (0x00000000d6564be8) 
thrown [s\src\hotspot\share\interpreter\linkResolver.cpp, line 773]
Event: 1.466 Thread 0x00000114bbaf2470 Exception <a 'java/lang/NoSuchMethodError'{0x00000000d65f85a8}: 'java.lang.Object java.lang.invoke.DirectMethodHandle$Holder.invokeInterface(java.lang.Object, java.lang.Object, int)'> (0x00000000d65f85a8) 
thrown [s\src\hotspot\share\interpreter\linkResolver.cpp, line 773]
Event: 1.535 Thread 0x00000114bbaf2470 Exception <a 'sun/nio/fs/WindowsException'{0x00000000d663de68}> (0x00000000d663de68) 
thrown [s\src\hotspot\share\prims\jni.cpp, line 520]
Event: 1.536 Thread 0x00000114bbaf2470 Exception <a 'sun/nio/fs/WindowsException'{0x00000000d6643210}> (0x00000000d6643210) 
thrown [s\src\hotspot\share\prims\jni.cpp, line 520]
Event: 1.716 Thread 0x00000114bbaf2470 Exception <a 'java/lang/NoSuchMethodError'{0x00000000d6aab700}: 'java.lang.ClassLoader java.lang.ClassLoader.getPlatformClassLoader(java.lang.Class)'> (0x00000000d6aab700) 
thrown [s\src\hotspot\share\interpreter\linkResolver.cpp, line 773]
Event: 1.815 Thread 0x00000114bbaf2470 Exception <a 'java/lang/ClassNotFoundException'{0x00000000d55c83e8}: sun/net/www/protocol/c/Handler> (0x00000000d55c83e8) 
thrown [s\src\hotspot\share\classfile\systemDictionary.cpp, line 312]
Event: 1.816 Thread 0x00000114bbaf2470 Exception <a 'java/lang/ClassNotFoundException'{0x00000000d55c9718}: sun/net/www/protocol/f/Handler> (0x00000000d55c9718) 
thrown [s\src\hotspot\share\classfile\systemDictionary.cpp, line 312]
Event: 1.816 Thread 0x00000114bbaf2470 Exception <a 'java/lang/ClassNotFoundException'{0x00000000d55ca868}: sun/net/www/protocol/c/Handler> (0x00000000d55ca868) 
thrown [s\src\hotspot\share\classfile\systemDictionary.cpp, line 312]
Event: 1.829 Thread 0x00000114bbaf2470 Exception <a 'java/io/FileNotFoundException'{0x00000000d55f2f50}> (0x00000000d55f2f50) 
thrown [s\src\hotspot\share\prims\jni.cpp, line 520]
Event: 1.883 Thread 0x00000114bbaf2470 Implicit null exception at 0x00000114c6804fa9 to 0x00000114c6805848
Event: 1.883 Thread 0x00000114bbaf2470 Implicit null exception at 0x00000114c6817e9a to 0x00000114c68180a4
Event: 1.883 Thread 0x00000114bbaf2470 Exception <a 'java/lang/NoSuchMethodError'{0x00000000d5763c18}: 'void java.lang.invoke.DirectMethodHandle$Holder.invokeStatic(java.lang.Object, java.lang.Object, java.lang.Object, java.lang.Object)'> (0x00000000d5763c18) 
thrown [s\src\hotspot\share\interpreter\linkResolver.cpp, line 773]
Event: 1.884 Thread 0x00000114bbaf2470 Implicit null exception at 0x00000114c680bb3d to 0x00000114c680bbc1
Event: 2.057 Thread 0x00000114bbaf2470 Exception <a 'java/lang/NoSuchMethodError'{0x00000000d5ba1c98}: 'int java.lang.invoke.DirectMethodHandle$Holder.invokeVirtual(java.lang.Object, java.lang.Object)'> (0x00000000d5ba1c98) 
thrown [s\src\hotspot\share\interpreter\linkResolver.cpp, line 773]

ZGC Phase Switch (0 events):
No events

VM Operations (12 events):
Event: 0.387 Executing VM operation: HandshakeAllThreads (Deoptimize)
Event: 0.387 Executing VM operation: HandshakeAllThreads (Deoptimize) done
Event: 0.602 Executing VM operation: HandshakeAllThreads (Deoptimize)
Event: 0.602 Executing VM operation: HandshakeAllThreads (Deoptimize) done
Event: 1.288 Executing VM operation: HandshakeAllThreads (Deoptimize)
Event: 1.288 Executing VM operation: HandshakeAllThreads (Deoptimize) done
Event: 1.288 Executing VM operation: Cleanup
Event: 1.288 Executing VM operation: Cleanup done
Event: 1.310 Executing VM operation: HandshakeAllThreads (Deoptimize)
Event: 1.310 Executing VM operation: HandshakeAllThreads (Deoptimize) done
Event: 1.785 Executing VM operation: ParallelGCFailedAllocation (Allocation Failure)
Event: 1.797 Executing VM operation: ParallelGCFailedAllocation (Allocation Failure) done

Memory protections (0 events):
No events

Nmethod flushes (0 events):
No events

Events (11 events):
Event: 0.270 Thread 0x00000114bbaf2470 Thread added: 0x00000114bbaf2470
Event: 0.315 Thread 0x00000114bbaf2470 Thread added: 0x00000114bbb90fa0
Event: 0.315 Thread 0x00000114bbaf2470 Thread added: 0x00000114bbb923b0
Event: 0.315 Thread 0x00000114bbaf2470 Thread added: 0x00000114bbb93650
Event: 0.315 Thread 0x00000114bbaf2470 Thread added: 0x00000114bbb94560
Event: 0.316 Thread 0x00000114bbaf2470 Thread added: 0x00000114bbb95470
Event: 0.316 Thread 0x00000114bbaf2470 Thread added: 0x00000114bbb970d0
Event: 0.316 Thread 0x00000114bbaf2470 Thread added: 0x00000114bbb99f10
Event: 0.317 Thread 0x00000114bbaf2470 Thread added: 0x00000114bbba7870
Event: 0.362 Thread 0x00000114bbaf2470 Thread added: 0x0000011514ab1020
Event: 1.005 Thread 0x00000114bbaf2470 Thread added: 0x0000011514d890f0


Dynamic libraries:
0x00007ff77b900000 - 0x00007ff77b90e000 	c:\Users\Admin\.vscode\extensions\redhat.java-1.47.0-win32-x64\jre\21.0.8-win32-x86_64\bin\java.exe
0x00007fffbf570000 - 0x00007fffbf788000 	C:\WINDOWS\SYSTEM32\ntdll.dll
0x00007fffbe130000 - 0x00007fffbe1f4000 	C:\WINDOWS\System32\KERNEL32.DLL
0x00007fffbcb50000 - 0x00007fffbcf23000 	C:\WINDOWS\System32\KERNELBASE.dll
0x00007fffbc900000 - 0x00007fffbca11000 	C:\WINDOWS\System32\ucrtbase.dll
0x00007fffab150000 - 0x00007fffab16e000 	c:\Users\Admin\.vscode\extensions\redhat.java-1.47.0-win32-x64\jre\21.0.8-win32-x86_64\bin\VCRUNTIME140.dll
0x00007fffab170000 - 0x00007fffab188000 	c:\Users\Admin\.vscode\extensions\redhat.java-1.47.0-win32-x64\jre\21.0.8-win32-x86_64\bin\jli.dll
0x00007fffbd720000 - 0x00007fffbd8d2000 	C:\WINDOWS\System32\USER32.dll
0x00007fffbcf30000 - 0x00007fffbcf56000 	C:\WINDOWS\System32\win32u.dll
0x00007fffbd4e0000 - 0x00007fffbd509000 	C:\WINDOWS\System32\GDI32.dll
0x00007fffbca20000 - 0x00007fffbcb43000 	C:\WINDOWS\System32\gdi32full.dll
0x00007fffbc6a0000 - 0x00007fffbc73a000 	C:\WINDOWS\System32\msvcp_win.dll
0x00007fffa0d00000 - 0x00007fffa0f9c000 	C:\WINDOWS\WinSxS\amd64_microsoft.windows.common-controls_6595b64144ccf1df_6.0.22621.6060_none_2712eda17382d24b\COMCTL32.dll
0x00007fffbd670000 - 0x00007fffbd717000 	C:\WINDOWS\System32\msvcrt.dll
0x00007fffbe7d0000 - 0x00007fffbe801000 	C:\WINDOWS\System32\IMM32.DLL
0x00007fffab140000 - 0x00007fffab14c000 	c:\Users\Admin\.vscode\extensions\redhat.java-1.47.0-win32-x64\jre\21.0.8-win32-x86_64\bin\vcruntime140_1.dll
0x00007fff7d210000 - 0x00007fff7d29d000 	c:\Users\Admin\.vscode\extensions\redhat.java-1.47.0-win32-x64\jre\21.0.8-win32-x86_64\bin\msvcp140.dll
0x00007fff154e0000 - 0x00007fff16277000 	c:\Users\Admin\.vscode\extensions\redhat.java-1.47.0-win32-x64\jre\21.0.8-win32-x86_64\bin\server\jvm.dll
0x00007fffbd2b0000 - 0x00007fffbd361000 	C:\WINDOWS\System32\ADVAPI32.dll
0x00007fffbe3f0000 - 0x00007fffbe498000 	C:\WINDOWS\System32\sechost.dll
0x00007fffbc670000 - 0x00007fffbc698000 	C:\WINDOWS\System32\bcrypt.dll
0x00007fffbe4a0000 - 0x00007fffbe5b8000 	C:\WINDOWS\System32\RPCRT4.dll
0x00007fffbd460000 - 0x00007fffbd4d1000 	C:\WINDOWS\System32\WS2_32.dll
0x00007fffbb470000 - 0x00007fffbb4bd000 	C:\WINDOWS\SYSTEM32\POWRPROF.dll
0x00007fffb02e0000 - 0x00007fffb0314000 	C:\WINDOWS\SYSTEM32\WINMM.dll
0x00007fffaf830000 - 0x00007fffaf83a000 	C:\WINDOWS\SYSTEM32\VERSION.dll
0x00007fffbb450000 - 0x00007fffbb463000 	C:\WINDOWS\SYSTEM32\UMPDC.dll
0x00007fffbb700000 - 0x00007fffbb718000 	C:\WINDOWS\SYSTEM32\kernel.appcore.dll
0x00007fffa8570000 - 0x00007fffa857a000 	c:\Users\Admin\.vscode\extensions\redhat.java-1.47.0-win32-x64\jre\21.0.8-win32-x86_64\bin\jimage.dll
0x00007fffb99b0000 - 0x00007fffb9be3000 	C:\WINDOWS\SYSTEM32\DBGHELP.DLL
0x00007fffbf140000 - 0x00007fffbf4d2000 	C:\WINDOWS\System32\combase.dll
0x00007fffbe310000 - 0x00007fffbe3e8000 	C:\WINDOWS\System32\OLEAUT32.dll
0x00007fffa79e0000 - 0x00007fffa7a12000 	C:\WINDOWS\SYSTEM32\dbgcore.DLL
0x00007fffbc740000 - 0x00007fffbc7bb000 	C:\WINDOWS\System32\bcryptPrimitives.dll
0x00007fff87d70000 - 0x00007fff87d7f000 	c:\Users\Admin\.vscode\extensions\redhat.java-1.47.0-win32-x64\jre\21.0.8-win32-x86_64\bin\instrument.dll
0x00007fff81330000 - 0x00007fff8134f000 	c:\Users\Admin\.vscode\extensions\redhat.java-1.47.0-win32-x64\jre\21.0.8-win32-x86_64\bin\java.dll
0x00007fffbe8a0000 - 0x00007fffbf13e000 	C:\WINDOWS\System32\SHELL32.dll
0x00007fffbc7c0000 - 0x00007fffbc8ff000 	C:\WINDOWS\System32\wintypes.dll
0x00007fffba510000 - 0x00007fffbae28000 	C:\WINDOWS\SYSTEM32\windows.storage.dll
0x00007fffbd8f0000 - 0x00007fffbd9f4000 	C:\WINDOWS\System32\SHCORE.dll
0x00007fffbe830000 - 0x00007fffbe899000 	C:\WINDOWS\System32\shlwapi.dll
0x00007fffbc5a0000 - 0x00007fffbc5c5000 	C:\WINDOWS\SYSTEM32\profapi.dll
0x00007fff80970000 - 0x00007fff80988000 	c:\Users\Admin\.vscode\extensions\redhat.java-1.47.0-win32-x64\jre\21.0.8-win32-x86_64\bin\zip.dll
0x00007fff85b00000 - 0x00007fff85b10000 	C:\Users\Admin\.vscode\extensions\redhat.java-1.47.0-win32-x64\jre\21.0.8-win32-x86_64\bin\net.dll
0x00007fffb2650000 - 0x00007fffb277c000 	C:\WINDOWS\SYSTEM32\WINHTTP.dll
0x00007fffbbc10000 - 0x00007fffbbc79000 	C:\WINDOWS\system32\mswsock.dll
0x00007fff853a0000 - 0x00007fff853b6000 	C:\Users\Admin\.vscode\extensions\redhat.java-1.47.0-win32-x64\jre\21.0.8-win32-x86_64\bin\nio.dll
0x00007fff85350000 - 0x00007fff85360000 	c:\Users\Admin\.vscode\extensions\redhat.java-1.47.0-win32-x64\jre\21.0.8-win32-x86_64\bin\verify.dll

JVMTI agents:
c:\Users\Admin\.vscode\extensions\redhat.java-1.47.0-win32-x64\lombok\lombok-1.18.39-4050.jar path:c:\Users\Admin\.vscode\extensions\redhat.java-1.47.0-win32-x64\jre\21.0.8-win32-x86_64\bin\instrument.dll, loaded, initialized, instrumentlib options:none

dbghelp: loaded successfully - version: 4.0.5 - missing functions: none
symbol engine: initialized successfully - sym options: 0x614 - pdb path: .;c:\Users\Admin\.vscode\extensions\redhat.java-1.47.0-win32-x64\jre\21.0.8-win32-x86_64\bin;C:\WINDOWS\SYSTEM32;C:\WINDOWS\WinSxS\amd64_microsoft.windows.common-controls_6595b64144ccf1df_6.0.22621.6060_none_2712eda17382d24b;c:\Users\Admin\.vscode\extensions\redhat.java-1.47.0-win32-x64\jre\21.0.8-win32-x86_64\bin\server

VM Arguments:
jvm_args: --add-modules=ALL-SYSTEM --add-opens=java.base/java.util=ALL-UNNAMED --add-opens=java.base/java.lang=ALL-UNNAMED --add-opens=java.base/sun.nio.fs=ALL-UNNAMED -Declipse.application=org.eclipse.jdt.ls.core.id1 -Dosgi.bundles.defaultStartLevel=4 -Declipse.product=org.eclipse.jdt.ls.core.product -Djava.import.generatesMetadataFilesAtProjectRoot=false -DDetectVMInstallationsJob.disabled=true -Dfile.encoding=utf8 -XX:+UseParallelGC -XX:GCTimeRatio=4 -XX:AdaptiveSizePolicyWeight=90 -Dsun.zip.disableMemoryMapping=true -Xmx2G -Xms100m -Xlog:disable -javaagent:c:\Users\Admin\.vscode\extensions\redhat.java-1.47.0-win32-x64\lombok\lombok-1.18.39-4050.jar -XX:+HeapDumpOnOutOfMemoryError -XX:HeapDumpPath=c:\Users\Admin\AppData\Roaming\Code\User\workspaceStorage\a23788f5b74dcf48517ce5fa43faa16f\redhat.java -Daether.dependencyCollector.impl=bf 
java_command: c:\Users\Admin\.vscode\extensions\redhat.java-1.47.0-win32-x64\server\plugins\org.eclipse.equinox.launcher_1.7.100.v20251014-1222.jar -configuration c:\Users\Admin\AppData\Roaming\Code\User\globalStorage\redhat.java\1.47.0\config_win -data c:\Users\Admin\AppData\Roaming\Code\User\workspaceStorage\a23788f5b74dcf48517ce5fa43faa16f\redhat.java\jdt_ws --pipe=\\.\pipe\lsp-03d33b0618c994e363466fdb435bd5c9-sock
java_class_path (initial): c:\Users\Admin\.vscode\extensions\redhat.java-1.47.0-win32-x64\server\plugins\org.eclipse.equinox.launcher_1.7.100.v20251014-1222.jar
Launcher Type: SUN_STANDARD

[Global flags]
    uintx AdaptiveSizePolicyWeight                 = 90                                        {product} {command line}
     intx CICompilerCount                          = 4                                         {product} {ergonomic}
    uintx GCTimeRatio                              = 4                                         {product} {command line}
     bool HeapDumpOnOutOfMemoryError               = true                                   {manageable} {command line}
    ccstr HeapDumpPath                             = c:\Users\Admin\AppData\Roaming\Code\User\workspaceStorage\a23788f5b74dcf48517ce5fa43faa16f\redhat.java         {manageable} {command line}
   size_t InitialHeapSize                          = 104857600                                 {product} {command line}
   size_t MaxHeapSize                              = 2147483648                                {product} {command line}
   size_t MaxNewSize                               = 715653120                                 {product} {ergonomic}
   size_t MinHeapDeltaBytes                        = 524288                                    {product} {ergonomic}
   size_t MinHeapSize                              = 104857600                                 {product} {command line}
   size_t NewSize                                  = 34603008                                  {product} {ergonomic}
    uintx NonNMethodCodeHeapSize                   = 5839372                                {pd product} {ergonomic}
    uintx NonProfiledCodeHeapSize                  = 122909434                              {pd product} {ergonomic}
   size_t OldSize                                  = 70254592                                  {product} {ergonomic}
    uintx ProfiledCodeHeapSize                     = 122909434                              {pd product} {ergonomic}
    uintx ReservedCodeCacheSize                    = 251658240                              {pd product} {ergonomic}
     bool SegmentedCodeCache                       = true                                      {product} {ergonomic}
   size_t SoftMaxHeapSize                          = 2147483648                             {manageable} {ergonomic}
     bool UseCompressedOops                        = true                           {product lp64_product} {ergonomic}
     bool UseLargePagesIndividualAllocation        = false                                  {pd product} {ergonomic}
     bool UseParallelGC                            = true                                      {product} {command line}

Logging:
Log output configuration:
 #0: stdout all=off uptime,level,tags foldmultilines=false
 #1: stderr all=off uptime,level,tags foldmultilines=false

Environment Variables:
JAVA_HOME=C:\Users\Admin\Downloads\jdk-22_windows-x64_bin\jdk-22.0.1
PATH=C:\Python313\Scripts\;C:\Python313\;C:\Program Files\Common Files\Oracle\Java\javapath;C:\Program Files (x86)\Common Files\Oracle\Java\java8path;C:\Program Files (x86)\Common Files\Oracle\Java\javapath;C:\Program Files\Microsoft MPI\Bin\;C:\Windows\system32;C:\Windows;C:\Windows\System32\Wbem;C:\Windows\System32\WindowsPowerShell\v1.0\;C:\Windows\System32\OpenSSH\;C:\Program Files (x86)\NVIDIA Corporation\PhysX\Common;C:\Program Files\NVIDIA Corporation\NVIDIA NvDLISR;C:\WINDOWS\system32;C:\WINDOWS;C:\WINDOWS\System32\Wbem;C:\WINDOWS\System32\WindowsPowerShell\v1.0\;C:\WINDOWS\System32\OpenSSH\;C:\Program Files\dotnet\;C:\Program Files (x86)\Microsoft SQL Server\160\Tools\Binn\;C:\Program Files\Microsoft SQL Server\160\Tools\Binn\;C:\Program Files\Microsoft SQL Server\Client SDK\ODBC\170\Tools\Binn\;C:\Program Files\Microsoft SQL Server\160\DTS\Binn\;C:\Users\Admin\Downloads\jdk-22_windows-x64_bin\jdk-22.0.1\bin;C:\Users\Admin\Downloads\apache-maven-3.9.6\bin;C:\Users\Admin\Downloads\apache-maven-3.9.6\bin;C:\Users\Admin\Downloads\jdk-22_windows-x64_bin\myprj\movewar.bat;C:\Program Files\Git\cmd;C:\Program Files\nodejs\;C:\ProgramData\chocolatey\bin;C:\Program Files\Docker\Docker\resources\bin;C:\msys64\mingw64\bin;C:\Users\Admin\AppData\Local\Programs\Python\Launcher\;C:\Program Files\MySQL\MySQL Shell 8.0\bin\;C:\texlive\2022\bin\win32;C:\Users\Admin\AppData\Local\Microsoft\WindowsApps;C:\Users\Admin\AppData\Local\Programs\Microsoft VS Code\bin;C:\Program Files\Azure Data Studio\bin;C:\MinGW\bin;C:\Users\Admin\Downloads\apache-maven-3.9.6\bin\mvn;C:\Users\Admin\Downloads\jdk-22_windows-x64_bin\jdk-22.0.1\bin;C:\Users\Admin\AppData\Roaming\npm;C:\Programing Files\nodejs;F:\IntelliJ IDEA 2025.1\bin;
USERNAME=Admin
OS=Windows_NT
PROCESSOR_IDENTIFIER=Intel64 Family 6 Model 141 Stepping 1, GenuineIntel
TMP=C:\Users\Admin\AppData\Local\Temp
TEMP=C:\Users\Admin\AppData\Local\Temp




Periodic native trim disabled

---------------  S Y S T E M  ---------------

OS:
 Windows 11 , 64 bit Build 22621 (10.0.22621.5415)
OS uptime: 0 days 13:51 hours
Hyper-V role detected

CPU: total 12 (initial active 12) (6 cores per cpu, 2 threads per core) family 6 model 141 stepping 1 microcode 0x56, cx8, cmov, fxsr, ht, mmx, 3dnowpref, sse, sse2, sse3, ssse3, sse4.1, sse4.2, popcnt, lzcnt, tsc, tscinvbit, avx, avx2, aes, erms, clmul, bmi1, bmi2, adx, avx512f, avx512dq, avx512cd, avx512bw, avx512vl, sha, fma, vzeroupper, avx512_vpopcntdq, avx512_vpclmulqdq, avx512_vaes, avx512_vnni, clflush, clflushopt, clwb, avx512_vbmi2, avx512_vbmi, hv, rdtscp, rdpid, fsrm, gfni, avx512_bitalg, f16c, cet_ibt, cet_ss, avx512_ifma
Processor Information for the first 12 processors :
  Max Mhz: 2688, Current Mhz: 2688, Mhz Limit: 2688

Memory: 4k page, system-wide physical 7922M (351M free)
TotalPageFile size 16177M (AvailPageFile size 5M)
current process WorkingSet (physical memory assigned to process): 82M, peak: 82M
current process commit charge ("private bytes"): 241M, peak: 241M

vm_info: OpenJDK 64-Bit Server VM (21.0.8+9-LTS) for windows-amd64 JRE (21.0.8+9-LTS), built on 2025-07-15T00:00:00Z by "admin" with MS VC++ 17.7 (VS2022)

END.
